#
# A fatal error has been detected by the Java Runtime Environment:
#
#  EXCEPTION_ACCESS_VIOLATION (0xc0000005) at pc=0x00007ff9433b916c, pid=25828, tid=22756
#
# JRE version: Java(TM) SE Runtime Environment (13.0.2+8) (build 13.0.2+8)
# Java VM: Java HotSpot(TM) 64-Bit Server VM (13.0.2+8, mixed mode, sharing, tiered, compressed oops, g1 gc, windows-amd64)
# Problematic frame:
# V  [jvm.dll+0x52916c]
#
# No core dump will be written. Minidumps are not enabled by default on client versions of Windows
#
# If you would like to submit a bug report, please visit:
#   http://bugreport.java.com/bugreport/crash.jsp
#

---------------  S U M M A R Y ------------

Command Line: -Xmx300m -javaagent:C:\Program Files\JetBrains\IntelliJ IDEA 2019.3.3\lib\idea_rt.jar=14389:C:\Program Files\JetBrains\IntelliJ IDEA 2019.3.3\bin -Dfile.encoding=UTF-8 service.rmiserver.FileService

Host: Intel(R) Core(TM) i5-7200U CPU @ 2.50GHz, 4 cores, 7G,  Windows 10 , 64 bit Build 18362 (10.0.18362.329)
Time: Sat Mar 28 17:53:17 2020 ?D1¨²¡À¨º¡Á?¨º¡À?? elapsed time: 19 seconds (0d 0h 0m 19s)

---------------  T H R E A D  ---------------

Current thread (0x0000017c7d2be800):  JavaThread "ForkJoinPool.commonPool-worker-3" daemon [_thread_in_vm, id=22756, stack(0x000000768b900000,0x000000768ba00000)]

Stack: [0x000000768b900000,0x000000768ba00000],  sp=0x000000768b9fde70,  free space=1015k
Native frames: (J=compiled Java code, j=interpreted, Vv=VM code, C=native code)
V  [jvm.dll+0x52916c]
V  [jvm.dll+0x52764b]
V  [jvm.dll+0x37a1b7]
V  [jvm.dll+0x3796ff]
C  0x0000017c0001dfae

Java frames: (J=compiled Java code, j=interpreted, Vv=VM code)
j  dataCollection.bplustree.BPTreeInFile$LeafNode.find(ILjava/lang/Object;)Ljava/util/List;+48
j  dataCollection.bplustree.BPTreeInFile$PlusNode.find(ILjava/lang/Object;)Ljava/util/List;+295
j  dataCollection.bplustree.BPTreeInFile$PlusNode.find(ILjava/lang/Object;)Ljava/util/List;+295
j  dataCollection.bplustree.BPTreeInFile$PlusNode.find(ILjava/lang/Object;)Ljava/util/List;+295
j  dataCollection.bplustree.BPTreeInFile.find(ILjava/lang/Object;)Ljava/util/List;+6
j  service.rmiserver.RMIQueryHandler.lambda$handleQueryTTCByTimeCity$0(Lservice/rmiserver/FileService;Ljava/lang/Integer;)Ljava/util/List;+17
j  service.rmiserver.RMIQueryHandler$$Lambda$105.apply(Ljava/lang/Object;)Ljava/lang/Object;+8
j  java.util.stream.ReferencePipeline$3$1.accept(Ljava/lang/Object;)V+12 java.base@13.0.2
j  java.util.ArrayList$ArrayListSpliterator.forEachRemaining(Ljava/util/function/Consumer;)V+95 java.base@13.0.2
j  java.util.stream.AbstractPipeline.copyInto(Ljava/util/stream/Sink;Ljava/util/Spliterator;)V+32 java.base@13.0.2
j  java.util.stream.AbstractPipeline.wrapAndCopyInto(Ljava/util/stream/Sink;Ljava/util/Spliterator;)Ljava/util/stream/Sink;+13 java.base@13.0.2
j  java.util.stream.ReduceOps$ReduceTask.doLeaf()Ljava/util/stream/ReduceOps$AccumulatingSink;+15 java.base@13.0.2
j  java.util.stream.ReduceOps$ReduceTask.doLeaf()Ljava/lang/Object;+1 java.base@13.0.2
j  java.util.stream.AbstractTask.compute()V+129 java.base@13.0.2
j  java.util.concurrent.CountedCompleter.exec()Z+1 java.base@13.0.2
j  java.util.concurrent.ForkJoinTask.doExec()I+10 java.base@13.0.2
j  java.util.concurrent.ForkJoinPool$WorkQueue.topLevelExec(Ljava/util/concurrent/ForkJoinTask;Ljava/util/concurrent/ForkJoinPool$WorkQueue;I)V+11 java.base@13.0.2
j  java.util.concurrent.ForkJoinPool.scan(Ljava/util/concurrent/ForkJoinPool$WorkQueue;I)Z+185 java.base@13.0.2
j  java.util.concurrent.ForkJoinPool.runWorker(Ljava/util/concurrent/ForkJoinPool$WorkQueue;)V+25 java.base@13.0.2
j  java.util.concurrent.ForkJoinWorkerThread.run()V+24 java.base@13.0.2
v  ~StubRoutines::call_stub

siginfo: EXCEPTION_ACCESS_VIOLATION (0xc0000005), reading address 0x00000000000002a8


Register to memory mapping:

RIP=0x00007ff9433b916c jvm.dll
RAX=0x0000000000000288 is an unknown value
RBX=0x0000017c7d2be800 is a thread
RCX=0x0000000000000006 is an unknown value
RDX=0x0000017c7d1c8df0 points into unknown readable memory: 88 02 00 00 00 00 00 00
RSP=0x000000768b9fde70 is pointing into the stack for thread: 0x0000017c7d2be800
RBP=0x000000768b9fded0 is pointing into the stack for thread: 0x0000017c7d2be800
RSI=0x000000000000000a is an unknown value
RDI=0x000000768b9fdf68 is pointing into the stack for thread: 0x0000017c7d2be800
R8 =0x0000000000000007 is an unknown value
R9 =0x0000000000000007 is an unknown value
R10=0x0000017c7da65140 points into unknown readable memory: 06 00 00 00 1e 00 00 00
R11=0x0000000000000288 is an unknown value
R12=0x000000768b9fe1c0 is pointing into the stack for thread: 0x0000017c7d2be800
R13=0x0000000800bd7840 is a pointer to class: 
dataCollection.bplustree.BPTreeInFile$LeafNode$KV {0x0000000800bd7848}
R14=0x0000000000000001 is an unknown value
R15=0x000000080032d240 is a pointer to class: 
java.lang.String {0x000000080032d248}


Registers:
RAX=0x0000000000000288, RBX=0x0000017c7d2be800, RCX=0x0000000000000006, RDX=0x0000017c7d1c8df0
RSP=0x000000768b9fde70, RBP=0x000000768b9fded0, RSI=0x000000000000000a, RDI=0x000000768b9fdf68
R8 =0x0000000000000007, R9 =0x0000000000000007, R10=0x0000017c7da65140, R11=0x0000000000000288
R12=0x000000768b9fe1c0, R13=0x0000000800bd7840, R14=0x0000000000000001, R15=0x000000080032d240
RIP=0x00007ff9433b916c, EFLAGS=0x0000000000010202

Top of Stack: (sp=0x000000768b9fde70)
0x000000768b9fde70:   0000000000000288 0000017c7d2be800
0x000000768b9fde80:   000000768b9fe001 0000017c7d2c5318
0x000000768b9fde90:   0000017c7ce35e80 0000017c7d2be800
0x000000768b9fdea0:   0000000000000288 0000000000000288
0x000000768b9fdeb0:   0000017c7d2be800 0000000000000288
0x000000768b9fdec0:   0000017c7d2be800 0000017c7d2be801
0x000000768b9fded0:   0000017c7d2be800 00000000000000b6
0x000000768b9fdee0:   0000017c7d281400 000000080032d240
0x000000768b9fdef0:   000000768b9fe000 00007ff9433b764b
0x000000768b9fdf00:   0000017c7d2c5318 000000768b9fe1c0
0x000000768b9fdf10:   0000000000000000 00000000000000b6
0x000000768b9fdf20:   000000080032d240 00000000f6d86501
0x000000768b9fdf30:   0000017c7d2be800 0000000000000000
0x000000768b9fdf40:   000000768b9fe138 0000017c7d2be800
0x000000768b9fdf50:   00000008003a87d8 00007ff94344e420
0x000000768b9fdf60:   00000000000000c4 0000017c7ce61e98 

Instructions: (pc=0x00007ff9433b916c)
0x00007ff9433b906c:   89 4c 24 20 41 b8 45 05 00 00 4c 8b 0d cb 72 59
0x00007ff9433b907c:   00 e8 6e 45 da ff e9 7e 01 00 00 48 8b 12 48 89
0x00007ff9433b908c:   9c 24 90 00 00 00 48 8b 5d 60 48 89 b4 24 98 00
0x00007ff9433b909c:   00 00 48 8b 42 08 4c 89 bc 24 a0 00 00 00 4c 8b
0x00007ff9433b90ac:   7d 50 48 8b 48 08 48 8b 41 18 8b 88 a4 00 00 00
0x00007ff9433b90bc:   c1 e9 09 f6 c1 01 74 11 48 8b d7 49 8b cd e8 21
0x00007ff9433b90cc:   06 00 00 8b f0 8b d0 eb 18 8b 72 24 83 fe fe 75
0x00007ff9433b90dc:   0e 48 8b d7 48 8d 4d d8 e8 d7 af e1 ff eb 41 8b
0x00007ff9433b90ec:   d6 49 8b cf e8 fb 03 fe ff 48 89 5d f0 48 89 45
0x00007ff9433b90fc:   e8 48 85 c0 74 14 48 8b 8b 78 02 00 00 48 8d 55
0x00007ff9433b910c:   d0 48 89 45 d0 e8 0a 2d ae ff 48 8d 55 e8 48 8d
0x00007ff9433b911c:   4d d8 e8 9d af e1 ff 48 8d 4d e8 e8 74 af e1 ff
0x00007ff9433b912c:   48 8b 45 d8 48 85 c0 75 32 0f 57 c0 48 8d 55 e8
0x00007ff9433b913c:   4c 8b cb 4d 8b c7 48 8b cf f3 0f 7f 45 e8 e8 31
0x00007ff9433b914c:   03 00 00 48 8d 4d e8 e8 48 af e1 ff 48 83 7b 08
0x00007ff9433b915c:   00 0f 85 8a 00 00 00 48 8b 45 d8 45 84 f6 74 23
0x00007ff9433b916c:   8b 40 20 c1 e8 0a a8 01 74 19 4c 8b cb 48 8d 55
0x00007ff9433b917c:   d8 4d 8b c7 48 8b cf e8 f8 02 00 00 48 83 7b 08
0x00007ff9433b918c:   00 75 5e 85 f6 78 14 48 8b 0f e8 d5 15 0b 00 84
0x00007ff9433b919c:   c0 75 08 41 be 01 00 00 00 eb 03 45 33 f6 49 8d
0x00007ff9433b91ac:   4c 24 10 4d 89 2c 24 48 8b d7 4d 89 7c 24 08 e8
0x00007ff9433b91bc:   00 af e1 ff 49 8d 4c 24 20 48 8d 55 d8 e8 f2 ae
0x00007ff9433b91cc:   e1 ff 48 8b d3 45 89 74 24 30 48 8d 4d d8 41 89
0x00007ff9433b91dc:   74 24 34 49 c7 44 24 38 00 00 00 00 e8 53 94 cd
0x00007ff9433b91ec:   ff 48 8b b4 24 98 00 00 00 48 8b 9c 24 90 00 00
0x00007ff9433b91fc:   00 4c 8b bc 24 a0 00 00 00 48 8d 4d d8 e8 92 ae
0x00007ff9433b920c:   e1 ff 48 83 c4 60 41 5e 41 5d 41 5c 5f 5d c3 cc
0x00007ff9433b921c:   cc cc cc cc 48 83 ec 38 4c 89 4c 24 20 4d 8b c8
0x00007ff9433b922c:   4c 8b c2 48 8b 15 5a 09 57 00 e8 05 00 00 00 48
0x00007ff9433b923c:   83 c4 38 c3 48 89 5c 24 08 48 89 6c 24 10 48 89
0x00007ff9433b924c:   74 24 18 57 48 83 ec 20 49 83 38 00 49 8b d9 49
0x00007ff9433b925c:   8b e8 48 8b fa 48 8b f1 75 24 4c 8d 0d bb 4d 38 


Stack slot to memory mapping:
stack at sp + 0 slots: 0x0000000000000288 is an unknown value
stack at sp + 1 slots: 0x0000017c7d2be800 is a thread
stack at sp + 2 slots: 0x000000768b9fe001 is pointing into the stack for thread: 0x0000017c7d2be800
stack at sp + 3 slots: 0x0000017c7d2c5318 points into unknown readable memory: 80 9b d3 f6 00 00 00 00
stack at sp + 4 slots: 0x0000017c7ce35e80 is pointing into metadata
stack at sp + 5 slots: 0x0000017c7d2be800 is a thread
stack at sp + 6 slots: 0x0000000000000288 is an unknown value
stack at sp + 7 slots: 0x0000000000000288 is an unknown value


---------------  P R O C E S S  ---------------

Threads class SMR info:
_java_thread_list=0x0000017c7da65020, length=24, elements={
0x0000017c7c8cb000, 0x0000017c7c8cc800, 0x0000017c7c8ee000, 0x0000017c7c8ef000,
0x0000017c7c8f0000, 0x0000017c7c8ff800, 0x0000017c7c90a800, 0x0000017c6f4ad000,
0x0000017c7d382000, 0x0000017c7d383000, 0x0000017c7d39b800, 0x0000017c7d29f800,
0x0000017c7d3dc800, 0x0000017c7d3df800, 0x0000017c7da5a800, 0x0000017c6f3f4000,
0x0000017c7d98f800, 0x0000017c7d27a000, 0x0000017c7d27b000, 0x0000017c7d432800,
0x0000017c7d2c2800, 0x0000017c7d2be800, 0x0000017c7d2bc800, 0x0000017c7d2bf000
}

Java Threads: ( => current thread )
  0x0000017c7c8cb000 JavaThread "Reference Handler" daemon [_thread_blocked, id=34788, stack(0x000000768a100000,0x000000768a200000)]
  0x0000017c7c8cc800 JavaThread "Finalizer" daemon [_thread_blocked, id=16520, stack(0x000000768a200000,0x000000768a300000)]
  0x0000017c7c8ee000 JavaThread "Signal Dispatcher" daemon [_thread_blocked, id=19504, stack(0x000000768a300000,0x000000768a400000)]
  0x0000017c7c8ef000 JavaThread "Attach Listener" daemon [_thread_blocked, id=11492, stack(0x000000768a400000,0x000000768a500000)]
  0x0000017c7c8f0000 JavaThread "C2 CompilerThread0" daemon [_thread_blocked, id=25128, stack(0x000000768a500000,0x000000768a600000)]
  0x0000017c7c8ff800 JavaThread "C1 CompilerThread0" daemon [_thread_blocked, id=36240, stack(0x000000768a600000,0x000000768a700000)]
  0x0000017c7c90a800 JavaThread "Sweeper thread" daemon [_thread_blocked, id=1480, stack(0x000000768a700000,0x000000768a800000)]
  0x0000017c6f4ad000 JavaThread "Common-Cleaner" daemon [_thread_blocked, id=20008, stack(0x000000768a800000,0x000000768a900000)]
  0x0000017c7d382000 JavaThread "Monitor Ctrl-Break" daemon [_thread_in_native, id=5944, stack(0x000000768a900000,0x000000768aa00000)]
  0x0000017c7d383000 JavaThread "Service Thread" daemon [_thread_blocked, id=25180, stack(0x000000768aa00000,0x000000768ab00000)]
  0x0000017c7d39b800 JavaThread "pool-1-thread-1" [_thread_blocked, id=8916, stack(0x000000768ac00000,0x000000768ad00000)]
  0x0000017c7d29f800 JavaThread "RMI TCP Accept-0" daemon [_thread_in_native, id=1648, stack(0x000000768ad00000,0x000000768ae00000)]
  0x0000017c7d3dc800 JavaThread "RMI Reaper" [_thread_blocked, id=4360, stack(0x000000768ae00000,0x000000768af00000)]
  0x0000017c7d3df800 JavaThread "RMI GC Daemon" daemon [_thread_blocked, id=34608, stack(0x000000768af00000,0x000000768b000000)]
  0x0000017c7da5a800 JavaThread "RMI TCP Accept-7718" daemon [_thread_in_native, id=22024, stack(0x000000768b300000,0x000000768b400000)]
  0x0000017c6f3f4000 JavaThread "DestroyJavaVM" [_thread_blocked, id=26068, stack(0x0000007689a00000,0x0000007689b00000)]
  0x0000017c7d98f800 JavaThread "RMI TCP Connection(1)-127.0.0.1" daemon [_thread_in_native, id=24648, stack(0x000000768b400000,0x000000768b500000)]
  0x0000017c7d27a000 JavaThread "RMI Scheduler(0)" daemon [_thread_blocked, id=29156, stack(0x000000768b500000,0x000000768b600000)]
  0x0000017c7d27b000 JavaThread "RMI TCP Connection(2)-192.168.3.4" daemon [_thread_in_native, id=36816, stack(0x000000768b600000,0x000000768b700000)]
  0x0000017c7d432800 JavaThread "RMI RenewClean-[192.168.3.4:14406]" daemon [_thread_blocked, id=28812, stack(0x000000768b700000,0x000000768b800000)]
  0x0000017c7d2c2800 JavaThread "pool-1-thread-2" [_thread_blocked, id=33340, stack(0x000000768b800000,0x000000768b900000)]
=>0x0000017c7d2be800 JavaThread "ForkJoinPool.commonPool-worker-3" daemon [_thread_in_vm, id=22756, stack(0x000000768b900000,0x000000768ba00000)]
  0x0000017c7d2bc800 JavaThread "ForkJoinPool.commonPool-worker-5" daemon [_thread_blocked, id=13404, stack(0x000000768ba00000,0x000000768bb00000)]
  0x0000017c7d2bf000 JavaThread "ForkJoinPool.commonPool-worker-7" daemon [_thread_blocked, id=19252, stack(0x000000768bb00000,0x000000768bc00000)]

Other Threads:
  0x0000017c7c8c7000 VMThread "VM Thread" [stack: 0x000000768a000000,0x000000768a100000] [id=28888] _threads_hazard_ptr=0x0000017c7da65020
  0x0000017c7d38a000 WatcherThread [stack: 0x000000768ab00000,0x000000768ac00000] [id=34288]
  0x0000017c6f417800 GCTaskThread "GC Thread#0" [stack: 0x0000007689b00000,0x0000007689c00000] [id=1408]
  0x0000017c7da21800 GCTaskThread "GC Thread#1" [stack: 0x000000768b000000,0x000000768b100000] [id=32824]
  0x0000017c7d959800 GCTaskThread "GC Thread#2" [stack: 0x000000768b100000,0x000000768b200000] [id=30640]
  0x0000017c7d466000 GCTaskThread "GC Thread#3" [stack: 0x000000768b200000,0x000000768b300000] [id=24700]
  0x0000017c6f41b800 ConcurrentGCThread "G1 Main Marker" [stack: 0x0000007689c00000,0x0000007689d00000] [id=15040]
  0x0000017c6f41e000 ConcurrentGCThread "G1 Conc#0" [stack: 0x0000007689d00000,0x0000007689e00000] [id=31412]
  0x0000017c6f49e000 ConcurrentGCThread "G1 Refine#0" [stack: 0x0000007689e00000,0x0000007689f00000] [id=36748]
  0x0000017c6f4a0000 ConcurrentGCThread "G1 Young RemSet Sampling" [stack: 0x0000007689f00000,0x000000768a000000] [id=34380]

Threads with active compile tasks:
C2 CompilerThread0    19541  995       4       com.esotericsoftware.kryo.io.Input::readVarInt (192 bytes)
C1 CompilerThread0    19542 1004       3       com.esotericsoftware.kryo.Kryo::getRegistration (179 bytes)

VM state:synchronizing (normal execution)

VM Mutex/Monitor currently owned by a thread:  ([mutex/lock_event])
[0x0000017c6f3efe60] Threads_lock - owner thread: 0x0000017c7c8c7000
[0x0000017c6f3f1960] Heap_lock - owner thread: 0x0000017c6f41b800

Heap address: 0x00000000ed400000, size: 300 MB, Compressed Oops mode: 32-bit
Narrow klass base: 0x0000000800000000, Narrow klass shift: 3
Compressed class space size: 1073741824 Address: 0x0000000800b40000

Heap:
 garbage-first heap   total 157696K, used 102526K [0x00000000ed400000, 0x0000000100000000)
  region size 1024K, 3 young (3072K), 1 survivors (1024K)
 Metaspace       used 5283K, capacity 6040K, committed 6144K, reserved 1056768K
  class space    used 601K, capacity 719K, committed 768K, reserved 1048576K
Heap Regions: E=young(eden), S=young(survivor), O=old, HS=humongous(starts), HC=humongous(continues), CS=collection set, F=free, A=archive, TAMS=top-at-mark-start (previous, next)
|   0|0x00000000ed400000, 0x00000000ed500000, 0x00000000ed500000|100%|HS|  |TAMS 0x00000000ed500000, 0x00000000ed500000| Complete 
|   1|0x00000000ed500000, 0x00000000ed600000, 0x00000000ed600000|100%|HC|  |TAMS 0x00000000ed600000, 0x00000000ed600000| Complete 
|   2|0x00000000ed600000, 0x00000000ed700000, 0x00000000ed700000|100%|HC|  |TAMS 0x00000000ed700000, 0x00000000ed700000| Complete 
|   3|0x00000000ed700000, 0x00000000ed800000, 0x00000000ed800000|100%|HC|  |TAMS 0x00000000ed800000, 0x00000000ed800000| Complete 
|   4|0x00000000ed800000, 0x00000000ed900000, 0x00000000ed900000|100%|HC|  |TAMS 0x00000000ed900000, 0x00000000ed900000| Complete 
|   5|0x00000000ed900000, 0x00000000eda00000, 0x00000000eda00000|100%|HC|  |TAMS 0x00000000eda00000, 0x00000000eda00000| Complete 
|   6|0x00000000eda00000, 0x00000000edb00000, 0x00000000edb00000|100%|HC|  |TAMS 0x00000000edb00000, 0x00000000edb00000| Complete 
|   7|0x00000000edb00000, 0x00000000edc00000, 0x00000000edc00000|100%|HC|  |TAMS 0x00000000edc00000, 0x00000000edc00000| Complete 
|   8|0x00000000edc00000, 0x00000000edd00000, 0x00000000edd00000|100%|HC|  |TAMS 0x00000000edd00000, 0x00000000edd00000| Complete 
|   9|0x00000000edd00000, 0x00000000ede00000, 0x00000000ede00000|100%|HC|  |TAMS 0x00000000ede00000, 0x00000000ede00000| Complete 
|  10|0x00000000ede00000, 0x00000000edf00000, 0x00000000edf00000|100%|HC|  |TAMS 0x00000000edf00000, 0x00000000edf00000| Complete 
|  11|0x00000000edf00000, 0x00000000ee000000, 0x00000000ee000000|100%|HC|  |TAMS 0x00000000ee000000, 0x00000000ee000000| Complete 
|  12|0x00000000ee000000, 0x00000000ee100000, 0x00000000ee100000|100%|HC|  |TAMS 0x00000000ee100000, 0x00000000ee100000| Complete 
|  13|0x00000000ee100000, 0x00000000ee200000, 0x00000000ee200000|100%|HC|  |TAMS 0x00000000ee200000, 0x00000000ee200000| Complete 
|  14|0x00000000ee200000, 0x00000000ee300000, 0x00000000ee300000|100%|HC|  |TAMS 0x00000000ee300000, 0x00000000ee300000| Complete 
|  15|0x00000000ee300000, 0x00000000ee400000, 0x00000000ee400000|100%|HC|  |TAMS 0x00000000ee400000, 0x00000000ee400000| Complete 
|  16|0x00000000ee400000, 0x00000000ee500000, 0x00000000ee500000|100%|HC|  |TAMS 0x00000000ee500000, 0x00000000ee500000| Complete 
|  17|0x00000000ee500000, 0x00000000ee600000, 0x00000000ee600000|100%|HC|  |TAMS 0x00000000ee600000, 0x00000000ee600000| Complete 
|  18|0x00000000ee600000, 0x00000000ee700000, 0x00000000ee700000|100%|HC|  |TAMS 0x00000000ee700000, 0x00000000ee700000| Complete 
|  19|0x00000000ee700000, 0x00000000ee800000, 0x00000000ee800000|100%|HC|  |TAMS 0x00000000ee800000, 0x00000000ee800000| Complete 
|  20|0x00000000ee800000, 0x00000000ee900000, 0x00000000ee900000|100%|HC|  |TAMS 0x00000000ee900000, 0x00000000ee900000| Complete 
|  21|0x00000000ee900000, 0x00000000eea00000, 0x00000000eea00000|100%|HC|  |TAMS 0x00000000eea00000, 0x00000000eea00000| Complete 
|  22|0x00000000eea00000, 0x00000000eeb00000, 0x00000000eeb00000|100%|HC|  |TAMS 0x00000000eeb00000, 0x00000000eeb00000| Complete 
|  23|0x00000000eeb00000, 0x00000000eec00000, 0x00000000eec00000|100%|HC|  |TAMS 0x00000000eec00000, 0x00000000eec00000| Complete 
|  24|0x00000000eec00000, 0x00000000eed00000, 0x00000000eed00000|100%|HC|  |TAMS 0x00000000eed00000, 0x00000000eed00000| Complete 
|  25|0x00000000eed00000, 0x00000000eee00000, 0x00000000eee00000|100%|HC|  |TAMS 0x00000000eee00000, 0x00000000eee00000| Complete 
|  26|0x00000000eee00000, 0x00000000eef00000, 0x00000000eef00000|100%|HC|  |TAMS 0x00000000eef00000, 0x00000000eef00000| Complete 
|  27|0x00000000eef00000, 0x00000000ef000000, 0x00000000ef000000|100%|HC|  |TAMS 0x00000000ef000000, 0x00000000ef000000| Complete 
|  28|0x00000000ef000000, 0x00000000ef100000, 0x00000000ef100000|100%|HC|  |TAMS 0x00000000ef100000, 0x00000000ef100000| Complete 
|  29|0x00000000ef100000, 0x00000000ef200000, 0x00000000ef200000|100%|HC|  |TAMS 0x00000000ef200000, 0x00000000ef200000| Complete 
|  30|0x00000000ef200000, 0x00000000ef300000, 0x00000000ef300000|100%|HC|  |TAMS 0x00000000ef300000, 0x00000000ef300000| Complete 
|  31|0x00000000ef300000, 0x00000000ef400000, 0x00000000ef400000|100%|HC|  |TAMS 0x00000000ef400000, 0x00000000ef400000| Complete 
|  32|0x00000000ef400000, 0x00000000ef500000, 0x00000000ef500000|100%|HC|  |TAMS 0x00000000ef500000, 0x00000000ef500000| Complete 
|  33|0x00000000ef500000, 0x00000000ef600000, 0x00000000ef600000|100%|HC|  |TAMS 0x00000000ef600000, 0x00000000ef600000| Complete 
|  34|0x00000000ef600000, 0x00000000ef700000, 0x00000000ef700000|100%|HC|  |TAMS 0x00000000ef700000, 0x00000000ef700000| Complete 
|  35|0x00000000ef700000, 0x00000000ef800000, 0x00000000ef800000|100%| O|  |TAMS 0x00000000ef800000, 0x00000000ef800000| Untracked 
|  36|0x00000000ef800000, 0x00000000ef900000, 0x00000000ef900000|100%|HS|  |TAMS 0x00000000ef900000, 0x00000000ef900000| Complete 
|  37|0x00000000ef900000, 0x00000000efa00000, 0x00000000efa00000|100%|HC|  |TAMS 0x00000000efa00000, 0x00000000efa00000| Complete 
|  38|0x00000000efa00000, 0x00000000efb00000, 0x00000000efb00000|100%|HC|  |TAMS 0x00000000efb00000, 0x00000000efb00000| Complete 
|  39|0x00000000efb00000, 0x00000000efc00000, 0x00000000efc00000|100%|HC|  |TAMS 0x00000000efc00000, 0x00000000efc00000| Complete 
|  40|0x00000000efc00000, 0x00000000efd00000, 0x00000000efd00000|100%|HC|  |TAMS 0x00000000efd00000, 0x00000000efd00000| Complete 
|  41|0x00000000efd00000, 0x00000000efe00000, 0x00000000efe00000|100%|HC|  |TAMS 0x00000000efe00000, 0x00000000efe00000| Complete 
|  42|0x00000000efe00000, 0x00000000eff00000, 0x00000000eff00000|100%|HC|  |TAMS 0x00000000eff00000, 0x00000000eff00000| Complete 
|  43|0x00000000eff00000, 0x00000000f0000000, 0x00000000f0000000|100%|HC|  |TAMS 0x00000000f0000000, 0x00000000f0000000| Complete 
|  44|0x00000000f0000000, 0x00000000f0100000, 0x00000000f0100000|100%|HC|  |TAMS 0x00000000f0100000, 0x00000000f0100000| Complete 
|  45|0x00000000f0100000, 0x00000000f0200000, 0x00000000f0200000|100%|HC|  |TAMS 0x00000000f0200000, 0x00000000f0200000| Complete 
|  46|0x00000000f0200000, 0x00000000f0300000, 0x00000000f0300000|100%|HC|  |TAMS 0x00000000f0300000, 0x00000000f0300000| Complete 
|  47|0x00000000f0300000, 0x00000000f0400000, 0x00000000f0400000|100%|HC|  |TAMS 0x00000000f0400000, 0x00000000f0400000| Complete 
|  48|0x00000000f0400000, 0x00000000f0500000, 0x00000000f0500000|100%|HC|  |TAMS 0x00000000f0500000, 0x00000000f0500000| Complete 
|  49|0x00000000f0500000, 0x00000000f0600000, 0x00000000f0600000|100%|HC|  |TAMS 0x00000000f0600000, 0x00000000f0600000| Complete 
|  50|0x00000000f0600000, 0x00000000f0700000, 0x00000000f0700000|100%|HC|  |TAMS 0x00000000f0700000, 0x00000000f0700000| Complete 
|  51|0x00000000f0700000, 0x00000000f0800000, 0x00000000f0800000|100%|HC|  |TAMS 0x00000000f0800000, 0x00000000f0800000| Complete 
|  52|0x00000000f0800000, 0x00000000f0900000, 0x00000000f0900000|100%|HC|  |TAMS 0x00000000f0900000, 0x00000000f0900000| Complete 
|  53|0x00000000f0900000, 0x00000000f0a00000, 0x00000000f0a00000|100%|HC|  |TAMS 0x00000000f0a00000, 0x00000000f0a00000| Complete 
|  54|0x00000000f0a00000, 0x00000000f0b00000, 0x00000000f0b00000|100%|HC|  |TAMS 0x00000000f0b00000, 0x00000000f0b00000| Complete 
|  55|0x00000000f0b00000, 0x00000000f0c00000, 0x00000000f0c00000|100%|HC|  |TAMS 0x00000000f0c00000, 0x00000000f0c00000| Complete 
|  56|0x00000000f0c00000, 0x00000000f0d00000, 0x00000000f0d00000|100%|HC|  |TAMS 0x00000000f0d00000, 0x00000000f0d00000| Complete 
|  57|0x00000000f0d00000, 0x00000000f0e00000, 0x00000000f0e00000|100%|HC|  |TAMS 0x00000000f0e00000, 0x00000000f0e00000| Complete 
|  58|0x00000000f0e00000, 0x00000000f0f00000, 0x00000000f0f00000|100%|HC|  |TAMS 0x00000000f0f00000, 0x00000000f0f00000| Complete 
|  59|0x00000000f0f00000, 0x00000000f1000000, 0x00000000f1000000|100%|HC|  |TAMS 0x00000000f1000000, 0x00000000f1000000| Complete 
|  60|0x00000000f1000000, 0x00000000f1100000, 0x00000000f1100000|100%|HC|  |TAMS 0x00000000f1100000, 0x00000000f1100000| Complete 
|  61|0x00000000f1100000, 0x00000000f1200000, 0x00000000f1200000|100%|HC|  |TAMS 0x00000000f1200000, 0x00000000f1200000| Complete 
|  62|0x00000000f1200000, 0x00000000f1300000, 0x00000000f1300000|100%|HC|  |TAMS 0x00000000f1300000, 0x00000000f1300000| Complete 
|  63|0x00000000f1300000, 0x00000000f1400000, 0x00000000f1400000|100%|HC|  |TAMS 0x00000000f1400000, 0x00000000f1400000| Complete 
|  64|0x00000000f1400000, 0x00000000f1500000, 0x00000000f1500000|100%|HC|  |TAMS 0x00000000f1500000, 0x00000000f1500000| Complete 
|  65|0x00000000f1500000, 0x00000000f1600000, 0x00000000f1600000|100%|HC|  |TAMS 0x00000000f1600000, 0x00000000f1600000| Complete 
|  66|0x00000000f1600000, 0x00000000f1700000, 0x00000000f1700000|100%|HC|  |TAMS 0x00000000f1700000, 0x00000000f1700000| Complete 
|  67|0x00000000f1700000, 0x00000000f1800000, 0x00000000f1800000|100%|HC|  |TAMS 0x00000000f1800000, 0x00000000f1800000| Complete 
|  68|0x00000000f1800000, 0x00000000f1900000, 0x00000000f1900000|100%|HC|  |TAMS 0x00000000f1900000, 0x00000000f1900000| Complete 
|  69|0x00000000f1900000, 0x00000000f1a00000, 0x00000000f1a00000|100%|HC|  |TAMS 0x00000000f1a00000, 0x00000000f1a00000| Complete 
|  70|0x00000000f1a00000, 0x00000000f1b00000, 0x00000000f1b00000|100%|HC|  |TAMS 0x00000000f1b00000, 0x00000000f1b00000| Complete 
|  71|0x00000000f1b00000, 0x00000000f1c00000, 0x00000000f1c00000|100%| O|  |TAMS 0x00000000f1c00000, 0x00000000f1c00000| Untracked 
|  72|0x00000000f1c00000, 0x00000000f1c62600, 0x00000000f1d00000| 38%| O|  |TAMS 0x00000000f1c62600, 0x00000000f1c62600| Untracked 
|  73|0x00000000f1d00000, 0x00000000f1e00000, 0x00000000f1e00000|100%|HS|  |TAMS 0x00000000f1d00000, 0x00000000f1e00000| Complete 
|  74|0x00000000f1e00000, 0x00000000f1f00000, 0x00000000f1f00000|100%|HC|  |TAMS 0x00000000f1e00000, 0x00000000f1f00000| Complete 
|  75|0x00000000f1f00000, 0x00000000f2000000, 0x00000000f2000000|100%|HS|  |TAMS 0x00000000f1f00000, 0x00000000f1f00000| Complete 
|  76|0x00000000f2000000, 0x00000000f2100000, 0x00000000f2100000|100%|HC|  |TAMS 0x00000000f2000000, 0x00000000f2000000| Complete 
|  77|0x00000000f2100000, 0x00000000f2200000, 0x00000000f2200000|100%|HS|  |TAMS 0x00000000f2100000, 0x00000000f2200000| Complete 
|  78|0x00000000f2200000, 0x00000000f2300000, 0x00000000f2300000|100%|HC|  |TAMS 0x00000000f2200000, 0x00000000f2300000| Complete 
|  79|0x00000000f2300000, 0x00000000f2400000, 0x00000000f2400000|100%|HS|  |TAMS 0x00000000f2300000, 0x00000000f2300000| Complete 
|  80|0x00000000f2400000, 0x00000000f2500000, 0x00000000f2500000|100%|HC|  |TAMS 0x00000000f2400000, 0x00000000f2400000| Complete 
|  81|0x00000000f2500000, 0x00000000f2600000, 0x00000000f2600000|100%|HS|  |TAMS 0x00000000f2500000, 0x00000000f2600000| Complete 
|  82|0x00000000f2600000, 0x00000000f2700000, 0x00000000f2700000|100%|HC|  |TAMS 0x00000000f2600000, 0x00000000f2700000| Complete 
|  83|0x00000000f2700000, 0x00000000f2800000, 0x00000000f2800000|100%|HS|  |TAMS 0x00000000f2700000, 0x00000000f2700000| Complete 
|  84|0x00000000f2800000, 0x00000000f2900000, 0x00000000f2900000|100%|HC|  |TAMS 0x00000000f2800000, 0x00000000f2800000| Complete 
|  85|0x00000000f2900000, 0x00000000f2a00000, 0x00000000f2a00000|100%|HS|  |TAMS 0x00000000f2900000, 0x00000000f2a00000| Complete 
|  86|0x00000000f2a00000, 0x00000000f2b00000, 0x00000000f2b00000|100%|HC|  |TAMS 0x00000000f2a00000, 0x00000000f2b00000| Complete 
|  87|0x00000000f2b00000, 0x00000000f2c00000, 0x00000000f2c00000|100%|HS|  |TAMS 0x00000000f2b00000, 0x00000000f2c00000| Complete 
|  88|0x00000000f2c00000, 0x00000000f2d00000, 0x00000000f2d00000|100%|HC|  |TAMS 0x00000000f2c00000, 0x00000000f2d00000| Complete 
|  89|0x00000000f2d00000, 0x00000000f2e00000, 0x00000000f2e00000|100%|HS|  |TAMS 0x00000000f2d00000, 0x00000000f2d00000| Complete 
|  90|0x00000000f2e00000, 0x00000000f2f00000, 0x00000000f2f00000|100%|HC|  |TAMS 0x00000000f2e00000, 0x00000000f2e00000| Complete 
|  91|0x00000000f2f00000, 0x00000000f3000000, 0x00000000f3000000|100%|HS|  |TAMS 0x00000000f2f00000, 0x00000000f2f00000| Complete 
|  92|0x00000000f3000000, 0x00000000f3100000, 0x00000000f3100000|100%|HC|  |TAMS 0x00000000f3000000, 0x00000000f3000000| Complete 
|  93|0x00000000f3100000, 0x00000000f3200000, 0x00000000f3200000|100%|HS|  |TAMS 0x00000000f3100000, 0x00000000f3100000| Complete 
|  94|0x00000000f3200000, 0x00000000f3300000, 0x00000000f3300000|100%|HC|  |TAMS 0x00000000f3200000, 0x00000000f3200000| Complete 
|  95|0x00000000f3300000, 0x00000000f3400000, 0x00000000f3400000|100%|HS|  |TAMS 0x00000000f3300000, 0x00000000f3300000| Complete 
|  96|0x00000000f3400000, 0x00000000f3500000, 0x00000000f3500000|100%|HC|  |TAMS 0x00000000f3400000, 0x00000000f3400000| Complete 
|  97|0x00000000f3500000, 0x00000000f3600000, 0x00000000f3600000|100%|HS|  |TAMS 0x00000000f3500000, 0x00000000f3500000| Complete 
|  98|0x00000000f3600000, 0x00000000f3700000, 0x00000000f3700000|100%|HC|  |TAMS 0x00000000f3600000, 0x00000000f3600000| Complete 
|  99|0x00000000f3700000, 0x00000000f3700000, 0x00000000f3800000|  0%| F|  |TAMS 0x00000000f3700000, 0x00000000f3700000| Untracked 
| 100|0x00000000f3800000, 0x00000000f3800000, 0x00000000f3900000|  0%| F|  |TAMS 0x00000000f3800000, 0x00000000f3800000| Untracked 
| 101|0x00000000f3900000, 0x00000000f3900000, 0x00000000f3a00000|  0%| F|  |TAMS 0x00000000f3900000, 0x00000000f3900000| Untracked 
| 102|0x00000000f3a00000, 0x00000000f3a00000, 0x00000000f3b00000|  0%| F|  |TAMS 0x00000000f3a00000, 0x00000000f3a00000| Untracked 
| 103|0x00000000f3b00000, 0x00000000f3b00000, 0x00000000f3c00000|  0%| F|  |TAMS 0x00000000f3b00000, 0x00000000f3b00000| Untracked 
| 104|0x00000000f3c00000, 0x00000000f3c00000, 0x00000000f3d00000|  0%| F|  |TAMS 0x00000000f3c00000, 0x00000000f3c00000| Untracked 
| 105|0x00000000f3d00000, 0x00000000f3d00000, 0x00000000f3e00000|  0%| F|  |TAMS 0x00000000f3d00000, 0x00000000f3d00000| Untracked 
| 106|0x00000000f3e00000, 0x00000000f3e00000, 0x00000000f3f00000|  0%| F|  |TAMS 0x00000000f3e00000, 0x00000000f3e00000| Untracked 
| 107|0x00000000f3f00000, 0x00000000f3f00000, 0x00000000f4000000|  0%| F|  |TAMS 0x00000000f3f00000, 0x00000000f3f00000| Untracked 
| 108|0x00000000f4000000, 0x00000000f4000000, 0x00000000f4100000|  0%| F|  |TAMS 0x00000000f4000000, 0x00000000f4000000| Untracked 
| 109|0x00000000f4100000, 0x00000000f4100000, 0x00000000f4200000|  0%| F|  |TAMS 0x00000000f4100000, 0x00000000f4100000| Untracked 
| 110|0x00000000f4200000, 0x00000000f4200000, 0x00000000f4300000|  0%| F|  |TAMS 0x00000000f4200000, 0x00000000f4200000| Untracked 
| 111|0x00000000f4300000, 0x00000000f4300000, 0x00000000f4400000|  0%| F|  |TAMS 0x00000000f4300000, 0x00000000f4300000| Untracked 
| 112|0x00000000f4400000, 0x00000000f4400000, 0x00000000f4500000|  0%| F|  |TAMS 0x00000000f4400000, 0x00000000f4400000| Untracked 
| 113|0x00000000f4500000, 0x00000000f4500000, 0x00000000f4600000|  0%| F|  |TAMS 0x00000000f4500000, 0x00000000f4500000| Untracked 
| 114|0x00000000f4600000, 0x00000000f4600000, 0x00000000f4700000|  0%| F|  |TAMS 0x00000000f4600000, 0x00000000f4600000| Untracked 
| 115|0x00000000f4700000, 0x00000000f4700000, 0x00000000f4800000|  0%| F|  |TAMS 0x00000000f4700000, 0x00000000f4700000| Untracked 
| 116|0x00000000f4800000, 0x00000000f4800000, 0x00000000f4900000|  0%| F|  |TAMS 0x00000000f4800000, 0x00000000f4800000| Untracked 
| 117|0x00000000f4900000, 0x00000000f4900000, 0x00000000f4a00000|  0%| F|  |TAMS 0x00000000f4900000, 0x00000000f4900000| Untracked 
| 118|0x00000000f4a00000, 0x00000000f4a00000, 0x00000000f4b00000|  0%| F|  |TAMS 0x00000000f4a00000, 0x00000000f4a00000| Untracked 
| 119|0x00000000f4b00000, 0x00000000f4b00000, 0x00000000f4c00000|  0%| F|  |TAMS 0x00000000f4b00000, 0x00000000f4b00000| Untracked 
| 120|0x00000000f4c00000, 0x00000000f4c00000, 0x00000000f4d00000|  0%| F|  |TAMS 0x00000000f4c00000, 0x00000000f4c00000| Untracked 
| 121|0x00000000f4d00000, 0x00000000f4d00000, 0x00000000f4e00000|  0%| F|  |TAMS 0x00000000f4d00000, 0x00000000f4d00000| Untracked 
| 122|0x00000000f4e00000, 0x00000000f4e00000, 0x00000000f4f00000|  0%| F|  |TAMS 0x00000000f4e00000, 0x00000000f4e00000| Untracked 
| 123|0x00000000f4f00000, 0x00000000f4f00000, 0x00000000f5000000|  0%| F|  |TAMS 0x00000000f4f00000, 0x00000000f4f00000| Untracked 
| 124|0x00000000f5000000, 0x00000000f5000000, 0x00000000f5100000|  0%| F|  |TAMS 0x00000000f5000000, 0x00000000f5000000| Untracked 
| 125|0x00000000f5100000, 0x00000000f5100000, 0x00000000f5200000|  0%| F|  |TAMS 0x00000000f5100000, 0x00000000f5100000| Untracked 
| 126|0x00000000f5200000, 0x00000000f5200000, 0x00000000f5300000|  0%| F|  |TAMS 0x00000000f5200000, 0x00000000f5200000| Untracked 
| 127|0x00000000f5300000, 0x00000000f5300000, 0x00000000f5400000|  0%| F|  |TAMS 0x00000000f5300000, 0x00000000f5300000| Untracked 
| 128|0x00000000f5400000, 0x00000000f5400000, 0x00000000f5500000|  0%| F|  |TAMS 0x00000000f5400000, 0x00000000f5400000| Untracked 
| 129|0x00000000f5500000, 0x00000000f5500000, 0x00000000f5600000|  0%| F|  |TAMS 0x00000000f5500000, 0x00000000f5500000| Untracked 
| 130|0x00000000f5600000, 0x00000000f5600000, 0x00000000f5700000|  0%| F|  |TAMS 0x00000000f5600000, 0x00000000f5600000| Untracked 
| 131|0x00000000f5700000, 0x00000000f5700000, 0x00000000f5800000|  0%| F|  |TAMS 0x00000000f5700000, 0x00000000f5700000| Untracked 
| 132|0x00000000f5800000, 0x00000000f5800000, 0x00000000f5900000|  0%| F|  |TAMS 0x00000000f5800000, 0x00000000f5800000| Untracked 
| 133|0x00000000f5900000, 0x00000000f5900000, 0x00000000f5a00000|  0%| F|  |TAMS 0x00000000f5900000, 0x00000000f5900000| Untracked 
| 134|0x00000000f5a00000, 0x00000000f5a00000, 0x00000000f5b00000|  0%| F|  |TAMS 0x00000000f5a00000, 0x00000000f5a00000| Untracked 
| 135|0x00000000f5b00000, 0x00000000f5b00000, 0x00000000f5c00000|  0%| F|  |TAMS 0x00000000f5b00000, 0x00000000f5b00000| Untracked 
| 136|0x00000000f5c00000, 0x00000000f5c00000, 0x00000000f5d00000|  0%| F|  |TAMS 0x00000000f5c00000, 0x00000000f5c00000| Untracked 
| 137|0x00000000f5d00000, 0x00000000f5d00000, 0x00000000f5e00000|  0%| F|  |TAMS 0x00000000f5d00000, 0x00000000f5d00000| Untracked 
| 138|0x00000000f5e00000, 0x00000000f5e00000, 0x00000000f5f00000|  0%| F|  |TAMS 0x00000000f5e00000, 0x00000000f5e00000| Untracked 
| 139|0x00000000f5f00000, 0x00000000f5f00000, 0x00000000f6000000|  0%| F|  |TAMS 0x00000000f5f00000, 0x00000000f5f00000| Untracked 
| 140|0x00000000f6000000, 0x00000000f6000000, 0x00000000f6100000|  0%| F|  |TAMS 0x00000000f6000000, 0x00000000f6000000| Untracked 
| 141|0x00000000f6100000, 0x00000000f6100000, 0x00000000f6200000|  0%| F|  |TAMS 0x00000000f6100000, 0x00000000f6100000| Untracked 
| 142|0x00000000f6200000, 0x00000000f6200000, 0x00000000f6300000|  0%| F|  |TAMS 0x00000000f6200000, 0x00000000f6200000| Untracked 
| 143|0x00000000f6300000, 0x00000000f6300000, 0x00000000f6400000|  0%| F|  |TAMS 0x00000000f6300000, 0x00000000f6300000| Untracked 
| 144|0x00000000f6400000, 0x00000000f6400000, 0x00000000f6500000|  0%| F|  |TAMS 0x00000000f6400000, 0x00000000f6400000| Untracked 
| 145|0x00000000f6500000, 0x00000000f6500000, 0x00000000f6600000|  0%| F|  |TAMS 0x00000000f6500000, 0x00000000f6500000| Untracked 
| 146|0x00000000f6600000, 0x00000000f6600000, 0x00000000f6700000|  0%| F|  |TAMS 0x00000000f6600000, 0x00000000f6600000| Untracked 
| 147|0x00000000f6700000, 0x00000000f6700000, 0x00000000f6800000|  0%| F|  |TAMS 0x00000000f6700000, 0x00000000f6700000| Untracked 
| 148|0x00000000f6800000, 0x00000000f6800000, 0x00000000f6900000|  0%| F|  |TAMS 0x00000000f6800000, 0x00000000f6800000| Untracked 
| 149|0x00000000f6900000, 0x00000000f6900000, 0x00000000f6a00000|  0%| F|  |TAMS 0x00000000f6900000, 0x00000000f6900000| Untracked 
| 150|0x00000000f6a00000, 0x00000000f6a00000, 0x00000000f6b00000|  0%| F|  |TAMS 0x00000000f6a00000, 0x00000000f6a00000| Untracked 
| 151|0x00000000f6b00000, 0x00000000f6bc1348, 0x00000000f6c00000| 75%| E|  |TAMS 0x00000000f6b00000, 0x00000000f6b00000| Complete 
| 152|0x00000000f6c00000, 0x00000000f6d00000, 0x00000000f6d00000|100%| E|CS|TAMS 0x00000000f6c00000, 0x00000000f6c00000| Complete 
| 153|0x00000000f6d00000, 0x00000000f6dbd240, 0x00000000f6e00000| 73%| S|CS|TAMS 0x00000000f6d00000, 0x00000000f6d00000| Complete 

Card table byte_map: [0x0000017c79880000,0x0000017c79920000] _byte_map_base: 0x0000017c79116000

Marking Bits (Prev, Next): (CMBitMap*) 0x0000017c6f418828, (CMBitMap*) 0x0000017c6f418868
 Prev Bits: [0x0000017c799c0000, 0x0000017c79e70000)
 Next Bits: [0x0000017c79e70000, 0x0000017c7a320000)

Polling page: 0x0000017c6f4c0000

Metaspace:

Usage:
  Non-class:      5.20 MB capacity,     4.57 MB ( 88%) used,   617.35 KB ( 12%) free+waste,    21.69 KB ( <1%) overhead. 
      Class:    719.00 KB capacity,   601.66 KB ( 84%) used,   104.59 KB ( 15%) free+waste,    12.75 KB (  2%) overhead. 
       Both:      5.90 MB capacity,     5.16 MB ( 87%) used,   721.95 KB ( 12%) free+waste,    34.44 KB ( <1%) overhead. 

Virtual space:
  Non-class space:        8.00 MB reserved,       5.25 MB ( 66%) committed 
      Class space:        1.00 GB reserved,     768.00 KB ( <1%) committed 
             Both:        1.01 GB reserved,       6.00 MB ( <1%) committed 

Chunk freelists:
   Non-Class:  3.00 KB
       Class:  0 bytes
        Both:  3.00 KB

MaxMetaspaceSize: 17179869184.00 GB
CompressedClassSpaceSize: 1.00 GB

CodeHeap 'non-profiled nmethods': size=120000Kb used=347Kb max_used=368Kb free=119652Kb
 bounds [0x0000017c07ad0000, 0x0000017c07d40000, 0x0000017c0f000000]
CodeHeap 'profiled nmethods': size=120000Kb used=1614Kb max_used=1776Kb free=118385Kb
 bounds [0x0000017c005a0000, 0x0000017c00810000, 0x0000017c07ad0000]
CodeHeap 'non-nmethods': size=5760Kb used=1208Kb max_used=1222Kb free=4551Kb
 bounds [0x0000017c00000000, 0x0000017c00270000, 0x0000017c005a0000]
 total_blobs=1966 nmethods=927 adapters=381
 compilation: enabled
              stopped_count=0, restarted_count=0
 full_count=0

Compilation events (20 events):
Event: 19.331 Thread 0x0000017c7c8ff800  993       3       java.io.BufferedWriter::ensureOpen (18 bytes)
Event: 19.331 Thread 0x0000017c7c8ff800 nmethod 993 0x0000017c005b3310 code [0x0000017c005b34c0, 0x0000017c005b3770]
Event: 19.332 Thread 0x0000017c7c8ff800  994       3       java.net.URLStreamHandler::setURL (73 bytes)
Event: 19.333 Thread 0x0000017c7c8f0000  995       4       com.esotericsoftware.kryo.io.Input::readVarInt (192 bytes)
Event: 19.333 Thread 0x0000017c7c8ff800 nmethod 994 0x0000017c005be490 code [0x0000017c005be780, 0x0000017c005bf680]
Event: 19.334 Thread 0x0000017c7c8ff800  996       1       com.esotericsoftware.kryo.serializers.FieldSerializerConfig::isOptimizedGenerics (5 bytes)
Event: 19.334 Thread 0x0000017c7c8ff800 nmethod 996 0x0000017c07b09190 code [0x0000017c07b09320, 0x0000017c07b09458]
Event: 19.334 Thread 0x0000017c7c8ff800  998       1       com.esotericsoftware.kryo.Registration::getType (5 bytes)
Event: 19.334 Thread 0x0000017c7c8ff800 nmethod 998 0x0000017c07b08e10 code [0x0000017c07b08fa0, 0x0000017c07b090d8]
Event: 19.335 Thread 0x0000017c7c8ff800  999       1       java.lang.reflect.Constructor::getConstructorAccessor (5 bytes)
Event: 19.335 Thread 0x0000017c7c8ff800 nmethod 999 0x0000017c07b08990 code [0x0000017c07b08b20, 0x0000017c07b08c58]
Event: 19.335 Thread 0x0000017c7c8ff800 1001       1       com.esotericsoftware.kryo.Registration::getSerializer (5 bytes)
Event: 19.335 Thread 0x0000017c7c8ff800 nmethod 1001 0x0000017c07b06410 code [0x0000017c07b065a0, 0x0000017c07b066d8]
Event: 19.335 Thread 0x0000017c7c8ff800 1002       3       com.esotericsoftware.kryo.util.UnsafeUtil::unsafe (4 bytes)
Event: 19.335 Thread 0x0000017c7c8ff800 nmethod 1002 0x0000017c005be110 code [0x0000017c005be2a0, 0x0000017c005be3f8]
Event: 19.335 Thread 0x0000017c7c8ff800 1000       1       java.lang.reflect.Constructor::getRoot (5 bytes)
Event: 19.335 Thread 0x0000017c7c8ff800 nmethod 1000 0x0000017c07b06090 code [0x0000017c07b06220, 0x0000017c07b06358]
Event: 19.335 Thread 0x0000017c7c8ff800 1003       3       com.esotericsoftware.kryo.util.DefaultClassResolver::getRegistration (41 bytes)
Event: 19.336 Thread 0x0000017c7c8ff800 nmethod 1003 0x0000017c006c1510 code [0x0000017c006c16e0, 0x0000017c006c1b10]
Event: 19.336 Thread 0x0000017c7c8ff800 1004       3       com.esotericsoftware.kryo.Kryo::getRegistration (179 bytes)

GC Heap History (20 events):
Event: 4.003 GC heap before
{Heap before GC invocations=27 (full 0):
 garbage-first heap   total 132096K, used 116106K [0x00000000ed400000, 0x0000000100000000)
  region size 1024K, 42 young (43008K), 1 survivors (1024K)
 Metaspace       used 2944K, capacity 5003K, committed 5248K, reserved 1056768K
  class space    used 316K, capacity 527K, committed 640K, reserved 1048576K
}
Event: 4.004 GC heap after
{Heap after GC invocations=28 (full 0):
 garbage-first heap   total 132096K, used 74123K [0x00000000ed400000, 0x0000000100000000)
  region size 1024K, 1 young (1024K), 1 survivors (1024K)
 Metaspace       used 2944K, capacity 5003K, committed 5248K, reserved 1056768K
  class space    used 316K, capacity 527K, committed 640K, reserved 1048576K
}
Event: 4.143 GC heap before
{Heap before GC invocations=29 (full 0):
 garbage-first heap   total 132096K, used 116107K [0x00000000ed400000, 0x0000000100000000)
  region size 1024K, 42 young (43008K), 1 survivors (1024K)
 Metaspace       used 2944K, capacity 5003K, committed 5248K, reserved 1056768K
  class space    used 316K, capacity 527K, committed 640K, reserved 1048576K
}
Event: 4.144 GC heap after
{Heap after GC invocations=30 (full 0):
 garbage-first heap   total 132096K, used 74123K [0x00000000ed400000, 0x0000000100000000)
  region size 1024K, 1 young (1024K), 1 survivors (1024K)
 Metaspace       used 2944K, capacity 5003K, committed 5248K, reserved 1056768K
  class space    used 316K, capacity 527K, committed 640K, reserved 1048576K
}
Event: 4.232 GC heap before
{Heap before GC invocations=30 (full 0):
 garbage-first heap   total 132096K, used 116107K [0x00000000ed400000, 0x0000000100000000)
  region size 1024K, 42 young (43008K), 1 survivors (1024K)
 Metaspace       used 2944K, capacity 5003K, committed 5248K, reserved 1056768K
  class space    used 316K, capacity 527K, committed 640K, reserved 1048576K
}
Event: 4.233 GC heap after
{Heap after GC invocations=31 (full 0):
 garbage-first heap   total 132096K, used 74121K [0x00000000ed400000, 0x0000000100000000)
  region size 1024K, 0 young (0K), 0 survivors (0K)
 Metaspace       used 2944K, capacity 5003K, committed 5248K, reserved 1056768K
  class space    used 316K, capacity 527K, committed 640K, reserved 1048576K
}
Event: 4.325 GC heap before
{Heap before GC invocations=32 (full 0):
 garbage-first heap   total 132096K, used 117129K [0x00000000ed400000, 0x0000000100000000)
  region size 1024K, 42 young (43008K), 0 survivors (0K)
 Metaspace       used 2944K, capacity 5003K, committed 5248K, reserved 1056768K
  class space    used 316K, capacity 527K, committed 640K, reserved 1048576K
}
Event: 4.325 GC heap after
{Heap after GC invocations=33 (full 0):
 garbage-first heap   total 132096K, used 74123K [0x00000000ed400000, 0x0000000100000000)
  region size 1024K, 1 young (1024K), 1 survivors (1024K)
 Metaspace       used 2944K, capacity 5003K, committed 5248K, reserved 1056768K
  class space    used 316K, capacity 527K, committed 640K, reserved 1048576K
}
Event: 4.422 GC heap before
{Heap before GC invocations=33 (full 0):
 garbage-first heap   total 132096K, used 116107K [0x00000000ed400000, 0x0000000100000000)
  region size 1024K, 42 young (43008K), 1 survivors (1024K)
 Metaspace       used 2944K, capacity 5003K, committed 5248K, reserved 1056768K
  class space    used 316K, capacity 527K, committed 640K, reserved 1048576K
}
Event: 4.422 GC heap after
{Heap after GC invocations=34 (full 0):
 garbage-first heap   total 132096K, used 74123K [0x00000000ed400000, 0x0000000100000000)
  region size 1024K, 1 young (1024K), 1 survivors (1024K)
 Metaspace       used 2944K, capacity 5003K, committed 5248K, reserved 1056768K
  class space    used 316K, capacity 527K, committed 640K, reserved 1048576K
}
Event: 4.502 GC heap before
{Heap before GC invocations=35 (full 0):
 garbage-first heap   total 132096K, used 116107K [0x00000000ed400000, 0x0000000100000000)
  region size 1024K, 42 young (43008K), 1 survivors (1024K)
 Metaspace       used 2944K, capacity 5003K, committed 5248K, reserved 1056768K
  class space    used 316K, capacity 527K, committed 640K, reserved 1048576K
}
Event: 4.502 GC heap after
{Heap after GC invocations=36 (full 0):
 garbage-first heap   total 132096K, used 74123K [0x00000000ed400000, 0x0000000100000000)
  region size 1024K, 1 young (1024K), 1 survivors (1024K)
 Metaspace       used 2944K, capacity 5003K, committed 5248K, reserved 1056768K
  class space    used 316K, capacity 527K, committed 640K, reserved 1048576K
}
Event: 4.581 GC heap before
{Heap before GC invocations=36 (full 0):
 garbage-first heap   total 132096K, used 116107K [0x00000000ed400000, 0x0000000100000000)
  region size 1024K, 42 young (43008K), 1 survivors (1024K)
 Metaspace       used 2944K, capacity 5003K, committed 5248K, reserved 1056768K
  class space    used 316K, capacity 527K, committed 640K, reserved 1048576K
}
Event: 4.582 GC heap after
{Heap after GC invocations=37 (full 0):
 garbage-first heap   total 132096K, used 74123K [0x00000000ed400000, 0x0000000100000000)
  region size 1024K, 1 young (1024K), 1 survivors (1024K)
 Metaspace       used 2944K, capacity 5003K, committed 5248K, reserved 1056768K
  class space    used 316K, capacity 527K, committed 640K, reserved 1048576K
}
Event: 4.672 GC heap before
{Heap before GC invocations=38 (full 0):
 garbage-first heap   total 132096K, used 116107K [0x00000000ed400000, 0x0000000100000000)
  region size 1024K, 42 young (43008K), 1 survivors (1024K)
 Metaspace       used 2944K, capacity 5003K, committed 5248K, reserved 1056768K
  class space    used 316K, capacity 527K, committed 640K, reserved 1048576K
}
Event: 4.672 GC heap after
{Heap after GC invocations=39 (full 0):
 garbage-first heap   total 132096K, used 74123K [0x00000000ed400000, 0x0000000100000000)
  region size 1024K, 1 young (1024K), 1 survivors (1024K)
 Metaspace       used 2944K, capacity 5003K, committed 5248K, reserved 1056768K
  class space    used 316K, capacity 527K, committed 640K, reserved 1048576K
}
Event: 19.303 GC heap before
{Heap before GC invocations=39 (full 0):
 garbage-first heap   total 132096K, used 81291K [0x00000000ed400000, 0x0000000100000000)
  region size 1024K, 9 young (9216K), 1 survivors (1024K)
 Metaspace       used 5235K, capacity 6032K, committed 6144K, reserved 1056768K
  class space    used 595K, capacity 716K, committed 768K, reserved 1048576K
}
Event: 19.305 GC heap after
{Heap after GC invocations=40 (full 0):
 garbage-first heap   total 132096K, used 74687K [0x00000000ed400000, 0x0000000100000000)
  region size 1024K, 1 young (1024K), 1 survivors (1024K)
 Metaspace       used 5235K, capacity 6032K, committed 6144K, reserved 1056768K
  class space    used 595K, capacity 716K, committed 768K, reserved 1048576K
}
Event: 19.324 GC heap before
{Heap before GC invocations=41 (full 0):
 garbage-first heap   total 157696K, used 100287K [0x00000000ed400000, 0x0000000100000000)
  region size 1024K, 3 young (3072K), 1 survivors (1024K)
 Metaspace       used 5270K, capacity 6034K, committed 6144K, reserved 1056768K
  class space    used 600K, capacity 718K, committed 768K, reserved 1048576K
}
Event: 19.326 GC heap after
{Heap after GC invocations=42 (full 0):
 garbage-first heap   total 157696K, used 85118K [0x00000000ed400000, 0x0000000100000000)
  region size 1024K, 1 young (1024K), 1 survivors (1024K)
 Metaspace       used 5270K, capacity 6034K, committed 6144K, reserved 1056768K
  class space    used 600K, capacity 718K, committed 768K, reserved 1048576K
}

Deoptimization events (20 events):
Event: 4.679 Thread 0x0000017c6f3f4000 Uncommon trap: trap_request=0xffffffde fr.pc=0x0000017c07b146f4 relative=0x00000000000000d4
Event: 4.679 Thread 0x0000017c6f3f4000 Uncommon trap: reason=class_check action=maybe_recompile pc=0x0000017c07b146f4 method=java.nio.Buffer.<init>(IIII)V @ 33 c2
Event: 4.679 Thread 0x0000017c6f3f4000 DEOPT PACKING pc=0x0000017c07b146f4 sp=0x0000007689afec90
Event: 4.679 Thread 0x0000017c6f3f4000 DEOPT UNPACKING pc=0x0000017c0004912f sp=0x0000007689afec48 mode 2
Event: 4.711 Thread 0x0000017c6f3f4000 Uncommon trap: trap_request=0xffffffde fr.pc=0x0000017c07b146f4 relative=0x00000000000000d4
Event: 4.711 Thread 0x0000017c6f3f4000 Uncommon trap: reason=class_check action=maybe_recompile pc=0x0000017c07b146f4 method=java.nio.Buffer.<init>(IIII)V @ 33 c2
Event: 4.711 Thread 0x0000017c6f3f4000 DEOPT PACKING pc=0x0000017c07b146f4 sp=0x0000007689afc780
Event: 4.711 Thread 0x0000017c6f3f4000 DEOPT UNPACKING pc=0x0000017c0004912f sp=0x0000007689afc738 mode 2
Event: 4.751 Thread 0x0000017c6f3f4000 DEOPT PACKING pc=0x0000017c006cfb5f sp=0x0000007689af8a40
Event: 4.751 Thread 0x0000017c6f3f4000 DEOPT UNPACKING pc=0x0000017c0004964e sp=0x0000007689af7eb8 mode 0
Event: 4.752 Thread 0x0000017c6f3f4000 DEOPT PACKING pc=0x0000017c006d81e8 sp=0x0000007689af8c70
Event: 4.752 Thread 0x0000017c6f3f4000 DEOPT UNPACKING pc=0x0000017c0004964e sp=0x0000007689af80e0 mode 0
Event: 4.828 Thread 0x0000017c6f3f4000 Uncommon trap: trap_request=0xffffffde fr.pc=0x0000017c07b146f4 relative=0x00000000000000d4
Event: 4.828 Thread 0x0000017c6f3f4000 Uncommon trap: reason=class_check action=maybe_recompile pc=0x0000017c07b146f4 method=java.nio.Buffer.<init>(IIII)V @ 33 c2
Event: 4.828 Thread 0x0000017c6f3f4000 DEOPT PACKING pc=0x0000017c07b146f4 sp=0x0000007689afed70
Event: 4.828 Thread 0x0000017c6f3f4000 DEOPT UNPACKING pc=0x0000017c0004912f sp=0x0000007689afed28 mode 2
Event: 19.314 Thread 0x0000017c7d2c2800 Uncommon trap: trap_request=0xffffff45 fr.pc=0x0000017c07b1d550 relative=0x0000000000000330
Event: 19.314 Thread 0x0000017c7d2c2800 Uncommon trap: reason=unstable_if action=reinterpret pc=0x0000017c07b1d550 method=java.lang.StringLatin1.indexOf([BI[BII)I @ 91 c2
Event: 19.314 Thread 0x0000017c7d2c2800 DEOPT PACKING pc=0x0000017c07b1d550 sp=0x000000768b8fe110
Event: 19.314 Thread 0x0000017c7d2c2800 DEOPT UNPACKING pc=0x0000017c0004912f sp=0x000000768b8fe070 mode 2

Classes unloaded (0 events):
No events

Classes redefined (0 events):
No events

Internal exceptions (18 events):
Event: 0.394 Thread 0x0000017c6f3f4000 Exception <a 'java/lang/NoSuchMethodError'{0x00000000f4fd31d8}: 'java.lang.Object java.lang.invoke.DirectMethodHandle$Holder.invokeStaticInit(java.lang.Object, int, int, int, int)'> (0x00000000f4fd31d8) 
thrown [t:/workspace/open/src/hotspot/share/interpreter/linkResolver.cpp, line 767]
Event: 1.149 Thread 0x0000017c6f3f4000 Exception <a 'java/lang/NoSuchMethodError'{0x00000000f4d5ee60}: 'java.lang.Object java.lang.invoke.DirectMethodHandle$Holder.invokeStaticInit(java.lang.Object, java.lang.Object, int, int, int, int)'> (0x00000000f4d5ee60) 
thrown [t:/workspace/open/src/hotspot/share/interpreter/linkResolver.cpp, line 767]
Event: 1.300 Thread 0x0000017c6f3f4000 Exception <a 'java/lang/NoSuchMethodError'{0x00000000f4c3ad90}: 'int java.lang.invoke.DirectMethodHandle$Holder.invokeSpecialIFC(java.lang.Object, java.lang.Object, int)'> (0x00000000f4c3ad90) 
thrown [t:/workspace/open/src/hotspot/share/interpreter/linkResolver.cpp, line 767]
Event: 4.678 Thread 0x0000017c6f3f4000 Exception <a 'sun/nio/fs/WindowsException'{0x00000000f54e2540}> (0x00000000f54e2540) 
thrown [t:/workspace/open/src/hotspot/share/prims/jni.cpp, line 598]
Event: 4.827 Thread 0x0000017c6f3f4000 Exception <a 'sun/nio/fs/WindowsException'{0x00000000f51d8070}> (0x00000000f51d8070) 
thrown [t:/workspace/open/src/hotspot/share/prims/jni.cpp, line 598]
Event: 19.217 Thread 0x0000017c7d27b000 Exception <a 'java/lang/NoSuchMethodError'{0x00000000f4e27a18}: static [B.<clinit>()V> (0x00000000f4e27a18) 
thrown [t:/workspace/open/src/hotspot/share/prims/jni.cpp, line 1347]
Event: 19.280 Thread 0x0000017c7d27b000 Exception <a 'java/lang/NoSuchMethodError'{0x00000000f4e7b0e0}: static [Ljava/rmi/server/ObjID;.<clinit>()V> (0x00000000f4e7b0e0) 
thrown [t:/workspace/open/src/hotspot/share/prims/jni.cpp, line 1347]
Event: 19.288 Thread 0x0000017c7d432800 Exception <a 'java/lang/InterruptedException'{0x00000000f4d00000}> (0x00000000f4d00000) 
thrown [t:/workspace/open/src/hotspot/share/runtime/objectMonitor.cpp, line 1403]
Event: 19.289 Thread 0x0000017c7d27b000 Exception <a 'java/lang/NoSuchMethodError'{0x00000000f4e890d8}: 'java.lang.Object java.lang.invoke.DirectMethodHandle$Holder.invokeStatic(java.lang.Object, java.lang.Object, int, int, java.lang.Object, java.lang.Object)'> (0x00000000f4e890d8) 
thrown [t:/workspace/open/src/hotspot/share/interpreter/linkResolver.cpp, line 767]
Event: 19.290 Thread 0x0000017c7d432800 Exception <a 'java/lang/NoSuchMethodError'{0x00000000f4d07970}: 'java.lang.Object java.lang.invoke.DirectMethodHandle$Holder.invokeStatic(java.lang.Object, java.lang.Object, int, java.lang.Object, long)'> (0x00000000f4d07970) 
thrown [t:/workspace/open/src/hotspot/share/interpreter/linkResolver.cpp, line 767]
Event: 19.293 Thread 0x0000017c7d2c2800 Exception <a 'java/lang/IncompatibleClassChangeError'{0x00000000f4d85a20}: Found class java.lang.Object, but interface was expected> (0x00000000f4d85a20) 
thrown [t:/workspace/open/src/hotspot/share/interpreter/linkResolver.cpp, line 833]
Event: 19.295 Thread 0x0000017c7d2c2800 Exception <a 'java/lang/NoSuchMethodError'{0x00000000f4d885d0}: 'java.lang.Object java.lang.invoke.DirectMethodHandle$Holder.invokeVirtual(java.lang.Object, java.lang.Object, int)'> (0x00000000f4d885d0) 
thrown [t:/workspace/open/src/hotspot/share/interpreter/linkResolver.cpp, line 767]
Event: 19.320 Thread 0x0000017c7d2be800 Exception <a 'java/lang/NullPointerException'{0x00000000f548c2a0}> (0x00000000f548c2a0) 
thrown [t:/workspace/open/src/hotspot/share/interpreter/linkResolver.cpp, line 1349]
Event: 19.320 Thread 0x0000017c7d2bc800 Exception <a 'java/lang/NullPointerException'{0x00000000f5410820}> (0x00000000f5410820) 
thrown [t:/workspace/open/src/hotspot/share/interpreter/linkResolver.cpp, line 1349]
Event: 19.323 Thread 0x0000017c7d2be800 Exception <a 'java/lang/NullPointerException'{0x00000000f5493030}> (0x00000000f5493030) 
thrown [t:/workspace/open/src/hotspot/share/interpreter/linkResolver.cpp, line 1431]
Event: 19.323 Thread 0x0000017c7d2bf000 Exception <a 'java/lang/NullPointerException'{0x00000000f538b378}> (0x00000000f538b378) 
thrown [t:/workspace/open/src/hotspot/share/interpreter/linkResolver.cpp, line 1349]
Event: 19.323 Thread 0x0000017c7d2bf000 Exception <a 'java/lang/NullPointerException'{0x00000000f5390ca8}> (0x00000000f5390ca8) 
thrown [t:/workspace/open/src/hotspot/share/interpreter/linkResolver.cpp, line 1431]
Event: 19.331 Thread 0x0000017c7d2bc800 Exception <a 'java/lang/NullPointerException'{0x00000000f6b057a0}> (0x00000000f6b057a0) 
thrown [t:/workspace/open/src/hotspot/share/interpreter/linkResolver.cpp, line 1431]

Events (20 events):
Event: 19.320 loading class dataCollection/bplustree/ValueNode done
Event: 19.320 loading class java/lang/StackTraceElement$HashedModules
Event: 19.320 loading class java/lang/StackTraceElement$HashedModules done
Event: 19.321 Executing VM operation: G1Concurrent
Event: 19.321 Executing VM operation: G1Concurrent done
Event: 19.322 loading class dataCollection/bplustree/BPTreeInFile$LeafNode$KVConstructorAccess
Event: 19.322 loading class dataCollection/bplustree/BPTreeInFile$LeafNode$KVConstructorAccess done
Event: 19.322 loading class dataCollection/bplustree/BPTreeInFile$LeafNode$KVConstructorAccess
Event: 19.322 loading class dataCollection/bplustree/BPTreeInFile$LeafNode$KVConstructorAccess done
Event: 19.323 loading class com/esotericsoftware/kryo/Kryo$DefaultInstantiatorStrategy$2
Event: 19.323 loading class com/esotericsoftware/kryo/Kryo$DefaultInstantiatorStrategy$2 done
Event: 19.324 Executing VM operation: G1CollectForAllocation
Event: 19.329 Executing VM operation: G1CollectForAllocation done
Event: 19.330 Executing VM operation: RevokeBias
Event: 19.330 Executing VM operation: RevokeBias done
Event: 19.332 loading class dataCollection/bplustree/ValueNodeConstructorAccess
Event: 19.332 loading class dataCollection/bplustree/ValueNodeConstructorAccess done
Event: 19.333 loading class dataCollection/bplustree/ValueNodeConstructorAccess
Event: 19.333 loading class dataCollection/bplustree/ValueNodeConstructorAccess done
Event: 19.336 Executing VM operation: G1Concurrent


Dynamic libraries:
0x00007ff6e0860000 - 0x00007ff6e086f000 	C:\Program Files\Java\jdk-13.0.2\bin\java.exe
0x00007ff98e1c0000 - 0x00007ff98e3b0000 	C:\WINDOWS\SYSTEM32\ntdll.dll
0x00007ff98cb00000 - 0x00007ff98cbb2000 	C:\WINDOWS\System32\KERNEL32.DLL
0x00007ff98b610000 - 0x00007ff98b8b3000 	C:\WINDOWS\System32\KERNELBASE.dll
0x00007ff98b1d0000 - 0x00007ff98b2ca000 	C:\WINDOWS\System32\ucrtbase.dll
0x00007ff97d490000 - 0x00007ff97d4a8000 	C:\Program Files\Java\jdk-13.0.2\bin\jli.dll
0x00007ff98d730000 - 0x00007ff98d7d3000 	C:\WINDOWS\System32\ADVAPI32.dll
0x00007ff98cbc0000 - 0x00007ff98cc5e000 	C:\WINDOWS\System32\msvcrt.dll
0x00007ff98dcc0000 - 0x00007ff98dd57000 	C:\WINDOWS\System32\sechost.dll
0x00007ff98c350000 - 0x00007ff98c470000 	C:\WINDOWS\System32\RPCRT4.dll
0x00007ff98c610000 - 0x00007ff98c7a4000 	C:\WINDOWS\System32\USER32.dll
0x00007ff98b2d0000 - 0x00007ff98b2f1000 	C:\WINDOWS\System32\win32u.dll
0x00007ff98e150000 - 0x00007ff98e176000 	C:\WINDOWS\System32\GDI32.dll
0x00007ff98b450000 - 0x00007ff98b5e4000 	C:\WINDOWS\System32\gdi32full.dll
0x00007ff98b3b0000 - 0x00007ff98b44e000 	C:\WINDOWS\System32\msvcp_win.dll
0x00007ff97cc50000 - 0x00007ff97cc65000 	C:\Program Files\Java\jdk-13.0.2\bin\VCRUNTIME140.dll
0x00007ff96d9b0000 - 0x00007ff96dc35000 	C:\WINDOWS\WinSxS\amd64_microsoft.windows.common-controls_6595b64144ccf1df_6.0.18362.720_none_e6beb5c51314836b\COMCTL32.dll
0x00007ff98d3e0000 - 0x00007ff98d716000 	C:\WINDOWS\System32\combase.dll
0x00007ff98b150000 - 0x00007ff98b1d0000 	C:\WINDOWS\System32\bcryptPrimitives.dll
0x00007ff985e80000 - 0x00007ff985e8a000 	C:\WINDOWS\SYSTEM32\VERSION.dll
0x00007ff98d3b0000 - 0x00007ff98d3de000 	C:\WINDOWS\System32\IMM32.DLL
0x00007ff95cfa0000 - 0x00007ff95d03b000 	C:\Program Files\Java\jdk-13.0.2\bin\msvcp140.dll
0x00007ff942e90000 - 0x00007ff9439ed000 	C:\Program Files\Java\jdk-13.0.2\bin\server\jvm.dll
0x00007ff98c270000 - 0x00007ff98c278000 	C:\WINDOWS\System32\PSAPI.DLL
0x00007ff974880000 - 0x00007ff974889000 	C:\WINDOWS\SYSTEM32\WSOCK32.dll
0x00007ff98d7e0000 - 0x00007ff98d84f000 	C:\WINDOWS\System32\WS2_32.dll
0x00007ff982450000 - 0x00007ff982474000 	C:\WINDOWS\SYSTEM32\WINMM.dll
0x00007ff982210000 - 0x00007ff98223d000 	C:\WINDOWS\SYSTEM32\winmmbase.dll
0x00007ff98b8c0000 - 0x00007ff98b90a000 	C:\WINDOWS\System32\cfgmgr32.dll
0x00007ff98b090000 - 0x00007ff98b0a1000 	C:\WINDOWS\System32\kernel.appcore.dll
0x00007ff9827a0000 - 0x00007ff9827b0000 	C:\Program Files\Java\jdk-13.0.2\bin\verify.dll
0x00007ff989930000 - 0x00007ff989b24000 	C:\WINDOWS\SYSTEM32\DBGHELP.DLL
0x00007ff985040000 - 0x00007ff98506a000 	C:\WINDOWS\SYSTEM32\dbgcore.DLL
0x00007ff9777b0000 - 0x00007ff9777d6000 	C:\Program Files\Java\jdk-13.0.2\bin\java.dll
0x00007ff982730000 - 0x00007ff98273e000 	C:\Program Files\Java\jdk-13.0.2\bin\instrument.dll
0x00007ff97afc0000 - 0x00007ff97afd7000 	C:\Program Files\Java\jdk-13.0.2\bin\zip.dll
0x00007ff982720000 - 0x00007ff98272a000 	C:\Program Files\Java\jdk-13.0.2\bin\jimage.dll
0x00007ff98cc60000 - 0x00007ff98d345000 	C:\WINDOWS\System32\SHELL32.dll
0x00007ff98c280000 - 0x00007ff98c329000 	C:\WINDOWS\System32\shcore.dll
0x00007ff98b970000 - 0x00007ff98c0f0000 	C:\WINDOWS\System32\windows.storage.dll
0x00007ff98b100000 - 0x00007ff98b123000 	C:\WINDOWS\System32\profapi.dll
0x00007ff98b0b0000 - 0x00007ff98b0fa000 	C:\WINDOWS\System32\powrprof.dll
0x00007ff98b080000 - 0x00007ff98b090000 	C:\WINDOWS\System32\UMPDC.dll
0x00007ff98c470000 - 0x00007ff98c4c2000 	C:\WINDOWS\System32\shlwapi.dll
0x00007ff98b5f0000 - 0x00007ff98b607000 	C:\WINDOWS\System32\cryptsp.dll
0x00007ff978130000 - 0x00007ff978149000 	C:\Program Files\Java\jdk-13.0.2\bin\net.dll
0x00007ff9857a0000 - 0x00007ff985891000 	C:\WINDOWS\SYSTEM32\WINHTTP.dll
0x00007ff98a8f0000 - 0x00007ff98a957000 	C:\WINDOWS\system32\mswsock.dll
0x00007ff977680000 - 0x00007ff977693000 	C:\Program Files\Java\jdk-13.0.2\bin\nio.dll
0x00007ff981e80000 - 0x00007ff981e9a000 	C:\Program Files\JetBrains\IntelliJ IDEA 2019.3.3\bin\breakgen64.dll
0x00007ff98a460000 - 0x00007ff98a493000 	C:\WINDOWS\system32\rsaenh.dll
0x00007ff98c240000 - 0x00007ff98c266000 	C:\WINDOWS\System32\bcrypt.dll
0x00007ff98af70000 - 0x00007ff98af95000 	C:\WINDOWS\SYSTEM32\USERENV.dll
0x00007ff98aac0000 - 0x00007ff98aacc000 	C:\WINDOWS\SYSTEM32\CRYPTBASE.dll
0x00007ff98a600000 - 0x00007ff98a63a000 	C:\WINDOWS\SYSTEM32\IPHLPAPI.DLL
0x00007ff98d720000 - 0x00007ff98d728000 	C:\WINDOWS\System32\NSI.dll
0x00007ff984d00000 - 0x00007ff984d16000 	C:\WINDOWS\SYSTEM32\dhcpcsvc6.DLL
0x00007ff985100000 - 0x00007ff98511c000 	C:\WINDOWS\SYSTEM32\dhcpcsvc.DLL
0x00007ff98a640000 - 0x00007ff98a70a000 	C:\WINDOWS\SYSTEM32\DNSAPI.dll
0x00007ff9767c0000 - 0x00007ff9767ed000 	C:\Program Files (x86)\Sangfor\SSL\ClientComponent2\SangforNspX64.dll
0x00007ff98df80000 - 0x00007ff98e0d7000 	C:\WINDOWS\System32\ole32.dll
0x00007ff98de30000 - 0x00007ff98def4000 	C:\WINDOWS\System32\OLEAUT32.dll
0x00007ff977810000 - 0x00007ff977826000 	C:\WINDOWS\system32\napinsp.dll
0x00007ff976a20000 - 0x00007ff976a3a000 	C:\WINDOWS\system32\pnrpnsp.dll
0x00007ff977760000 - 0x00007ff97776e000 	C:\WINDOWS\System32\winrnr.dll
0x00007ff985d70000 - 0x00007ff985d8c000 	C:\WINDOWS\system32\NLAapi.dll
0x00007ff986b60000 - 0x00007ff986b75000 	C:\WINDOWS\system32\wshbth.dll
0x00007ff96e840000 - 0x00007ff96e9ba000 	C:\Program Files (x86)\Sangfor\SSL\ClientComponent2\SangforTcpX64.dll
0x00007ff98b910000 - 0x00007ff98b96c000 	C:\WINDOWS\System32\WINTRUST.dll
0x00007ff98b130000 - 0x00007ff98b142000 	C:\WINDOWS\System32\MSASN1.dll
0x00007ff98c0f0000 - 0x00007ff98c239000 	C:\WINDOWS\System32\CRYPT32.dll
0x00007ff985770000 - 0x00007ff98577a000 	C:\Windows\System32\rasadhlp.dll
0x00007ff984800000 - 0x00007ff984877000 	C:\WINDOWS\System32\fwpuclnt.dll
0x00007ff9846b0000 - 0x00007ff9846b7000 	C:\Program Files\Java\jdk-13.0.2\bin\rmi.dll

dbghelp: loaded successfully - version: 4.0.5 - missing functions: none
symbol engine: initialized successfully - sym options: 0x614 - pdb path: .;C:\Program Files\Java\jdk-13.0.2\bin;C:\WINDOWS\SYSTEM32;C:\WINDOWS\WinSxS\amd64_microsoft.windows.common-controls_6595b64144ccf1df_6.0.18362.720_none_e6beb5c51314836b;C:\Program Files\Java\jdk-13.0.2\bin\server;C:\Program Files\JetBrains\IntelliJ IDEA 2019.3.3\bin;C:\Program Files (x86)\Sangfor\SSL\ClientComponent2

VM Arguments:
jvm_args: -Xmx300m -javaagent:C:\Program Files\JetBrains\IntelliJ IDEA 2019.3.3\lib\idea_rt.jar=14389:C:\Program Files\JetBrains\IntelliJ IDEA 2019.3.3\bin -Dfile.encoding=UTF-8 
java_command: service.rmiserver.FileService
java_class_path (initial): C:\Users\deity realm\CS307_DATABASE\out\production\surface_temperature;C:\Users\deity realm\CS307_DATABASE\libs\postgresql-42.2.5.jar;C:\Users\deity realm\.m2\repository\de\ruedigermoeller\fst\2.04\fst-2.04.jar;C:\Users\deity realm\.m2\repository\com\esotericsoftware\kryo-shaded\4.0.2\kryo-shaded-4.0.2.jar;C:\Users\deity realm\.m2\repository\org\objenesis\objenesis\3.1\objenesis-3.1.jar;C:\Users\deity realm\.m2\repository\com\esotericsoftware\minlog\1.3.0\minlog-1.3.0.jar;C:\Users\deity realm\.m2\repository\junit\junit\4.12\junit-4.12.jar;C:\Users\deity realm\.m2\repository\org\hamcrest\hamcrest-core\1.3\hamcrest-core-1.3.jar
Launcher Type: SUN_STANDARD

[Global flags]
     intx CICompilerCount                          = 3                                         {product} {ergonomic}
     uint ConcGCThreads                            = 1                                         {product} {ergonomic}
     uint G1ConcRefinementThreads                  = 4                                         {product} {ergonomic}
   size_t G1HeapRegionSize                         = 1048576                                   {product} {ergonomic}
    uintx GCDrainStackTargetSize                   = 64                                        {product} {ergonomic}
   size_t InitialHeapSize                          = 132120576                                 {product} {ergonomic}
   size_t MarkStackSize                            = 4194304                                   {product} {ergonomic}
   size_t MaxHeapSize                              = 314572800                                 {product} {command line}
   size_t MaxNewSize                               = 188743680                                 {product} {ergonomic}
   size_t MinHeapDeltaBytes                        = 1048576                                   {product} {ergonomic}
   size_t MinHeapSize                              = 8388608                                   {product} {ergonomic}
    uintx NonNMethodCodeHeapSize                   = 5832780                                {pd product} {ergonomic}
    uintx NonProfiledCodeHeapSize                  = 122912730                              {pd product} {ergonomic}
    uintx ProfiledCodeHeapSize                     = 122912730                              {pd product} {ergonomic}
    uintx ReservedCodeCacheSize                    = 251658240                              {pd product} {ergonomic}
     bool SegmentedCodeCache                       = true                                      {product} {ergonomic}
   size_t SoftMaxHeapSize                          = 314572800                              {manageable} {ergonomic}
     bool UseCompressedClassPointers               = true                                 {lp64_product} {ergonomic}
     bool UseCompressedOops                        = true                                 {lp64_product} {ergonomic}
     bool UseG1GC                                  = true                                      {product} {ergonomic}
     bool UseLargePagesIndividualAllocation        = false                                  {pd product} {ergonomic}

Logging:
Log output configuration:
 #0: stdout all=warning uptime,level,tags
 #1: stderr all=off uptime,level,tags

Environment Variables:
JAVA_HOME=C:\Program Files\Java\jdk1.8.0_202
CLASSPATH=.;C:\Program Files\Java\jdk1.8.0_202\lib;C:\Program Files\Java\jdk1.8.0_202\lib\tools.jar;C:\Program Files\Java\jdk1.8.0_202\lib\dt.jar
PATH=C:\Program Files\Java\jdk-13.0.2\bin;C:\Program Files\Java\jdk-10.0.2\bin;C:\sdk-windows_x86\sdk\tools;C:\sdk-windows_x86\sdk\platform-tools;C:\sdk-windows_x86\sdk\build-tools\android-4.4W;C:\Windows\System32;C:\Program Files\Microsoft VS Code\bin;C:\wamp64\bin\mysql\mysql5.7.26\bin;C:\wamp64\bin\php\php7.3.5;C:\wamp64\bin\mariadb\mariadb10.3.14\bin;C:\wamp64\bin\apache\apache2.4.39\bin;C:\Program Files\nodejs;C:\Program Files\MATLAB\R2018a\runtime\win64;C:\Program Files\MATLAB\R2018a\bin;C:\Program Files\PostgreSQL\10\scripts;C:\Program Files\PuTTY\;C:\texlive\2019\bin\win32;C:\Program Files (x86)\mingw-w64\i686-8.1.0-posix-dwarf-rt_v6-rev0\mingw32\bin;C:\Program Files\Pandoc\;C:\Program Files\Java\jdk1.8.0_202\bin;C:\Program Files\Maven\apache-maven-3.6.3\bin;C:\cygwin64\bin;C:\Users\deity realm\AppData\Local\Programs\Python\Python38\Scripts\;C:\Users\deity realm\AppData\Local\Programs\Python\Python38\;C:\Users\deity realm\AppData\Local\Microsoft\WindowsApps;C:\Users\deity realm\AppData\Roaming\npm;C:\Users\deity realm\AppData\Local\GitHubDesktop\bin;C:\Users\deity realm\AppData\Local\Microsoft\WindowsApps;C:\Program Files\JetBrains\IntelliJ IDEA 2019.3.3\bin;;C:\texlive\2019\bin\win32;C:\ProgramData\Microsoft\Windows\Start Menu\Programs\PuTTY (64-bit);
USERNAME=Star Sky
OS=Windows_NT
PROCESSOR_IDENTIFIER=Intel64 Family 6 Model 142 Stepping 9, GenuineIntel



---------------  S Y S T E M  ---------------

OS: Windows 10 , 64 bit Build 18362 (10.0.18362.329)

CPU:total 4 (initial active 4) (2 cores per cpu, 2 threads per core) family 6 model 142 stepping 9, cmov, cx8, fxsr, mmx, sse, sse2, sse3, ssse3, sse4.1, sse4.2, popcnt, avx, avx2, aes, clmul, erms, 3dnowpref, lzcnt, ht, tsc, tscinvbit, bmi1, bmi2, adx, fma

Memory: 4k page, system-wide physical 8001M (2052M free)
TotalPageFile size 22452M (AvailPageFile size 9979M)
current process WorkingSet (physical memory assigned to process): 182M, peak: 183M
current process commit charge ("private bytes"): 241M, peak: 243M

vm_info: Java HotSpot(TM) 64-Bit Server VM (13.0.2+8) for windows-amd64 JRE (13.0.2+8), built on Dec 11 2019 09:20:33 by "mach5one" with unknown MS VC++:1916

END.
