#
# A fatal error has been detected by the Java Runtime Environment:
#
#  EXCEPTION_ACCESS_VIOLATION (0xc0000005) at pc=0x00007ff9433b75f7, pid=16324, tid=8528
#
# JRE version: Java(TM) SE Runtime Environment (13.0.2+8) (build 13.0.2+8)
# Java VM: Java HotSpot(TM) 64-Bit Server VM (13.0.2+8, mixed mode, sharing, tiered, compressed oops, g1 gc, windows-amd64)
# Problematic frame:
# V  [jvm.dll+0x5275f7]
#
# No core dump will be written. Minidumps are not enabled by default on client versions of Windows
#
# If you would like to submit a bug report, please visit:
#   http://bugreport.java.com/bugreport/crash.jsp
#

---------------  S U M M A R Y ------------

Command Line: -Xmx300m -javaagent:C:\Program Files\JetBrains\IntelliJ IDEA 2019.3.3\lib\idea_rt.jar=13831:C:\Program Files\JetBrains\IntelliJ IDEA 2019.3.3\bin -Dfile.encoding=UTF-8 service.rmiserver.FileService

Host: Intel(R) Core(TM) i5-7200U CPU @ 2.50GHz, 4 cores, 7G,  Windows 10 , 64 bit Build 18362 (10.0.18362.329)
Time: Sat Mar 28 17:06:47 2020 ?D1¨²¡À¨º¡Á?¨º¡À?? elapsed time: 13 seconds (0d 0h 0m 13s)

---------------  T H R E A D  ---------------

Current thread (0x000001faef9ca000):  JavaThread "ForkJoinPool.commonPool-worker-3" daemon [_thread_in_vm, id=8528, stack(0x000000c112800000,0x000000c112900000)]

Stack: [0x000000c112800000,0x000000c112900000],  sp=0x000000c1128fe420,  free space=1017k
Native frames: (J=compiled Java code, j=interpreted, Vv=VM code, C=native code)
V  [jvm.dll+0x5275f7]
V  [jvm.dll+0x37a1b7]
V  [jvm.dll+0x3796ff]
C  0x000001fadcd2df98

Java frames: (J=compiled Java code, j=interpreted, Vv=VM code)
j  dataCollection.bplustree.BPTreeInFile$LeafNode.find(ILjava/lang/Object;)Ljava/util/List;+51
j  dataCollection.bplustree.BPTreeInFile$PlusNode.find(ILjava/lang/Object;)Ljava/util/List;+286
j  dataCollection.bplustree.BPTreeInFile$PlusNode.find(ILjava/lang/Object;)Ljava/util/List;+286
j  dataCollection.bplustree.BPTreeInFile$PlusNode.find(ILjava/lang/Object;)Ljava/util/List;+286
j  dataCollection.bplustree.BPTreeInFile.find(ILjava/lang/Object;)Ljava/util/List;+6
j  service.rmiserver.RMIQueryHandler.lambda$handleQueryTTCByTimeCity$0(Lservice/rmiserver/FileService;Ljava/lang/Integer;)Ljava/util/List;+17
j  service.rmiserver.RMIQueryHandler$$Lambda$105.apply(Ljava/lang/Object;)Ljava/lang/Object;+8
j  java.util.stream.ReferencePipeline$3$1.accept(Ljava/lang/Object;)V+12 java.base@13.0.2
j  java.util.ArrayList$ArrayListSpliterator.forEachRemaining(Ljava/util/function/Consumer;)V+95 java.base@13.0.2
j  java.util.stream.AbstractPipeline.copyInto(Ljava/util/stream/Sink;Ljava/util/Spliterator;)V+32 java.base@13.0.2
j  java.util.stream.AbstractPipeline.wrapAndCopyInto(Ljava/util/stream/Sink;Ljava/util/Spliterator;)Ljava/util/stream/Sink;+13 java.base@13.0.2
j  java.util.stream.ReduceOps$ReduceTask.doLeaf()Ljava/util/stream/ReduceOps$AccumulatingSink;+15 java.base@13.0.2
j  java.util.stream.ReduceOps$ReduceTask.doLeaf()Ljava/lang/Object;+1 java.base@13.0.2
j  java.util.stream.AbstractTask.compute()V+129 java.base@13.0.2
j  java.util.concurrent.CountedCompleter.exec()Z+1 java.base@13.0.2
j  java.util.concurrent.ForkJoinTask.doExec()I+10 java.base@13.0.2
j  java.util.concurrent.ForkJoinPool$WorkQueue.topLevelExec(Ljava/util/concurrent/ForkJoinTask;Ljava/util/concurrent/ForkJoinPool$WorkQueue;I)V+11 java.base@13.0.2
j  java.util.concurrent.ForkJoinPool.scan(Ljava/util/concurrent/ForkJoinPool$WorkQueue;I)Z+185 java.base@13.0.2
j  java.util.concurrent.ForkJoinPool.runWorker(Ljava/util/concurrent/ForkJoinPool$WorkQueue;)V+25 java.base@13.0.2
j  java.util.concurrent.ForkJoinWorkerThread.run()V+24 java.base@13.0.2
v  ~StubRoutines::call_stub

siginfo: EXCEPTION_ACCESS_VIOLATION (0xc0000005), reading address 0x0000000000000009


Register to memory mapping:

RIP=0x00007ff9433b75f7 jvm.dll
RAX=0x000000c1128fe4d0 is pointing into the stack for thread: 0x000001faef9ca000
RBX=0x000001faf00772e8 points into unknown readable memory: 01 00 00 00 00 00 00 00
RCX=0x000000c1128fe3f0 is pointing into the stack for thread: 0x000001faef9ca000
RDX=0x000000c1128fe3f0 is pointing into the stack for thread: 0x000001faef9ca000
RSP=0x000000c1128fe420 is pointing into the stack for thread: 0x000001faef9ca000
RBP=0x000000c1128fe520 is pointing into the stack for thread: 0x000001faef9ca000
RSI=0x000000c1128fe6e0 is pointing into the stack for thread: 0x000001faef9ca000
RDI=0x0000000000000001 is an unknown value
R8 =0x0000000000000065 is an unknown value
R9 =0x000001faef2fbe18 is pointing into metadata
R10=0x000001faef2c5d60 is pointing into metadata
R11=0x0 is NULL
R12=0x000001faef776700 points into unknown readable memory: 00 00 00 00 00 00 00 00
R13=0x00000000000000b6 is an unknown value
R14=0x000001faef9ca000 is a thread
R15=0x0 is NULL


Registers:
RAX=0x000000c1128fe4d0, RBX=0x000001faf00772e8, RCX=0x000000c1128fe3f0, RDX=0x000000c1128fe3f0
RSP=0x000000c1128fe420, RBP=0x000000c1128fe520, RSI=0x000000c1128fe6e0, RDI=0x0000000000000001
R8 =0x0000000000000065, R9 =0x000001faef2fbe18, R10=0x000001faef2c5d60, R11=0x0000000000000000
R12=0x000001faef776700, R13=0x00000000000000b6, R14=0x000001faef9ca000, R15=0x0000000000000000
RIP=0x00007ff9433b75f7, EFLAGS=0x0000000000010202

Top of Stack: (sp=0x000000c1128fe420)
0x000000c1128fe420:   000000000000000a 000001faf00772e8
0x000000c1128fe430:   000000c1128fe520 000001faef77ad30
0x000000c1128fe440:   000001faef2c5d60 0000000800533c18
0x000000c1128fe450:   000000080040e328 0000000800417748
0x000000c1128fe460:   000000080040bf10 000001faef9ca000
0x000000c1128fe470:   000001faf00772f0 00007ff94358d88d
0x000000c1128fe480:   00000008003a87d8 00007ff94344e420
0x000000c1128fe490:   000001faf00772e8 000000c1128fe510
0x000000c1128fe4a0:   0000000000000001 000000c1128fe508
0x000000c1128fe4b0:   000000c1128fe590 00007ff94358d6d3
0x000000c1128fe4c0:   00000000f548c8d0 000001faef9ca000
0x000000c1128fe4d0:   000000080040c260 000000080040e0b8
0x000000c1128fe4e0:   00000008000104a0 0000000800bd20f8
0x000000c1128fe4f0:   0000000000000000 0000000000000000
0x000000c1128fe500:   000000c1128f0a01 0000000000000000
0x000000c1128fe510:   000001faef9ca000 000001fadd429d9c 

Instructions: (pc=0x00007ff9433b75f7)
0x00007ff9433b74f7:   ad ff 4c 89 b4 24 38 02 00 00 48 98 0f b6 84 01
0x00007ff9433b7507:   f0 78 52 00 8b 94 81 d4 78 52 00 48 03 d1 ff e2
0x00007ff9433b7517:   48 8b 9d 58 01 00 00 48 8d 8d e0 00 00 00 4c 8b
0x00007ff9433b7527:   cb 45 8b c2 49 8b d3 e8 fd d3 ff ff 48 83 7b 08
0x00007ff9433b7537:   00 75 15 4c 8b cb 48 8d 95 e0 00 00 00 41 b0 01
0x00007ff9433b7547:   48 8b ce e8 31 0c 00 00 48 8d 8d 00 01 00 00 e9
0x00007ff9433b7557:   4f 03 00 00 48 8b bd 58 01 00 00 48 8d 4c 24 78
0x00007ff9433b7567:   4c 8b cf 45 8b c2 49 8b d3 e8 bb d3 ff ff 48 83
0x00007ff9433b7577:   7f 08 00 75 3d 4c 8b c7 48 8d 54 24 78 48 8d 4c
0x00007ff9433b7587:   24 58 e8 52 e2 ff ff 48 83 7f 08 00 75 1a 4c 8b
0x00007ff9433b7597:   cb 48 89 7c 24 20 4c 8d 44 24 58 48 8b ce 48 8d
0x00007ff9433b75a7:   54 24 78 e8 01 15 00 00 48 8d 4c 24 58 e8 e7 ca
0x00007ff9433b75b7:   e1 ff 48 8d 4d 98 e9 e8 02 00 00 4c 8b b5 58 01
0x00007ff9433b75c7:   00 00 48 8d 4d b0 4d 8b ce 45 8b c2 49 8b d3 e8
0x00007ff9433b75d7:   55 d3 ff ff 49 83 7e 08 00 75 73 48 85 db 75 04
0x00007ff9433b75e7:   33 ff eb 25 80 3d cf 2c 55 00 00 48 8b 3b 74 15
0x00007ff9433b75f7:   8b 7f 08 8b 0d e0 d3 4c 00 48 d3 e7 48 03 3d ce
0x00007ff9433b7607:   d3 4c 00 eb 04 48 8b 7f 08 4d 8b c6 48 8d 55 b0
0x00007ff9433b7617:   48 8d 4c 24 68 e8 8f e7 ff ff 49 83 7e 08 00 75
0x00007ff9433b7627:   23 4c 8b 45 c0 48 8d 54 24 68 4c 89 74 24 30 4c
0x00007ff9433b7637:   8b cb c6 44 24 28 01 48 8b ce 48 89 7c 24 20 e8
0x00007ff9433b7647:   e5 19 00 00 48 8d 4c 24 68 e8 4b ca e1 ff 48 8d
0x00007ff9433b7657:   4d d0 e9 4c 02 00 00 48 8b 9d 58 01 00 00 48 8d
0x00007ff9433b7667:   4d e8 4c 8b cb 45 8b c2 49 8b d3 e8 b9 d2 ff ff
0x00007ff9433b7677:   48 83 7b 08 00 0f 85 a7 00 00 00 4c 8b 75 f8 4c
0x00007ff9433b7687:   8d 44 24 40 33 ff 48 8d 55 e8 4c 8b cb 48 89 7c
0x00007ff9433b7697:   24 40 48 8d 4c 24 48 e8 4d ec ff ff 48 39 7b 08
0x00007ff9433b76a7:   75 76 48 39 7c 24 48 75 22 4c 8d 0d 71 69 38 00
0x00007ff9433b76b7:   4c 8d 05 82 69 38 00 8d 57 69 48 8d 0d a8 69 38
0x00007ff9433b76c7:   00 e8 63 47 d2 ff e8 1e d4 0f 00 48 8d 4e 10 4c
0x00007ff9433b76d7:   89 36 48 8d 54 24 48 4c 89 76 08 e8 d9 c9 e1 ff
0x00007ff9433b76e7:   48 8d 4e 20 48 8d 54 24 48 e8 cb c9 e1 ff 48 8b 


Stack slot to memory mapping:
stack at sp + 0 slots: 0x000000000000000a is an unknown value
stack at sp + 1 slots: 0x000001faf00772e8 points into unknown readable memory: 01 00 00 00 00 00 00 00
stack at sp + 2 slots: 0x000000c1128fe520 is pointing into the stack for thread: 0x000001faef9ca000
stack at sp + 3 slots: 0x000001faef77ad30 points into unknown readable memory: 00 00 00 00 00 00 00 00
stack at sp + 4 slots: 0x000001faef2c5d60 is pointing into metadata
stack at sp + 5 slots: 0x0000000800533c18 is pointing into metadata
stack at sp + 6 slots: 0x000000080040e328 is pointing into metadata
stack at sp + 7 slots: 0x0000000800417748 is pointing into metadata


---------------  P R O C E S S  ---------------

Threads class SMR info:
_java_thread_list=0x000001faef8abbf0, length=24, elements={
0x000001faeed92800, 0x000001faeed93800, 0x000001faeedb3000, 0x000001faeedb4000,
0x000001faeedb5000, 0x000001faef679000, 0x000001faef6a0000, 0x000001faeed77000,
0x000001faef84d000, 0x000001faef84e000, 0x000001faef868000, 0x000001faefe79000,
0x000001faeff6b000, 0x000001faefe77800, 0x000001faf00af000, 0x000001fad4814000,
0x000001faefa00000, 0x000001faf0187800, 0x000001faf0189000, 0x000001faf02a0800,
0x000001faef9cb000, 0x000001faef9ca000, 0x000001faef9cf000, 0x000001faef9cb800
}

Java Threads: ( => current thread )
  0x000001faeed92800 JavaThread "Reference Handler" daemon [_thread_blocked, id=34392, stack(0x000000c111000000,0x000000c111100000)]
  0x000001faeed93800 JavaThread "Finalizer" daemon [_thread_blocked, id=9408, stack(0x000000c111100000,0x000000c111200000)]
  0x000001faeedb3000 JavaThread "Signal Dispatcher" daemon [_thread_blocked, id=26188, stack(0x000000c111200000,0x000000c111300000)]
  0x000001faeedb4000 JavaThread "Attach Listener" daemon [_thread_blocked, id=36204, stack(0x000000c111300000,0x000000c111400000)]
  0x000001faeedb5000 JavaThread "C2 CompilerThread0" daemon [_thread_blocked, id=34420, stack(0x000000c111400000,0x000000c111500000)]
  0x000001faef679000 JavaThread "C1 CompilerThread0" daemon [_thread_blocked, id=5704, stack(0x000000c111500000,0x000000c111600000)]
  0x000001faef6a0000 JavaThread "Sweeper thread" daemon [_thread_blocked, id=28536, stack(0x000000c111600000,0x000000c111700000)]
  0x000001faeed77000 JavaThread "Common-Cleaner" daemon [_thread_blocked, id=21908, stack(0x000000c111700000,0x000000c111800000)]
  0x000001faef84d000 JavaThread "Monitor Ctrl-Break" daemon [_thread_in_native, id=19804, stack(0x000000c111800000,0x000000c111900000)]
  0x000001faef84e000 JavaThread "Service Thread" daemon [_thread_blocked, id=29884, stack(0x000000c111900000,0x000000c111a00000)]
  0x000001faef868000 JavaThread "pool-1-thread-1" [_thread_blocked, id=25660, stack(0x000000c111b00000,0x000000c111c00000)]
  0x000001faefe79000 JavaThread "RMI TCP Accept-0" daemon [_thread_in_native, id=29432, stack(0x000000c111d00000,0x000000c111e00000)]
  0x000001faeff6b000 JavaThread "RMI Reaper" [_thread_blocked, id=33020, stack(0x000000c111e00000,0x000000c111f00000)]
  0x000001faefe77800 JavaThread "RMI GC Daemon" daemon [_thread_blocked, id=25088, stack(0x000000c111f00000,0x000000c112000000)]
  0x000001faf00af000 JavaThread "RMI TCP Accept-7718" daemon [_thread_in_native, id=22664, stack(0x000000c111c00000,0x000000c111d00000)]
  0x000001fad4814000 JavaThread "DestroyJavaVM" [_thread_blocked, id=5404, stack(0x000000c110900000,0x000000c110a00000)]
  0x000001faefa00000 JavaThread "RMI TCP Connection(1)-127.0.0.1" daemon [_thread_in_native, id=31208, stack(0x000000c112300000,0x000000c112400000)]
  0x000001faf0187800 JavaThread "RMI Scheduler(0)" daemon [_thread_blocked, id=27916, stack(0x000000c112400000,0x000000c112500000)]
  0x000001faf0189000 JavaThread "RMI TCP Connection(2)-192.168.3.4" daemon [_thread_in_native, id=29660, stack(0x000000c112500000,0x000000c112600000)]
  0x000001faf02a0800 JavaThread "RMI RenewClean-[192.168.3.4:13846]" daemon [_thread_blocked, id=22956, stack(0x000000c112600000,0x000000c112700000)]
  0x000001faef9cb000 JavaThread "pool-1-thread-2" [_thread_blocked, id=33628, stack(0x000000c112700000,0x000000c112800000)]
=>0x000001faef9ca000 JavaThread "ForkJoinPool.commonPool-worker-3" daemon [_thread_in_vm, id=8528, stack(0x000000c112800000,0x000000c112900000)]
  0x000001faef9cf000 JavaThread "ForkJoinPool.commonPool-worker-5" daemon [_thread_blocked, id=22932, stack(0x000000c112900000,0x000000c112a00000)]
  0x000001faef9cb800 JavaThread "ForkJoinPool.commonPool-worker-7" daemon [_thread_blocked, id=32516, stack(0x000000c112a00000,0x000000c112b00000)]

Other Threads:
  0x000001faeed8f000 VMThread "VM Thread" [stack: 0x000000c110f00000,0x000000c111000000] [id=16208] _threads_hazard_ptr=0x000001faef8abbf0
  0x000001faef853800 WatcherThread [stack: 0x000000c111a00000,0x000000c111b00000] [id=33364]
  0x000001fad4837000 GCTaskThread "GC Thread#0" [stack: 0x000000c110a00000,0x000000c110b00000] [id=18212]
  0x000001faef9a6000 GCTaskThread "GC Thread#1" [stack: 0x000000c112000000,0x000000c112100000] [id=35196]
  0x000001faefa1b800 GCTaskThread "GC Thread#2" [stack: 0x000000c112100000,0x000000c112200000] [id=27540]
  0x000001faefa1c800 GCTaskThread "GC Thread#3" [stack: 0x000000c112200000,0x000000c112300000] [id=10744]
  0x000001fad483b000 ConcurrentGCThread "G1 Main Marker" [stack: 0x000000c110b00000,0x000000c110c00000] [id=34332]
  0x000001fad483d000 ConcurrentGCThread "G1 Conc#0" [stack: 0x000000c110c00000,0x000000c110d00000] [id=21336]
  0x000001faeec12800 ConcurrentGCThread "G1 Refine#0" [stack: 0x000000c110d00000,0x000000c110e00000] [id=8616]
  0x000001fad48d4800 ConcurrentGCThread "G1 Young RemSet Sampling" [stack: 0x000000c110e00000,0x000000c110f00000] [id=19204]

Threads with active compile tasks:
C1 CompilerThread0    13239  995       3       java.io.WinNTFileSystem::prefixLength (91 bytes)

VM state:synchronizing (normal execution)

VM Mutex/Monitor currently owned by a thread:  ([mutex/lock_event])
[0x000001fad4810dc0] Threads_lock - owner thread: 0x000001faeed8f000
[0x000001fad480f980] Heap_lock - owner thread: 0x000001fad483b000

Heap address: 0x00000000ed400000, size: 300 MB, Compressed Oops mode: 32-bit
Narrow klass base: 0x0000000800000000, Narrow klass shift: 3
Compressed class space size: 1073741824 Address: 0x0000000800b40000

Heap:
 garbage-first heap   total 140288K, used 96215K [0x00000000ed400000, 0x0000000100000000)
  region size 1024K, 3 young (3072K), 1 survivors (1024K)
 Metaspace       used 5261K, capacity 6032K, committed 6144K, reserved 1056768K
  class space    used 597K, capacity 716K, committed 768K, reserved 1048576K
Heap Regions: E=young(eden), S=young(survivor), O=old, HS=humongous(starts), HC=humongous(continues), CS=collection set, F=free, A=archive, TAMS=top-at-mark-start (previous, next)
|   0|0x00000000ed400000, 0x00000000ed500000, 0x00000000ed500000|100%|HS|  |TAMS 0x00000000ed500000, 0x00000000ed400000| Complete 
|   1|0x00000000ed500000, 0x00000000ed600000, 0x00000000ed600000|100%|HC|  |TAMS 0x00000000ed600000, 0x00000000ed500000| Complete 
|   2|0x00000000ed600000, 0x00000000ed700000, 0x00000000ed700000|100%|HC|  |TAMS 0x00000000ed700000, 0x00000000ed600000| Complete 
|   3|0x00000000ed700000, 0x00000000ed800000, 0x00000000ed800000|100%|HC|  |TAMS 0x00000000ed800000, 0x00000000ed700000| Complete 
|   4|0x00000000ed800000, 0x00000000ed900000, 0x00000000ed900000|100%|HC|  |TAMS 0x00000000ed900000, 0x00000000ed800000| Complete 
|   5|0x00000000ed900000, 0x00000000eda00000, 0x00000000eda00000|100%|HC|  |TAMS 0x00000000eda00000, 0x00000000ed900000| Complete 
|   6|0x00000000eda00000, 0x00000000edb00000, 0x00000000edb00000|100%|HC|  |TAMS 0x00000000edb00000, 0x00000000eda00000| Complete 
|   7|0x00000000edb00000, 0x00000000edc00000, 0x00000000edc00000|100%|HC|  |TAMS 0x00000000edc00000, 0x00000000edb00000| Complete 
|   8|0x00000000edc00000, 0x00000000edd00000, 0x00000000edd00000|100%|HC|  |TAMS 0x00000000edd00000, 0x00000000edc00000| Complete 
|   9|0x00000000edd00000, 0x00000000ede00000, 0x00000000ede00000|100%|HC|  |TAMS 0x00000000ede00000, 0x00000000edd00000| Complete 
|  10|0x00000000ede00000, 0x00000000edf00000, 0x00000000edf00000|100%|HC|  |TAMS 0x00000000edf00000, 0x00000000ede00000| Complete 
|  11|0x00000000edf00000, 0x00000000ee000000, 0x00000000ee000000|100%|HC|  |TAMS 0x00000000ee000000, 0x00000000edf00000| Complete 
|  12|0x00000000ee000000, 0x00000000ee100000, 0x00000000ee100000|100%|HC|  |TAMS 0x00000000ee100000, 0x00000000ee000000| Complete 
|  13|0x00000000ee100000, 0x00000000ee200000, 0x00000000ee200000|100%|HC|  |TAMS 0x00000000ee200000, 0x00000000ee100000| Complete 
|  14|0x00000000ee200000, 0x00000000ee300000, 0x00000000ee300000|100%|HC|  |TAMS 0x00000000ee300000, 0x00000000ee200000| Complete 
|  15|0x00000000ee300000, 0x00000000ee400000, 0x00000000ee400000|100%|HC|  |TAMS 0x00000000ee400000, 0x00000000ee300000| Complete 
|  16|0x00000000ee400000, 0x00000000ee500000, 0x00000000ee500000|100%|HC|  |TAMS 0x00000000ee500000, 0x00000000ee400000| Complete 
|  17|0x00000000ee500000, 0x00000000ee600000, 0x00000000ee600000|100%|HC|  |TAMS 0x00000000ee600000, 0x00000000ee500000| Complete 
|  18|0x00000000ee600000, 0x00000000ee700000, 0x00000000ee700000|100%|HC|  |TAMS 0x00000000ee700000, 0x00000000ee600000| Complete 
|  19|0x00000000ee700000, 0x00000000ee800000, 0x00000000ee800000|100%|HC|  |TAMS 0x00000000ee800000, 0x00000000ee700000| Complete 
|  20|0x00000000ee800000, 0x00000000ee900000, 0x00000000ee900000|100%|HC|  |TAMS 0x00000000ee900000, 0x00000000ee800000| Complete 
|  21|0x00000000ee900000, 0x00000000eea00000, 0x00000000eea00000|100%|HC|  |TAMS 0x00000000eea00000, 0x00000000ee900000| Complete 
|  22|0x00000000eea00000, 0x00000000eeb00000, 0x00000000eeb00000|100%|HC|  |TAMS 0x00000000eeb00000, 0x00000000eea00000| Complete 
|  23|0x00000000eeb00000, 0x00000000eec00000, 0x00000000eec00000|100%|HC|  |TAMS 0x00000000eec00000, 0x00000000eeb00000| Complete 
|  24|0x00000000eec00000, 0x00000000eed00000, 0x00000000eed00000|100%|HC|  |TAMS 0x00000000eed00000, 0x00000000eec00000| Complete 
|  25|0x00000000eed00000, 0x00000000eee00000, 0x00000000eee00000|100%|HC|  |TAMS 0x00000000eee00000, 0x00000000eed00000| Complete 
|  26|0x00000000eee00000, 0x00000000eef00000, 0x00000000eef00000|100%|HC|  |TAMS 0x00000000eef00000, 0x00000000eee00000| Complete 
|  27|0x00000000eef00000, 0x00000000ef000000, 0x00000000ef000000|100%|HC|  |TAMS 0x00000000ef000000, 0x00000000eef00000| Complete 
|  28|0x00000000ef000000, 0x00000000ef100000, 0x00000000ef100000|100%|HC|  |TAMS 0x00000000ef100000, 0x00000000ef000000| Complete 
|  29|0x00000000ef100000, 0x00000000ef200000, 0x00000000ef200000|100%|HC|  |TAMS 0x00000000ef200000, 0x00000000ef100000| Complete 
|  30|0x00000000ef200000, 0x00000000ef300000, 0x00000000ef300000|100%|HC|  |TAMS 0x00000000ef300000, 0x00000000ef200000| Complete 
|  31|0x00000000ef300000, 0x00000000ef400000, 0x00000000ef400000|100%|HC|  |TAMS 0x00000000ef400000, 0x00000000ef300000| Complete 
|  32|0x00000000ef400000, 0x00000000ef500000, 0x00000000ef500000|100%|HC|  |TAMS 0x00000000ef500000, 0x00000000ef400000| Complete 
|  33|0x00000000ef500000, 0x00000000ef600000, 0x00000000ef600000|100%|HC|  |TAMS 0x00000000ef600000, 0x00000000ef500000| Complete 
|  34|0x00000000ef600000, 0x00000000ef700000, 0x00000000ef700000|100%|HC|  |TAMS 0x00000000ef700000, 0x00000000ef600000| Complete 
|  35|0x00000000ef700000, 0x00000000ef800000, 0x00000000ef800000|100%| O|  |TAMS 0x00000000ef800000, 0x00000000ef700000| Updating 
|  36|0x00000000ef800000, 0x00000000ef900000, 0x00000000ef900000|100%|HS|  |TAMS 0x00000000ef900000, 0x00000000ef800000| Complete 
|  37|0x00000000ef900000, 0x00000000efa00000, 0x00000000efa00000|100%|HC|  |TAMS 0x00000000efa00000, 0x00000000ef900000| Complete 
|  38|0x00000000efa00000, 0x00000000efb00000, 0x00000000efb00000|100%|HC|  |TAMS 0x00000000efb00000, 0x00000000efa00000| Complete 
|  39|0x00000000efb00000, 0x00000000efc00000, 0x00000000efc00000|100%|HC|  |TAMS 0x00000000efc00000, 0x00000000efb00000| Complete 
|  40|0x00000000efc00000, 0x00000000efd00000, 0x00000000efd00000|100%|HC|  |TAMS 0x00000000efd00000, 0x00000000efc00000| Complete 
|  41|0x00000000efd00000, 0x00000000efe00000, 0x00000000efe00000|100%|HC|  |TAMS 0x00000000efe00000, 0x00000000efd00000| Complete 
|  42|0x00000000efe00000, 0x00000000eff00000, 0x00000000eff00000|100%|HC|  |TAMS 0x00000000eff00000, 0x00000000efe00000| Complete 
|  43|0x00000000eff00000, 0x00000000f0000000, 0x00000000f0000000|100%|HC|  |TAMS 0x00000000f0000000, 0x00000000eff00000| Complete 
|  44|0x00000000f0000000, 0x00000000f0100000, 0x00000000f0100000|100%|HC|  |TAMS 0x00000000f0100000, 0x00000000f0000000| Complete 
|  45|0x00000000f0100000, 0x00000000f0200000, 0x00000000f0200000|100%|HC|  |TAMS 0x00000000f0200000, 0x00000000f0100000| Complete 
|  46|0x00000000f0200000, 0x00000000f0300000, 0x00000000f0300000|100%|HC|  |TAMS 0x00000000f0300000, 0x00000000f0200000| Complete 
|  47|0x00000000f0300000, 0x00000000f0400000, 0x00000000f0400000|100%|HC|  |TAMS 0x00000000f0400000, 0x00000000f0300000| Complete 
|  48|0x00000000f0400000, 0x00000000f0500000, 0x00000000f0500000|100%|HC|  |TAMS 0x00000000f0500000, 0x00000000f0400000| Complete 
|  49|0x00000000f0500000, 0x00000000f0600000, 0x00000000f0600000|100%|HC|  |TAMS 0x00000000f0600000, 0x00000000f0500000| Complete 
|  50|0x00000000f0600000, 0x00000000f0700000, 0x00000000f0700000|100%|HC|  |TAMS 0x00000000f0700000, 0x00000000f0600000| Complete 
|  51|0x00000000f0700000, 0x00000000f0800000, 0x00000000f0800000|100%|HC|  |TAMS 0x00000000f0800000, 0x00000000f0700000| Complete 
|  52|0x00000000f0800000, 0x00000000f0900000, 0x00000000f0900000|100%|HC|  |TAMS 0x00000000f0900000, 0x00000000f0800000| Complete 
|  53|0x00000000f0900000, 0x00000000f0a00000, 0x00000000f0a00000|100%|HC|  |TAMS 0x00000000f0a00000, 0x00000000f0900000| Complete 
|  54|0x00000000f0a00000, 0x00000000f0b00000, 0x00000000f0b00000|100%|HC|  |TAMS 0x00000000f0b00000, 0x00000000f0a00000| Complete 
|  55|0x00000000f0b00000, 0x00000000f0c00000, 0x00000000f0c00000|100%|HC|  |TAMS 0x00000000f0c00000, 0x00000000f0b00000| Complete 
|  56|0x00000000f0c00000, 0x00000000f0d00000, 0x00000000f0d00000|100%|HC|  |TAMS 0x00000000f0d00000, 0x00000000f0c00000| Complete 
|  57|0x00000000f0d00000, 0x00000000f0e00000, 0x00000000f0e00000|100%|HC|  |TAMS 0x00000000f0e00000, 0x00000000f0d00000| Complete 
|  58|0x00000000f0e00000, 0x00000000f0f00000, 0x00000000f0f00000|100%|HC|  |TAMS 0x00000000f0f00000, 0x00000000f0e00000| Complete 
|  59|0x00000000f0f00000, 0x00000000f1000000, 0x00000000f1000000|100%|HC|  |TAMS 0x00000000f1000000, 0x00000000f0f00000| Complete 
|  60|0x00000000f1000000, 0x00000000f1100000, 0x00000000f1100000|100%|HC|  |TAMS 0x00000000f1100000, 0x00000000f1000000| Complete 
|  61|0x00000000f1100000, 0x00000000f1200000, 0x00000000f1200000|100%|HC|  |TAMS 0x00000000f1200000, 0x00000000f1100000| Complete 
|  62|0x00000000f1200000, 0x00000000f1300000, 0x00000000f1300000|100%|HC|  |TAMS 0x00000000f1300000, 0x00000000f1200000| Complete 
|  63|0x00000000f1300000, 0x00000000f1400000, 0x00000000f1400000|100%|HC|  |TAMS 0x00000000f1400000, 0x00000000f1300000| Complete 
|  64|0x00000000f1400000, 0x00000000f1500000, 0x00000000f1500000|100%|HC|  |TAMS 0x00000000f1500000, 0x00000000f1400000| Complete 
|  65|0x00000000f1500000, 0x00000000f1600000, 0x00000000f1600000|100%|HC|  |TAMS 0x00000000f1600000, 0x00000000f1500000| Complete 
|  66|0x00000000f1600000, 0x00000000f1700000, 0x00000000f1700000|100%|HC|  |TAMS 0x00000000f1700000, 0x00000000f1600000| Complete 
|  67|0x00000000f1700000, 0x00000000f1800000, 0x00000000f1800000|100%|HC|  |TAMS 0x00000000f1800000, 0x00000000f1700000| Complete 
|  68|0x00000000f1800000, 0x00000000f1900000, 0x00000000f1900000|100%|HC|  |TAMS 0x00000000f1900000, 0x00000000f1800000| Complete 
|  69|0x00000000f1900000, 0x00000000f1a00000, 0x00000000f1a00000|100%|HC|  |TAMS 0x00000000f1a00000, 0x00000000f1900000| Complete 
|  70|0x00000000f1a00000, 0x00000000f1b00000, 0x00000000f1b00000|100%|HC|  |TAMS 0x00000000f1b00000, 0x00000000f1a00000| Complete 
|  71|0x00000000f1b00000, 0x00000000f1c00000, 0x00000000f1c00000|100%| O|  |TAMS 0x00000000f1c00000, 0x00000000f1b00000| Updating 
|  72|0x00000000f1c00000, 0x00000000f1c60600, 0x00000000f1d00000| 37%| O|  |TAMS 0x00000000f1c60600, 0x00000000f1c00000| Updating 
|  73|0x00000000f1d00000, 0x00000000f1e00000, 0x00000000f1e00000|100%|HS|  |TAMS 0x00000000f1d00000, 0x00000000f1d00000| Complete 
|  74|0x00000000f1e00000, 0x00000000f1f00000, 0x00000000f1f00000|100%|HC|  |TAMS 0x00000000f1e00000, 0x00000000f1e00000| Complete 
|  75|0x00000000f1f00000, 0x00000000f2000000, 0x00000000f2000000|100%|HS|  |TAMS 0x00000000f1f00000, 0x00000000f1f00000| Complete 
|  76|0x00000000f2000000, 0x00000000f2100000, 0x00000000f2100000|100%|HC|  |TAMS 0x00000000f2000000, 0x00000000f2000000| Complete 
|  77|0x00000000f2100000, 0x00000000f2200000, 0x00000000f2200000|100%|HS|  |TAMS 0x00000000f2100000, 0x00000000f2100000| Complete 
|  78|0x00000000f2200000, 0x00000000f2300000, 0x00000000f2300000|100%|HC|  |TAMS 0x00000000f2200000, 0x00000000f2200000| Complete 
|  79|0x00000000f2300000, 0x00000000f2400000, 0x00000000f2400000|100%|HS|  |TAMS 0x00000000f2300000, 0x00000000f2300000| Complete 
|  80|0x00000000f2400000, 0x00000000f2500000, 0x00000000f2500000|100%|HC|  |TAMS 0x00000000f2400000, 0x00000000f2400000| Complete 
|  81|0x00000000f2500000, 0x00000000f2600000, 0x00000000f2600000|100%|HS|  |TAMS 0x00000000f2500000, 0x00000000f2500000| Complete 
|  82|0x00000000f2600000, 0x00000000f2700000, 0x00000000f2700000|100%|HC|  |TAMS 0x00000000f2600000, 0x00000000f2600000| Complete 
|  83|0x00000000f2700000, 0x00000000f2800000, 0x00000000f2800000|100%|HS|  |TAMS 0x00000000f2700000, 0x00000000f2700000| Complete 
|  84|0x00000000f2800000, 0x00000000f2900000, 0x00000000f2900000|100%|HC|  |TAMS 0x00000000f2800000, 0x00000000f2800000| Complete 
|  85|0x00000000f2900000, 0x00000000f2a00000, 0x00000000f2a00000|100%|HS|  |TAMS 0x00000000f2900000, 0x00000000f2900000| Complete 
|  86|0x00000000f2a00000, 0x00000000f2b00000, 0x00000000f2b00000|100%|HC|  |TAMS 0x00000000f2a00000, 0x00000000f2a00000| Complete 
|  87|0x00000000f2b00000, 0x00000000f2c00000, 0x00000000f2c00000|100%|HS|  |TAMS 0x00000000f2b00000, 0x00000000f2b00000| Complete 
|  88|0x00000000f2c00000, 0x00000000f2d00000, 0x00000000f2d00000|100%|HC|  |TAMS 0x00000000f2c00000, 0x00000000f2c00000| Complete 
|  89|0x00000000f2d00000, 0x00000000f2e00000, 0x00000000f2e00000|100%|HS|  |TAMS 0x00000000f2d00000, 0x00000000f2d00000| Complete 
|  90|0x00000000f2e00000, 0x00000000f2f00000, 0x00000000f2f00000|100%|HC|  |TAMS 0x00000000f2e00000, 0x00000000f2e00000| Complete 
|  91|0x00000000f2f00000, 0x00000000f3000000, 0x00000000f3000000|100%|HS|  |TAMS 0x00000000f2f00000, 0x00000000f2f00000| Complete 
|  92|0x00000000f3000000, 0x00000000f3100000, 0x00000000f3100000|100%|HC|  |TAMS 0x00000000f3000000, 0x00000000f3000000| Complete 
|  93|0x00000000f3100000, 0x00000000f3100000, 0x00000000f3200000|  0%| F|  |TAMS 0x00000000f3100000, 0x00000000f3100000| Untracked 
|  94|0x00000000f3200000, 0x00000000f3200000, 0x00000000f3300000|  0%| F|  |TAMS 0x00000000f3200000, 0x00000000f3200000| Untracked 
|  95|0x00000000f3300000, 0x00000000f3300000, 0x00000000f3400000|  0%| F|  |TAMS 0x00000000f3300000, 0x00000000f3300000| Untracked 
|  96|0x00000000f3400000, 0x00000000f3400000, 0x00000000f3500000|  0%| F|  |TAMS 0x00000000f3400000, 0x00000000f3400000| Untracked 
|  97|0x00000000f3500000, 0x00000000f3500000, 0x00000000f3600000|  0%| F|  |TAMS 0x00000000f3500000, 0x00000000f3500000| Untracked 
|  98|0x00000000f3600000, 0x00000000f3600000, 0x00000000f3700000|  0%| F|  |TAMS 0x00000000f3600000, 0x00000000f3600000| Untracked 
|  99|0x00000000f3700000, 0x00000000f3700000, 0x00000000f3800000|  0%| F|  |TAMS 0x00000000f3700000, 0x00000000f3700000| Untracked 
| 100|0x00000000f3800000, 0x00000000f3800000, 0x00000000f3900000|  0%| F|  |TAMS 0x00000000f3800000, 0x00000000f3800000| Untracked 
| 101|0x00000000f3900000, 0x00000000f3900000, 0x00000000f3a00000|  0%| F|  |TAMS 0x00000000f3900000, 0x00000000f3900000| Untracked 
| 102|0x00000000f3a00000, 0x00000000f3a00000, 0x00000000f3b00000|  0%| F|  |TAMS 0x00000000f3a00000, 0x00000000f3a00000| Untracked 
| 103|0x00000000f3b00000, 0x00000000f3b00000, 0x00000000f3c00000|  0%| F|  |TAMS 0x00000000f3b00000, 0x00000000f3b00000| Untracked 
| 104|0x00000000f3c00000, 0x00000000f3c00000, 0x00000000f3d00000|  0%| F|  |TAMS 0x00000000f3c00000, 0x00000000f3c00000| Untracked 
| 105|0x00000000f3d00000, 0x00000000f3d00000, 0x00000000f3e00000|  0%| F|  |TAMS 0x00000000f3d00000, 0x00000000f3d00000| Untracked 
| 106|0x00000000f3e00000, 0x00000000f3e00000, 0x00000000f3f00000|  0%| F|  |TAMS 0x00000000f3e00000, 0x00000000f3e00000| Untracked 
| 107|0x00000000f3f00000, 0x00000000f3f00000, 0x00000000f4000000|  0%| F|  |TAMS 0x00000000f3f00000, 0x00000000f3f00000| Untracked 
| 108|0x00000000f4000000, 0x00000000f4000000, 0x00000000f4100000|  0%| F|  |TAMS 0x00000000f4000000, 0x00000000f4000000| Untracked 
| 109|0x00000000f4100000, 0x00000000f4100000, 0x00000000f4200000|  0%| F|  |TAMS 0x00000000f4100000, 0x00000000f4100000| Untracked 
| 110|0x00000000f4200000, 0x00000000f4200000, 0x00000000f4300000|  0%| F|  |TAMS 0x00000000f4200000, 0x00000000f4200000| Untracked 
| 111|0x00000000f4300000, 0x00000000f4300000, 0x00000000f4400000|  0%| F|  |TAMS 0x00000000f4300000, 0x00000000f4300000| Untracked 
| 112|0x00000000f4400000, 0x00000000f4400000, 0x00000000f4500000|  0%| F|  |TAMS 0x00000000f4400000, 0x00000000f4400000| Untracked 
| 113|0x00000000f4500000, 0x00000000f4500000, 0x00000000f4600000|  0%| F|  |TAMS 0x00000000f4500000, 0x00000000f4500000| Untracked 
| 114|0x00000000f4600000, 0x00000000f4600000, 0x00000000f4700000|  0%| F|  |TAMS 0x00000000f4600000, 0x00000000f4600000| Untracked 
| 115|0x00000000f4700000, 0x00000000f4700000, 0x00000000f4800000|  0%| F|  |TAMS 0x00000000f4700000, 0x00000000f4700000| Untracked 
| 116|0x00000000f4800000, 0x00000000f4800000, 0x00000000f4900000|  0%| F|  |TAMS 0x00000000f4800000, 0x00000000f4800000| Untracked 
| 117|0x00000000f4900000, 0x00000000f4900000, 0x00000000f4a00000|  0%| F|  |TAMS 0x00000000f4900000, 0x00000000f4900000| Untracked 
| 118|0x00000000f4a00000, 0x00000000f4a00000, 0x00000000f4b00000|  0%| F|  |TAMS 0x00000000f4a00000, 0x00000000f4a00000| Untracked 
| 119|0x00000000f4b00000, 0x00000000f4b95928, 0x00000000f4c00000| 58%| S|CS|TAMS 0x00000000f4b00000, 0x00000000f4b00000| Complete 
| 120|0x00000000f4c00000, 0x00000000f4c00000, 0x00000000f4d00000|  0%| F|  |TAMS 0x00000000f4c00000, 0x00000000f4c00000| Untracked 
| 121|0x00000000f4d00000, 0x00000000f4d00000, 0x00000000f4e00000|  0%| F|  |TAMS 0x00000000f4d00000, 0x00000000f4d00000| Untracked 
| 122|0x00000000f4e00000, 0x00000000f4e00000, 0x00000000f4f00000|  0%| F|  |TAMS 0x00000000f4e00000, 0x00000000f4e00000| Untracked 
| 123|0x00000000f4f00000, 0x00000000f4f00000, 0x00000000f5000000|  0%| F|  |TAMS 0x00000000f4f00000, 0x00000000f4f00000| Untracked 
| 124|0x00000000f5000000, 0x00000000f5000000, 0x00000000f5100000|  0%| F|  |TAMS 0x00000000f5000000, 0x00000000f5000000| Untracked 
| 125|0x00000000f5100000, 0x00000000f5100000, 0x00000000f5200000|  0%| F|  |TAMS 0x00000000f5100000, 0x00000000f5100000| Untracked 
| 126|0x00000000f5200000, 0x00000000f5200000, 0x00000000f5300000|  0%| F|  |TAMS 0x00000000f5200000, 0x00000000f5200000| Untracked 
| 127|0x00000000f5300000, 0x00000000f5400000, 0x00000000f5400000|100%| E|  |TAMS 0x00000000f5300000, 0x00000000f5300000| Complete 
| 128|0x00000000f5400000, 0x00000000f5500000, 0x00000000f5500000|100%| E|CS|TAMS 0x00000000f5400000, 0x00000000f5400000| Complete 
| 129|0x00000000f5500000, 0x00000000f5500000, 0x00000000f5600000|  0%| F|  |TAMS 0x00000000f5500000, 0x00000000f5500000| Untracked 
| 130|0x00000000f5600000, 0x00000000f5600000, 0x00000000f5700000|  0%| F|  |TAMS 0x00000000f5600000, 0x00000000f5600000| Untracked 
| 131|0x00000000f5700000, 0x00000000f5700000, 0x00000000f5800000|  0%| F|  |TAMS 0x00000000f5700000, 0x00000000f5700000| Untracked 
| 132|0x00000000f5800000, 0x00000000f5800000, 0x00000000f5900000|  0%| F|  |TAMS 0x00000000f5800000, 0x00000000f5800000| Untracked 
| 133|0x00000000f5900000, 0x00000000f5900000, 0x00000000f5a00000|  0%| F|  |TAMS 0x00000000f5900000, 0x00000000f5900000| Untracked 
| 134|0x00000000f5a00000, 0x00000000f5a00000, 0x00000000f5b00000|  0%| F|  |TAMS 0x00000000f5a00000, 0x00000000f5a00000| Untracked 
| 135|0x00000000f5b00000, 0x00000000f5b00000, 0x00000000f5c00000|  0%| F|  |TAMS 0x00000000f5b00000, 0x00000000f5b00000| Untracked 
| 136|0x00000000f5c00000, 0x00000000f5c00000, 0x00000000f5d00000|  0%| F|  |TAMS 0x00000000f5c00000, 0x00000000f5c00000| Untracked 

Card table byte_map: [0x000001faebd10000,0x000001faebdb0000] _byte_map_base: 0x000001faeb5a6000

Marking Bits (Prev, Next): (CMBitMap*) 0x000001fad4837c48, (CMBitMap*) 0x000001fad4837c88
 Prev Bits: [0x000001faebe50000, 0x000001faec300000)
 Next Bits: [0x000001faec300000, 0x000001faec7b0000)

Polling page: 0x000001fad3fe0000

Metaspace:

Usage:
  Non-class:      5.19 MB capacity,     4.55 MB ( 88%) used,   630.36 KB ( 12%) free+waste,    21.56 KB ( <1%) overhead. 
      Class:    716.00 KB capacity,   597.56 KB ( 83%) used,   105.81 KB ( 15%) free+waste,    12.63 KB (  2%) overhead. 
       Both:      5.89 MB capacity,     5.14 MB ( 87%) used,   736.17 KB ( 12%) free+waste,    34.19 KB ( <1%) overhead. 

Virtual space:
  Non-class space:        8.00 MB reserved,       5.25 MB ( 66%) committed 
      Class space:        1.00 GB reserved,     768.00 KB ( <1%) committed 
             Both:        1.01 GB reserved,       6.00 MB ( <1%) committed 

Chunk freelists:
   Non-Class:  0 bytes
       Class:  0 bytes
        Both:  0 bytes

MaxMetaspaceSize: 17179869184.00 GB
CompressedClassSpaceSize: 1.00 GB

CodeHeap 'non-profiled nmethods': size=120000Kb used=370Kb max_used=370Kb free=119629Kb
 bounds [0x000001fae47e0000, 0x000001fae4a50000, 0x000001faebd10000]
CodeHeap 'profiled nmethods': size=120000Kb used=1782Kb max_used=1782Kb free=118217Kb
 bounds [0x000001fadd2b0000, 0x000001fadd520000, 0x000001fae47e0000]
CodeHeap 'non-nmethods': size=5760Kb used=1208Kb max_used=1223Kb free=4551Kb
 bounds [0x000001fadcd10000, 0x000001fadcf80000, 0x000001fadd2b0000]
 total_blobs=1958 nmethods=991 adapters=381
 compilation: enabled
              stopped_count=0, restarted_count=0
 full_count=0

Compilation events (20 events):
Event: 13.111 Thread 0x000001faef679000 nmethod 984 0x000001fadd467c90 code [0x000001fadd467e40, 0x000001fadd467fb0]
Event: 13.112 Thread 0x000001faef679000  986       3       java.lang.StringLatin1::indexOf (121 bytes)
Event: 13.112 Thread 0x000001faef679000 nmethod 986 0x000001fadd468090 code [0x000001fadd468260, 0x000001fadd468798]
Event: 13.114 Thread 0x000001faef679000  987       3       java.lang.Character::isWhitespace (5 bytes)
Event: 13.114 Thread 0x000001faef679000 nmethod 987 0x000001fadd468a10 code [0x000001fadd468be0, 0x000001fadd468ea0]
Event: 13.114 Thread 0x000001faef679000  988       3       java.lang.Character::isWhitespace (9 bytes)
Event: 13.114 Thread 0x000001faef679000 nmethod 988 0x000001fadd468f90 code [0x000001fadd469140, 0x000001fadd4693a0]
Event: 13.114 Thread 0x000001faef679000  989       3       com.esotericsoftware.kryo.util.MapReferenceResolver::setReadObject (11 bytes)
Event: 13.115 Thread 0x000001faef679000 nmethod 989 0x000001fadd469490 code [0x000001fadd469680, 0x000001fadd469c50]
Event: 13.115 Thread 0x000001faef679000  993       3       com.esotericsoftware.kryo.Kryo::reference (86 bytes)
Event: 13.116 Thread 0x000001faef679000 nmethod 993 0x000001fadd469e90 code [0x000001fadd46a0e0, 0x000001fadd46aad0]
Event: 13.116 Thread 0x000001faef679000  990       3       com.esotericsoftware.kryo.io.Input::readString (127 bytes)
Event: 13.117 Thread 0x000001faef679000 nmethod 990 0x000001fadd46ae90 code [0x000001fadd46b0c0, 0x000001fadd46b850]
Event: 13.117 Thread 0x000001faef679000  991       3       com.esotericsoftware.kryo.serializers.DefaultSerializers$StringSerializer::read (8 bytes)
Event: 13.117 Thread 0x000001faef679000 nmethod 991 0x000001fadd46bb10 code [0x000001fadd46bcc0, 0x000001fadd46bed0]
Event: 13.117 Thread 0x000001faef679000  992       3       com.esotericsoftware.kryo.serializers.DefaultSerializers$StringSerializer::read (5 bytes)
Event: 13.117 Thread 0x000001faef679000 nmethod 992 0x000001fadd46c010 code [0x000001fadd46c1c0, 0x000001fadd46c370]
Event: 13.117 Thread 0x000001faef679000  994       3       java.net.URLStreamHandler::setURL (73 bytes)
Event: 13.119 Thread 0x000001faef679000 nmethod 994 0x000001fadd46c490 code [0x000001fadd46c780, 0x000001fadd46d680]
Event: 13.120 Thread 0x000001faef679000  995       3       java.io.WinNTFileSystem::prefixLength (91 bytes)

GC Heap History (20 events):
Event: 4.251 GC heap before
{Heap before GC invocations=26 (full 0):
 garbage-first heap   total 132096K, used 116143K [0x00000000ed400000, 0x0000000100000000)
  region size 1024K, 42 young (43008K), 1 survivors (1024K)
 Metaspace       used 2951K, capacity 5003K, committed 5248K, reserved 1056768K
  class space    used 316K, capacity 527K, committed 640K, reserved 1048576K
}
Event: 4.251 GC heap after
{Heap after GC invocations=27 (full 0):
 garbage-first heap   total 132096K, used 74114K [0x00000000ed400000, 0x0000000100000000)
  region size 1024K, 1 young (1024K), 1 survivors (1024K)
 Metaspace       used 2951K, capacity 5003K, committed 5248K, reserved 1056768K
  class space    used 316K, capacity 527K, committed 640K, reserved 1048576K
}
Event: 4.376 GC heap before
{Heap before GC invocations=27 (full 0):
 garbage-first heap   total 132096K, used 116098K [0x00000000ed400000, 0x0000000100000000)
  region size 1024K, 42 young (43008K), 1 survivors (1024K)
 Metaspace       used 2951K, capacity 5003K, committed 5248K, reserved 1056768K
  class space    used 316K, capacity 527K, committed 640K, reserved 1048576K
}
Event: 4.376 GC heap after
{Heap after GC invocations=28 (full 0):
 garbage-first heap   total 132096K, used 74115K [0x00000000ed400000, 0x0000000100000000)
  region size 1024K, 1 young (1024K), 1 survivors (1024K)
 Metaspace       used 2951K, capacity 5003K, committed 5248K, reserved 1056768K
  class space    used 316K, capacity 527K, committed 640K, reserved 1048576K
}
Event: 4.498 GC heap before
{Heap before GC invocations=29 (full 0):
 garbage-first heap   total 132096K, used 116099K [0x00000000ed400000, 0x0000000100000000)
  region size 1024K, 42 young (43008K), 1 survivors (1024K)
 Metaspace       used 2951K, capacity 5003K, committed 5248K, reserved 1056768K
  class space    used 316K, capacity 527K, committed 640K, reserved 1048576K
}
Event: 4.499 GC heap after
{Heap after GC invocations=30 (full 0):
 garbage-first heap   total 132096K, used 74115K [0x00000000ed400000, 0x0000000100000000)
  region size 1024K, 1 young (1024K), 1 survivors (1024K)
 Metaspace       used 2951K, capacity 5003K, committed 5248K, reserved 1056768K
  class space    used 316K, capacity 527K, committed 640K, reserved 1048576K
}
Event: 4.635 GC heap before
{Heap before GC invocations=30 (full 0):
 garbage-first heap   total 132096K, used 116099K [0x00000000ed400000, 0x0000000100000000)
  region size 1024K, 42 young (43008K), 1 survivors (1024K)
 Metaspace       used 2951K, capacity 5003K, committed 5248K, reserved 1056768K
  class space    used 316K, capacity 527K, committed 640K, reserved 1048576K
}
Event: 4.635 GC heap after
{Heap after GC invocations=31 (full 0):
 garbage-first heap   total 132096K, used 74113K [0x00000000ed400000, 0x0000000100000000)
  region size 1024K, 0 young (0K), 0 survivors (0K)
 Metaspace       used 2951K, capacity 5003K, committed 5248K, reserved 1056768K
  class space    used 316K, capacity 527K, committed 640K, reserved 1048576K
}
Event: 4.767 GC heap before
{Heap before GC invocations=32 (full 0):
 garbage-first heap   total 132096K, used 117121K [0x00000000ed400000, 0x0000000100000000)
  region size 1024K, 42 young (43008K), 0 survivors (0K)
 Metaspace       used 2951K, capacity 5003K, committed 5248K, reserved 1056768K
  class space    used 316K, capacity 527K, committed 640K, reserved 1048576K
}
Event: 4.767 GC heap after
{Heap after GC invocations=33 (full 0):
 garbage-first heap   total 132096K, used 74115K [0x00000000ed400000, 0x0000000100000000)
  region size 1024K, 1 young (1024K), 1 survivors (1024K)
 Metaspace       used 2951K, capacity 5003K, committed 5248K, reserved 1056768K
  class space    used 316K, capacity 527K, committed 640K, reserved 1048576K
}
Event: 4.884 GC heap before
{Heap before GC invocations=33 (full 0):
 garbage-first heap   total 132096K, used 116099K [0x00000000ed400000, 0x0000000100000000)
  region size 1024K, 42 young (43008K), 1 survivors (1024K)
 Metaspace       used 2951K, capacity 5003K, committed 5248K, reserved 1056768K
  class space    used 316K, capacity 527K, committed 640K, reserved 1048576K
}
Event: 4.885 GC heap after
{Heap after GC invocations=34 (full 0):
 garbage-first heap   total 132096K, used 74115K [0x00000000ed400000, 0x0000000100000000)
  region size 1024K, 1 young (1024K), 1 survivors (1024K)
 Metaspace       used 2951K, capacity 5003K, committed 5248K, reserved 1056768K
  class space    used 316K, capacity 527K, committed 640K, reserved 1048576K
}
Event: 5.008 GC heap before
{Heap before GC invocations=35 (full 0):
 garbage-first heap   total 132096K, used 116099K [0x00000000ed400000, 0x0000000100000000)
  region size 1024K, 42 young (43008K), 1 survivors (1024K)
 Metaspace       used 2951K, capacity 5003K, committed 5248K, reserved 1056768K
  class space    used 316K, capacity 527K, committed 640K, reserved 1048576K
}
Event: 5.009 GC heap after
{Heap after GC invocations=36 (full 0):
 garbage-first heap   total 132096K, used 74115K [0x00000000ed400000, 0x0000000100000000)
  region size 1024K, 1 young (1024K), 1 survivors (1024K)
 Metaspace       used 2951K, capacity 5003K, committed 5248K, reserved 1056768K
  class space    used 316K, capacity 527K, committed 640K, reserved 1048576K
}
Event: 5.127 GC heap before
{Heap before GC invocations=36 (full 0):
 garbage-first heap   total 132096K, used 116099K [0x00000000ed400000, 0x0000000100000000)
  region size 1024K, 42 young (43008K), 1 survivors (1024K)
 Metaspace       used 2951K, capacity 5003K, committed 5248K, reserved 1056768K
  class space    used 316K, capacity 527K, committed 640K, reserved 1048576K
}
Event: 5.128 GC heap after
{Heap after GC invocations=37 (full 0):
 garbage-first heap   total 132096K, used 74115K [0x00000000ed400000, 0x0000000100000000)
  region size 1024K, 1 young (1024K), 1 survivors (1024K)
 Metaspace       used 2951K, capacity 5003K, committed 5248K, reserved 1056768K
  class space    used 316K, capacity 527K, committed 640K, reserved 1048576K
}
Event: 5.251 GC heap before
{Heap before GC invocations=38 (full 0):
 garbage-first heap   total 132096K, used 116099K [0x00000000ed400000, 0x0000000100000000)
  region size 1024K, 42 young (43008K), 1 survivors (1024K)
 Metaspace       used 2951K, capacity 5003K, committed 5248K, reserved 1056768K
  class space    used 316K, capacity 527K, committed 640K, reserved 1048576K
}
Event: 5.252 GC heap after
{Heap after GC invocations=39 (full 0):
 garbage-first heap   total 132096K, used 74115K [0x00000000ed400000, 0x0000000100000000)
  region size 1024K, 1 young (1024K), 1 survivors (1024K)
 Metaspace       used 2951K, capacity 5003K, committed 5248K, reserved 1056768K
  class space    used 316K, capacity 527K, committed 640K, reserved 1048576K
}
Event: 13.090 GC heap before
{Heap before GC invocations=39 (full 0):
 garbage-first heap   total 132096K, used 82307K [0x00000000ed400000, 0x0000000100000000)
  region size 1024K, 10 young (10240K), 1 survivors (1024K)
 Metaspace       used 5237K, capacity 6032K, committed 6144K, reserved 1056768K
  class space    used 595K, capacity 716K, committed 768K, reserved 1048576K
}
Event: 13.092 GC heap after
{Heap after GC invocations=40 (full 0):
 garbage-first heap   total 132096K, used 74711K [0x00000000ed400000, 0x0000000100000000)
  region size 1024K, 1 young (1024K), 1 survivors (1024K)
 Metaspace       used 5237K, capacity 6032K, committed 6144K, reserved 1056768K
  class space    used 595K, capacity 716K, committed 768K, reserved 1048576K
}

Deoptimization events (20 events):
Event: 5.254 Thread 0x000001fad4814000 Uncommon trap: trap_request=0xffffff45 fr.pc=0x000001fae48215b4 relative=0x0000000000000174
Event: 5.254 Thread 0x000001fad4814000 Uncommon trap: reason=unstable_if action=reinterpret pc=0x000001fae48215b4 method=java.nio.charset.CharsetDecoder.decode(Ljava/nio/ByteBuffer;Ljava/nio/CharBuffer;Z)Ljava/nio/charset/CoderResult; @ 15 c2
Event: 5.254 Thread 0x000001fad4814000 DEOPT PACKING pc=0x000001fae48215b4 sp=0x000000c1109ff050
Event: 5.254 Thread 0x000001fad4814000 DEOPT UNPACKING pc=0x000001fadcd5912f sp=0x000000c1109fefe8 mode 2
Event: 5.254 Thread 0x000001fad4814000 Uncommon trap: trap_request=0xffffff45 fr.pc=0x000001fae481e784 relative=0x0000000000000204
Event: 5.254 Thread 0x000001fad4814000 Uncommon trap: reason=unstable_if action=reinterpret pc=0x000001fae481e784 method=dataCollection.bplustree.LineManager.<init>(Ljava/lang/String;Z)V @ 137 c2
Event: 5.254 Thread 0x000001fad4814000 DEOPT PACKING pc=0x000001fae481e784 sp=0x000000c1109ff490
Event: 5.254 Thread 0x000001fad4814000 DEOPT UNPACKING pc=0x000001fadcd5912f sp=0x000000c1109ff450 mode 2
Event: 5.390 Thread 0x000001fad4814000 DEOPT PACKING pc=0x000001fadd3dc15f sp=0x000000c1109f8d90
Event: 5.390 Thread 0x000001fad4814000 DEOPT UNPACKING pc=0x000001fadcd5964e sp=0x000000c1109f8208 mode 0
Event: 5.391 Thread 0x000001fad4814000 DEOPT PACKING pc=0x000001fadd3e3b68 sp=0x000000c1109f8fc0
Event: 5.391 Thread 0x000001fad4814000 DEOPT UNPACKING pc=0x000001fadcd5964e sp=0x000000c1109f8430 mode 0
Event: 5.409 Thread 0x000001fad4814000 Uncommon trap: trap_request=0xffffff45 fr.pc=0x000001fae480dec8 relative=0x0000000000001568
Event: 5.409 Thread 0x000001fad4814000 Uncommon trap: reason=unstable_if action=reinterpret pc=0x000001fae480dec8 method=java.util.HashMap.hash(Ljava/lang/Object;)I @ 1 c2
Event: 5.409 Thread 0x000001fad4814000 DEOPT PACKING pc=0x000001fae480dec8 sp=0x000000c1109fd340
Event: 5.409 Thread 0x000001fad4814000 DEOPT UNPACKING pc=0x000001fadcd5912f sp=0x000000c1109fd300 mode 2
Event: 13.108 Thread 0x000001faef9cb000 Uncommon trap: trap_request=0xffffff45 fr.pc=0x000001fae482ccd0 relative=0x0000000000000330
Event: 13.108 Thread 0x000001faef9cb000 Uncommon trap: reason=unstable_if action=reinterpret pc=0x000001fae482ccd0 method=java.lang.StringLatin1.indexOf([BI[BII)I @ 91 c2
Event: 13.108 Thread 0x000001faef9cb000 DEOPT PACKING pc=0x000001fae482ccd0 sp=0x000000c1127fe290
Event: 13.108 Thread 0x000001faef9cb000 DEOPT UNPACKING pc=0x000001fadcd5912f sp=0x000000c1127fe1f0 mode 2

Classes unloaded (0 events):
No events

Classes redefined (0 events):
No events

Internal exceptions (14 events):
Event: 0.488 Thread 0x000001fad4814000 Exception <a 'java/lang/NoSuchMethodError'{0x00000000f4e1af70}: 'java.lang.Object java.lang.invoke.DirectMethodHandle$Holder.invokeStaticInit(java.lang.Object, int, int, int, int)'> (0x00000000f4e1af70) 
thrown [t:/workspace/open/src/hotspot/share/interpreter/linkResolver.cpp, line 767]
Event: 1.250 Thread 0x000001fad4814000 Exception <a 'java/lang/NoSuchMethodError'{0x00000000f4ec5938}: 'java.lang.Object java.lang.invoke.DirectMethodHandle$Holder.invokeStaticInit(java.lang.Object, java.lang.Object, int, int, int, int)'> (0x00000000f4ec5938) 
thrown [t:/workspace/open/src/hotspot/share/interpreter/linkResolver.cpp, line 767]
Event: 1.405 Thread 0x000001fad4814000 Exception <a 'java/lang/NoSuchMethodError'{0x00000000f4c31fd0}: 'int java.lang.invoke.DirectMethodHandle$Holder.invokeSpecialIFC(java.lang.Object, java.lang.Object, int)'> (0x00000000f4c31fd0) 
thrown [t:/workspace/open/src/hotspot/share/interpreter/linkResolver.cpp, line 767]
Event: 5.254 Thread 0x000001fad4814000 Implicit null exception at 0x000001fae481e628 to 0x000001fae481e76a
Event: 5.262 Thread 0x000001fad4814000 Exception <a 'sun/nio/fs/WindowsException'{0x00000000f54e25a8}> (0x00000000f54e25a8) 
thrown [t:/workspace/open/src/hotspot/share/prims/jni.cpp, line 598]
Event: 5.409 Thread 0x000001fad4814000 Implicit null exception at 0x000001fae480c9b1 to 0x000001fae480deb2
Event: 5.495 Thread 0x000001fad4814000 Exception <a 'sun/nio/fs/WindowsException'{0x00000000f51d7fb0}> (0x00000000f51d7fb0) 
thrown [t:/workspace/open/src/hotspot/share/prims/jni.cpp, line 598]
Event: 12.997 Thread 0x000001faf0189000 Exception <a 'java/lang/NoSuchMethodError'{0x00000000f4e27a38}: static [B.<clinit>()V> (0x00000000f4e27a38) 
thrown [t:/workspace/open/src/hotspot/share/prims/jni.cpp, line 1347]
Event: 13.071 Thread 0x000001faf0189000 Exception <a 'java/lang/NoSuchMethodError'{0x00000000f4e7b768}: static [Ljava/rmi/server/ObjID;.<clinit>()V> (0x00000000f4e7b768) 
thrown [t:/workspace/open/src/hotspot/share/prims/jni.cpp, line 1347]
Event: 13.078 Thread 0x000001faf02a0800 Exception <a 'java/lang/InterruptedException'{0x00000000f4d00000}> (0x00000000f4d00000) 
thrown [t:/workspace/open/src/hotspot/share/runtime/objectMonitor.cpp, line 1403]
Event: 13.080 Thread 0x000001faf0189000 Exception <a 'java/lang/NoSuchMethodError'{0x00000000f4e89798}: 'java.lang.Object java.lang.invoke.DirectMethodHandle$Holder.invokeStatic(java.lang.Object, java.lang.Object, int, int, java.lang.Object, java.lang.Object)'> (0x00000000f4e89798) 
thrown [t:/workspace/open/src/hotspot/share/interpreter/linkResolver.cpp, line 767]
Event: 13.081 Thread 0x000001faf02a0800 Exception <a 'java/lang/NoSuchMethodError'{0x00000000f4d07970}: 'java.lang.Object java.lang.invoke.DirectMethodHandle$Holder.invokeStatic(java.lang.Object, java.lang.Object, int, java.lang.Object, long)'> (0x00000000f4d07970) 
thrown [t:/workspace/open/src/hotspot/share/interpreter/linkResolver.cpp, line 767]
Event: 13.085 Thread 0x000001faef9cb000 Exception <a 'java/lang/IncompatibleClassChangeError'{0x00000000f4d85a20}: Found class java.lang.Object, but interface was expected> (0x00000000f4d85a20) 
thrown [t:/workspace/open/src/hotspot/share/interpreter/linkResolver.cpp, line 833]
Event: 13.085 Thread 0x000001faef9cb000 Exception <a 'java/lang/NoSuchMethodError'{0x00000000f4d885d0}: 'java.lang.Object java.lang.invoke.DirectMethodHandle$Holder.invokeVirtual(java.lang.Object, java.lang.Object, int)'> (0x00000000f4d885d0) 
thrown [t:/workspace/open/src/hotspot/share/interpreter/linkResolver.cpp, line 767]

Events (20 events):
Event: 13.112 loading class dataCollection/bplustree/BPTreeInFile$LeafNodeConstructorAccess
Event: 13.112 loading class dataCollection/bplustree/BPTreeInFile$LeafNodeConstructorAccess done
Event: 13.113 Executing VM operation: RevokeBias done
Event: 13.113 Executing VM operation: RevokeBias
Event: 13.114 loading class dataCollection/bplustree/ValueNode
Event: 13.114 loading class dataCollection/bplustree/ValueNode done
Event: 13.115 loading class dataCollection/bplustree/BPTreeInFile$LeafNode$KVConstructorAccess
Event: 13.115 loading class dataCollection/bplustree/BPTreeInFile$LeafNode$KVConstructorAccess done
Event: 13.116 loading class dataCollection/bplustree/BPTreeInFile$LeafNode$KVConstructorAccess
Event: 13.116 loading class dataCollection/bplustree/BPTreeInFile$LeafNode$KVConstructorAccess done
Event: 13.116 loading class com/esotericsoftware/kryo/Kryo$DefaultInstantiatorStrategy$2
Event: 13.116 loading class com/esotericsoftware/kryo/Kryo$DefaultInstantiatorStrategy$2 done
Event: 13.117 Executing VM operation: RevokeBias done
Event: 13.117 Executing VM operation: RevokeBias
Event: 13.117 Executing VM operation: RevokeBias done
Event: 13.120 loading class dataCollection/bplustree/ValueNodeConstructorAccess
Event: 13.120 loading class dataCollection/bplustree/ValueNodeConstructorAccess done
Event: 13.120 loading class dataCollection/bplustree/ValueNodeConstructorAccess
Event: 13.120 loading class dataCollection/bplustree/ValueNodeConstructorAccess done
Event: 13.121 Executing VM operation: G1Concurrent


Dynamic libraries:
0x00007ff6e0860000 - 0x00007ff6e086f000 	C:\Program Files\Java\jdk-13.0.2\bin\java.exe
0x00007ff98e1c0000 - 0x00007ff98e3b0000 	C:\WINDOWS\SYSTEM32\ntdll.dll
0x00007ff98cb00000 - 0x00007ff98cbb2000 	C:\WINDOWS\System32\KERNEL32.DLL
0x00007ff98b610000 - 0x00007ff98b8b3000 	C:\WINDOWS\System32\KERNELBASE.dll
0x00007ff98b1d0000 - 0x00007ff98b2ca000 	C:\WINDOWS\System32\ucrtbase.dll
0x00007ff97d490000 - 0x00007ff97d4a8000 	C:\Program Files\Java\jdk-13.0.2\bin\jli.dll
0x00007ff98d730000 - 0x00007ff98d7d3000 	C:\WINDOWS\System32\ADVAPI32.dll
0x00007ff98cbc0000 - 0x00007ff98cc5e000 	C:\WINDOWS\System32\msvcrt.dll
0x00007ff98dcc0000 - 0x00007ff98dd57000 	C:\WINDOWS\System32\sechost.dll
0x00007ff98c350000 - 0x00007ff98c470000 	C:\WINDOWS\System32\RPCRT4.dll
0x00007ff98c610000 - 0x00007ff98c7a4000 	C:\WINDOWS\System32\USER32.dll
0x00007ff98b2d0000 - 0x00007ff98b2f1000 	C:\WINDOWS\System32\win32u.dll
0x00007ff98e150000 - 0x00007ff98e176000 	C:\WINDOWS\System32\GDI32.dll
0x00007ff98b450000 - 0x00007ff98b5e4000 	C:\WINDOWS\System32\gdi32full.dll
0x00007ff98b3b0000 - 0x00007ff98b44e000 	C:\WINDOWS\System32\msvcp_win.dll
0x00007ff97cc50000 - 0x00007ff97cc65000 	C:\Program Files\Java\jdk-13.0.2\bin\VCRUNTIME140.dll
0x00007ff96d9b0000 - 0x00007ff96dc35000 	C:\WINDOWS\WinSxS\amd64_microsoft.windows.common-controls_6595b64144ccf1df_6.0.18362.720_none_e6beb5c51314836b\COMCTL32.dll
0x00007ff98d3e0000 - 0x00007ff98d716000 	C:\WINDOWS\System32\combase.dll
0x00007ff98b150000 - 0x00007ff98b1d0000 	C:\WINDOWS\System32\bcryptPrimitives.dll
0x00007ff985e80000 - 0x00007ff985e8a000 	C:\WINDOWS\SYSTEM32\VERSION.dll
0x00007ff98d3b0000 - 0x00007ff98d3de000 	C:\WINDOWS\System32\IMM32.DLL
0x00007ff95cfa0000 - 0x00007ff95d03b000 	C:\Program Files\Java\jdk-13.0.2\bin\msvcp140.dll
0x00007ff942e90000 - 0x00007ff9439ed000 	C:\Program Files\Java\jdk-13.0.2\bin\server\jvm.dll
0x00007ff98c270000 - 0x00007ff98c278000 	C:\WINDOWS\System32\PSAPI.DLL
0x00007ff974880000 - 0x00007ff974889000 	C:\WINDOWS\SYSTEM32\WSOCK32.dll
0x00007ff98d7e0000 - 0x00007ff98d84f000 	C:\WINDOWS\System32\WS2_32.dll
0x00007ff982450000 - 0x00007ff982474000 	C:\WINDOWS\SYSTEM32\WINMM.dll
0x00007ff982210000 - 0x00007ff98223d000 	C:\WINDOWS\SYSTEM32\winmmbase.dll
0x00007ff98b8c0000 - 0x00007ff98b90a000 	C:\WINDOWS\System32\cfgmgr32.dll
0x00007ff98b090000 - 0x00007ff98b0a1000 	C:\WINDOWS\System32\kernel.appcore.dll
0x00007ff9827a0000 - 0x00007ff9827b0000 	C:\Program Files\Java\jdk-13.0.2\bin\verify.dll
0x00007ff989930000 - 0x00007ff989b24000 	C:\WINDOWS\SYSTEM32\DBGHELP.DLL
0x00007ff985040000 - 0x00007ff98506a000 	C:\WINDOWS\SYSTEM32\dbgcore.DLL
0x00007ff9777b0000 - 0x00007ff9777d6000 	C:\Program Files\Java\jdk-13.0.2\bin\java.dll
0x00007ff982730000 - 0x00007ff98273e000 	C:\Program Files\Java\jdk-13.0.2\bin\instrument.dll
0x00007ff97afc0000 - 0x00007ff97afd7000 	C:\Program Files\Java\jdk-13.0.2\bin\zip.dll
0x00007ff982720000 - 0x00007ff98272a000 	C:\Program Files\Java\jdk-13.0.2\bin\jimage.dll
0x00007ff98cc60000 - 0x00007ff98d345000 	C:\WINDOWS\System32\SHELL32.dll
0x00007ff98c280000 - 0x00007ff98c329000 	C:\WINDOWS\System32\shcore.dll
0x00007ff98b970000 - 0x00007ff98c0f0000 	C:\WINDOWS\System32\windows.storage.dll
0x00007ff98b100000 - 0x00007ff98b123000 	C:\WINDOWS\System32\profapi.dll
0x00007ff98b0b0000 - 0x00007ff98b0fa000 	C:\WINDOWS\System32\powrprof.dll
0x00007ff98b080000 - 0x00007ff98b090000 	C:\WINDOWS\System32\UMPDC.dll
0x00007ff98c470000 - 0x00007ff98c4c2000 	C:\WINDOWS\System32\shlwapi.dll
0x00007ff98b5f0000 - 0x00007ff98b607000 	C:\WINDOWS\System32\cryptsp.dll
0x00007ff978130000 - 0x00007ff978149000 	C:\Program Files\Java\jdk-13.0.2\bin\net.dll
0x00007ff9857a0000 - 0x00007ff985891000 	C:\WINDOWS\SYSTEM32\WINHTTP.dll
0x00007ff98a8f0000 - 0x00007ff98a957000 	C:\WINDOWS\system32\mswsock.dll
0x00007ff977680000 - 0x00007ff977693000 	C:\Program Files\Java\jdk-13.0.2\bin\nio.dll
0x00007ff981e80000 - 0x00007ff981e9a000 	C:\Program Files\JetBrains\IntelliJ IDEA 2019.3.3\bin\breakgen64.dll
0x00007ff98a460000 - 0x00007ff98a493000 	C:\WINDOWS\system32\rsaenh.dll
0x00007ff98c240000 - 0x00007ff98c266000 	C:\WINDOWS\System32\bcrypt.dll
0x00007ff98af70000 - 0x00007ff98af95000 	C:\WINDOWS\SYSTEM32\USERENV.dll
0x00007ff98aac0000 - 0x00007ff98aacc000 	C:\WINDOWS\SYSTEM32\CRYPTBASE.dll
0x00007ff98a600000 - 0x00007ff98a63a000 	C:\WINDOWS\SYSTEM32\IPHLPAPI.DLL
0x00007ff98d720000 - 0x00007ff98d728000 	C:\WINDOWS\System32\NSI.dll
0x00007ff984d00000 - 0x00007ff984d16000 	C:\WINDOWS\SYSTEM32\dhcpcsvc6.DLL
0x00007ff985100000 - 0x00007ff98511c000 	C:\WINDOWS\SYSTEM32\dhcpcsvc.DLL
0x00007ff98a640000 - 0x00007ff98a70a000 	C:\WINDOWS\SYSTEM32\DNSAPI.dll
0x00007ff9767c0000 - 0x00007ff9767ed000 	C:\Program Files (x86)\Sangfor\SSL\ClientComponent2\SangforNspX64.dll
0x00007ff98df80000 - 0x00007ff98e0d7000 	C:\WINDOWS\System32\ole32.dll
0x00007ff98de30000 - 0x00007ff98def4000 	C:\WINDOWS\System32\OLEAUT32.dll
0x00007ff977810000 - 0x00007ff977826000 	C:\WINDOWS\system32\napinsp.dll
0x00007ff976a20000 - 0x00007ff976a3a000 	C:\WINDOWS\system32\pnrpnsp.dll
0x00007ff977760000 - 0x00007ff97776e000 	C:\WINDOWS\System32\winrnr.dll
0x00007ff985d70000 - 0x00007ff985d8c000 	C:\WINDOWS\system32\NLAapi.dll
0x00007ff986b60000 - 0x00007ff986b75000 	C:\WINDOWS\system32\wshbth.dll
0x00007ff96e840000 - 0x00007ff96e9ba000 	C:\Program Files (x86)\Sangfor\SSL\ClientComponent2\SangforTcpX64.dll
0x00007ff98b910000 - 0x00007ff98b96c000 	C:\WINDOWS\System32\WINTRUST.dll
0x00007ff98b130000 - 0x00007ff98b142000 	C:\WINDOWS\System32\MSASN1.dll
0x00007ff98c0f0000 - 0x00007ff98c239000 	C:\WINDOWS\System32\CRYPT32.dll
0x00007ff985770000 - 0x00007ff98577a000 	C:\Windows\System32\rasadhlp.dll
0x00007ff984800000 - 0x00007ff984877000 	C:\WINDOWS\System32\fwpuclnt.dll
0x00007ff9846b0000 - 0x00007ff9846b7000 	C:\Program Files\Java\jdk-13.0.2\bin\rmi.dll

dbghelp: loaded successfully - version: 4.0.5 - missing functions: none
symbol engine: initialized successfully - sym options: 0x614 - pdb path: .;C:\Program Files\Java\jdk-13.0.2\bin;C:\WINDOWS\SYSTEM32;C:\WINDOWS\WinSxS\amd64_microsoft.windows.common-controls_6595b64144ccf1df_6.0.18362.720_none_e6beb5c51314836b;C:\Program Files\Java\jdk-13.0.2\bin\server;C:\Program Files\JetBrains\IntelliJ IDEA 2019.3.3\bin;C:\Program Files (x86)\Sangfor\SSL\ClientComponent2

VM Arguments:
jvm_args: -Xmx300m -javaagent:C:\Program Files\JetBrains\IntelliJ IDEA 2019.3.3\lib\idea_rt.jar=13831:C:\Program Files\JetBrains\IntelliJ IDEA 2019.3.3\bin -Dfile.encoding=UTF-8 
java_command: service.rmiserver.FileService
java_class_path (initial): C:\Users\deity realm\CS307_DATABASE\out\production\surface_temperature;C:\Users\deity realm\CS307_DATABASE\libs\postgresql-42.2.5.jar;C:\Users\deity realm\.m2\repository\de\ruedigermoeller\fst\2.04\fst-2.04.jar;C:\Users\deity realm\.m2\repository\com\esotericsoftware\kryo-shaded\4.0.2\kryo-shaded-4.0.2.jar;C:\Users\deity realm\.m2\repository\org\objenesis\objenesis\3.1\objenesis-3.1.jar;C:\Users\deity realm\.m2\repository\com\esotericsoftware\minlog\1.3.0\minlog-1.3.0.jar;C:\Users\deity realm\.m2\repository\junit\junit\4.12\junit-4.12.jar;C:\Users\deity realm\.m2\repository\org\hamcrest\hamcrest-core\1.3\hamcrest-core-1.3.jar
Launcher Type: SUN_STANDARD

[Global flags]
     intx CICompilerCount                          = 3                                         {product} {ergonomic}
     uint ConcGCThreads                            = 1                                         {product} {ergonomic}
     uint G1ConcRefinementThreads                  = 4                                         {product} {ergonomic}
   size_t G1HeapRegionSize                         = 1048576                                   {product} {ergonomic}
    uintx GCDrainStackTargetSize                   = 64                                        {product} {ergonomic}
   size_t InitialHeapSize                          = 132120576                                 {product} {ergonomic}
   size_t MarkStackSize                            = 4194304                                   {product} {ergonomic}
   size_t MaxHeapSize                              = 314572800                                 {product} {command line}
   size_t MaxNewSize                               = 188743680                                 {product} {ergonomic}
   size_t MinHeapDeltaBytes                        = 1048576                                   {product} {ergonomic}
   size_t MinHeapSize                              = 8388608                                   {product} {ergonomic}
    uintx NonNMethodCodeHeapSize                   = 5832780                                {pd product} {ergonomic}
    uintx NonProfiledCodeHeapSize                  = 122912730                              {pd product} {ergonomic}
    uintx ProfiledCodeHeapSize                     = 122912730                              {pd product} {ergonomic}
    uintx ReservedCodeCacheSize                    = 251658240                              {pd product} {ergonomic}
     bool SegmentedCodeCache                       = true                                      {product} {ergonomic}
   size_t SoftMaxHeapSize                          = 314572800                              {manageable} {ergonomic}
     bool UseCompressedClassPointers               = true                                 {lp64_product} {ergonomic}
     bool UseCompressedOops                        = true                                 {lp64_product} {ergonomic}
     bool UseG1GC                                  = true                                      {product} {ergonomic}
     bool UseLargePagesIndividualAllocation        = false                                  {pd product} {ergonomic}

Logging:
Log output configuration:
 #0: stdout all=warning uptime,level,tags
 #1: stderr all=off uptime,level,tags

Environment Variables:
JAVA_HOME=C:\Program Files\Java\jdk1.8.0_202
CLASSPATH=.;C:\Program Files\Java\jdk1.8.0_202\lib;C:\Program Files\Java\jdk1.8.0_202\lib\tools.jar;C:\Program Files\Java\jdk1.8.0_202\lib\dt.jar
PATH=C:\Program Files\Java\jdk-13.0.2\bin;C:\Program Files\Java\jdk-10.0.2\bin;C:\sdk-windows_x86\sdk\tools;C:\sdk-windows_x86\sdk\platform-tools;C:\sdk-windows_x86\sdk\build-tools\android-4.4W;C:\Windows\System32;C:\Program Files\Microsoft VS Code\bin;C:\wamp64\bin\mysql\mysql5.7.26\bin;C:\wamp64\bin\php\php7.3.5;C:\wamp64\bin\mariadb\mariadb10.3.14\bin;C:\wamp64\bin\apache\apache2.4.39\bin;C:\Program Files\nodejs;C:\Program Files\MATLAB\R2018a\runtime\win64;C:\Program Files\MATLAB\R2018a\bin;C:\Program Files\PostgreSQL\10\scripts;C:\Program Files\PuTTY\;C:\texlive\2019\bin\win32;C:\Program Files (x86)\mingw-w64\i686-8.1.0-posix-dwarf-rt_v6-rev0\mingw32\bin;C:\Program Files\Pandoc\;C:\Program Files\Java\jdk1.8.0_202\bin;C:\Program Files\Maven\apache-maven-3.6.3\bin;C:\cygwin64\bin;C:\Users\deity realm\AppData\Local\Programs\Python\Python38\Scripts\;C:\Users\deity realm\AppData\Local\Programs\Python\Python38\;C:\Users\deity realm\AppData\Local\Microsoft\WindowsApps;C:\Users\deity realm\AppData\Roaming\npm;C:\Users\deity realm\AppData\Local\GitHubDesktop\bin;C:\Users\deity realm\AppData\Local\Microsoft\WindowsApps;C:\Program Files\JetBrains\IntelliJ IDEA 2019.3.3\bin;;C:\texlive\2019\bin\win32;C:\ProgramData\Microsoft\Windows\Start Menu\Programs\PuTTY (64-bit);
USERNAME=Star Sky
OS=Windows_NT
PROCESSOR_IDENTIFIER=Intel64 Family 6 Model 142 Stepping 9, GenuineIntel



---------------  S Y S T E M  ---------------

OS: Windows 10 , 64 bit Build 18362 (10.0.18362.329)

CPU:total 4 (initial active 4) (2 cores per cpu, 2 threads per core) family 6 model 142 stepping 9, cmov, cx8, fxsr, mmx, sse, sse2, sse3, ssse3, sse4.1, sse4.2, popcnt, avx, avx2, aes, clmul, erms, 3dnowpref, lzcnt, ht, tsc, tscinvbit, bmi1, bmi2, adx, fma

Memory: 4k page, system-wide physical 8001M (1533M free)
TotalPageFile size 22452M (AvailPageFile size 10544M)
current process WorkingSet (physical memory assigned to process): 179M, peak: 182M
current process commit charge ("private bytes"): 222M, peak: 223M

vm_info: Java HotSpot(TM) 64-Bit Server VM (13.0.2+8) for windows-amd64 JRE (13.0.2+8), built on Dec 11 2019 09:20:33 by "mach5one" with unknown MS VC++:1916

END.
