#
# A fatal error has been detected by the Java Runtime Environment:
#
#  EXCEPTION_ACCESS_VIOLATION (0xc0000005) at pc=0x00007ff9433b916c, pid=13980, tid=23096
#
# JRE version: Java(TM) SE Runtime Environment (13.0.2+8) (build 13.0.2+8)
# Java VM: Java HotSpot(TM) 64-Bit Server VM (13.0.2+8, mixed mode, sharing, tiered, compressed oops, g1 gc, windows-amd64)
# Problematic frame:
# V  [jvm.dll+0x52916c]
#
# No core dump will be written. Minidumps are not enabled by default on client versions of Windows
#
# If you would like to submit a bug report, please visit:
#   http://bugreport.java.com/bugreport/crash.jsp
#

---------------  S U M M A R Y ------------

Command Line: -Xmx300m -javaagent:C:\Program Files\JetBrains\IntelliJ IDEA 2019.3.3\lib\idea_rt.jar=14521:C:\Program Files\JetBrains\IntelliJ IDEA 2019.3.3\bin -Dfile.encoding=UTF-8 service.rmiserver.FileService

Host: Intel(R) Core(TM) i5-7200U CPU @ 2.50GHz, 4 cores, 7G,  Windows 10 , 64 bit Build 18362 (10.0.18362.329)
Time: Sat Mar 28 18:00:27 2020 ?D1¨²¡À¨º¡Á?¨º¡À?? elapsed time: 12 seconds (0d 0h 0m 12s)

---------------  T H R E A D  ---------------

Current thread (0x000001c63b369000):  JavaThread "ForkJoinPool.commonPool-worker-5" daemon [_thread_in_vm, id=23096, stack(0x0000004506e00000,0x0000004506f00000)]

Stack: [0x0000004506e00000,0x0000004506f00000],  sp=0x0000004506efe0f0,  free space=1016k
Native frames: (J=compiled Java code, j=interpreted, Vv=VM code, C=native code)
V  [jvm.dll+0x52916c]
V  [jvm.dll+0x52764b]
V  [jvm.dll+0x37a1b7]
V  [jvm.dll+0x3796ff]
C  0x000001c627acdfae

Java frames: (J=compiled Java code, j=interpreted, Vv=VM code)
j  dataCollection.bplustree.BPTreeInFile$LeafNode.find(ILjava/lang/Object;)Ljava/util/List;+48
j  dataCollection.bplustree.BPTreeInFile$PlusNode.find(ILjava/lang/Object;)Ljava/util/List;+295
j  dataCollection.bplustree.BPTreeInFile$PlusNode.find(ILjava/lang/Object;)Ljava/util/List;+295
j  dataCollection.bplustree.BPTreeInFile$PlusNode.find(ILjava/lang/Object;)Ljava/util/List;+295
j  dataCollection.bplustree.BPTreeInFile.find(ILjava/lang/Object;)Ljava/util/List;+6
j  service.rmiserver.RMIQueryHandler.lambda$handleQueryTTCByTimeCity$0(Lservice/rmiserver/FileService;Ljava/lang/Integer;)Ljava/util/List;+17
j  service.rmiserver.RMIQueryHandler$$Lambda$105.apply(Ljava/lang/Object;)Ljava/lang/Object;+8
j  java.util.stream.ReferencePipeline$3$1.accept(Ljava/lang/Object;)V+12 java.base@13.0.2
j  java.util.ArrayList$ArrayListSpliterator.forEachRemaining(Ljava/util/function/Consumer;)V+95 java.base@13.0.2
j  java.util.stream.AbstractPipeline.copyInto(Ljava/util/stream/Sink;Ljava/util/Spliterator;)V+32 java.base@13.0.2
j  java.util.stream.AbstractPipeline.wrapAndCopyInto(Ljava/util/stream/Sink;Ljava/util/Spliterator;)Ljava/util/stream/Sink;+13 java.base@13.0.2
j  java.util.stream.ReduceOps$ReduceTask.doLeaf()Ljava/util/stream/ReduceOps$AccumulatingSink;+15 java.base@13.0.2
j  java.util.stream.ReduceOps$ReduceTask.doLeaf()Ljava/lang/Object;+1 java.base@13.0.2
j  java.util.stream.AbstractTask.compute()V+129 java.base@13.0.2
j  java.util.concurrent.CountedCompleter.exec()Z+1 java.base@13.0.2
j  java.util.concurrent.ForkJoinTask.doExec()I+10 java.base@13.0.2
j  java.util.concurrent.ForkJoinPool$WorkQueue.topLevelExec(Ljava/util/concurrent/ForkJoinTask;Ljava/util/concurrent/ForkJoinPool$WorkQueue;I)V+11 java.base@13.0.2
j  java.util.concurrent.ForkJoinPool.scan(Ljava/util/concurrent/ForkJoinPool$WorkQueue;I)Z+185 java.base@13.0.2
j  java.util.concurrent.ForkJoinPool.runWorker(Ljava/util/concurrent/ForkJoinPool$WorkQueue;)V+25 java.base@13.0.2
j  java.util.concurrent.ForkJoinWorkerThread.run()V+24 java.base@13.0.2
v  ~StubRoutines::call_stub

siginfo: EXCEPTION_ACCESS_VIOLATION (0xc0000005), reading address 0x00000000000002a8


Register to memory mapping:

RIP=0x00007ff9433b916c jvm.dll
RAX=0x0000000000000288 is an unknown value
RBX=0x000001c63b369000 is a thread
RCX=0x0000000000000006 is an unknown value
RDX=0x000001c63a309a80 points into unknown readable memory: 88 02 00 00 00 00 00 00
RSP=0x0000004506efe0f0 is pointing into the stack for thread: 0x000001c63b369000
RBP=0x0000004506efe150 is pointing into the stack for thread: 0x000001c63b369000
RSI=0x000000000000000a is an unknown value
RDI=0x0000004506efe1e8 is pointing into the stack for thread: 0x000001c63b369000
R8 =0x0000000000000007 is an unknown value
R9 =0x0000000000000007 is an unknown value
R10=0x000001c63b37b930 points into unknown readable memory: 06 00 00 00 1e 00 00 00
R11=0x0000000000000288 is an unknown value
R12=0x0000004506efe440 is pointing into the stack for thread: 0x000001c63b369000
R13=0x0000000800bd7840 is a pointer to class: 
dataCollection.bplustree.BPTreeInFile$LeafNode$KV {0x0000000800bd7848}
R14=0x0000000000000001 is an unknown value
R15=0x000000080032d240 is a pointer to class: 
java.lang.String {0x000000080032d248}


Registers:
RAX=0x0000000000000288, RBX=0x000001c63b369000, RCX=0x0000000000000006, RDX=0x000001c63a309a80
RSP=0x0000004506efe0f0, RBP=0x0000004506efe150, RSI=0x000000000000000a, RDI=0x0000004506efe1e8
R8 =0x0000000000000007, R9 =0x0000000000000007, R10=0x000001c63b37b930, R11=0x0000000000000288
R12=0x0000004506efe440, R13=0x0000000800bd7840, R14=0x0000000000000001, R15=0x000000080032d240
RIP=0x00007ff9433b916c, EFLAGS=0x0000000000010202

Top of Stack: (sp=0x0000004506efe0f0)
0x0000004506efe0f0:   0000000000000288 000001c63b369000
0x0000004506efe100:   0000004506efe101 000001c627ab9a10
0x0000004506efe110:   000001c63a7e5b18 000001c63b369000
0x0000004506efe120:   0000000000000288 0000000000000288
0x0000004506efe130:   000001c63b369000 0000000000000288
0x0000004506efe140:   000001c63b369000 000001c63a791b78
0x0000004506efe150:   000001c63b369000 00000000000000b6
0x0000004506efe160:   000001c63abd6600 000000080032d240
0x0000004506efe170:   0000004506efe280 00007ff9433b764b
0x0000004506efe180:   000001c63b2eca18 0000004506efe440
0x0000004506efe190:   0000000000000000 00000000000000b6
0x0000004506efe1a0:   000000080032d240 00000000ffffff01
0x0000004506efe1b0:   000001c63b369000 000001c63a279720
0x0000004506efe1c0:   000001c63b369000 000001c63a7a3988
0x0000004506efe1d0:   0000000000000001 00007ff9430a1562
0x0000004506efe1e0:   00000000000000c4 000001c63a811e98 

Instructions: (pc=0x00007ff9433b916c)
0x00007ff9433b906c:   89 4c 24 20 41 b8 45 05 00 00 4c 8b 0d cb 72 59
0x00007ff9433b907c:   00 e8 6e 45 da ff e9 7e 01 00 00 48 8b 12 48 89
0x00007ff9433b908c:   9c 24 90 00 00 00 48 8b 5d 60 48 89 b4 24 98 00
0x00007ff9433b909c:   00 00 48 8b 42 08 4c 89 bc 24 a0 00 00 00 4c 8b
0x00007ff9433b90ac:   7d 50 48 8b 48 08 48 8b 41 18 8b 88 a4 00 00 00
0x00007ff9433b90bc:   c1 e9 09 f6 c1 01 74 11 48 8b d7 49 8b cd e8 21
0x00007ff9433b90cc:   06 00 00 8b f0 8b d0 eb 18 8b 72 24 83 fe fe 75
0x00007ff9433b90dc:   0e 48 8b d7 48 8d 4d d8 e8 d7 af e1 ff eb 41 8b
0x00007ff9433b90ec:   d6 49 8b cf e8 fb 03 fe ff 48 89 5d f0 48 89 45
0x00007ff9433b90fc:   e8 48 85 c0 74 14 48 8b 8b 78 02 00 00 48 8d 55
0x00007ff9433b910c:   d0 48 89 45 d0 e8 0a 2d ae ff 48 8d 55 e8 48 8d
0x00007ff9433b911c:   4d d8 e8 9d af e1 ff 48 8d 4d e8 e8 74 af e1 ff
0x00007ff9433b912c:   48 8b 45 d8 48 85 c0 75 32 0f 57 c0 48 8d 55 e8
0x00007ff9433b913c:   4c 8b cb 4d 8b c7 48 8b cf f3 0f 7f 45 e8 e8 31
0x00007ff9433b914c:   03 00 00 48 8d 4d e8 e8 48 af e1 ff 48 83 7b 08
0x00007ff9433b915c:   00 0f 85 8a 00 00 00 48 8b 45 d8 45 84 f6 74 23
0x00007ff9433b916c:   8b 40 20 c1 e8 0a a8 01 74 19 4c 8b cb 48 8d 55
0x00007ff9433b917c:   d8 4d 8b c7 48 8b cf e8 f8 02 00 00 48 83 7b 08
0x00007ff9433b918c:   00 75 5e 85 f6 78 14 48 8b 0f e8 d5 15 0b 00 84
0x00007ff9433b919c:   c0 75 08 41 be 01 00 00 00 eb 03 45 33 f6 49 8d
0x00007ff9433b91ac:   4c 24 10 4d 89 2c 24 48 8b d7 4d 89 7c 24 08 e8
0x00007ff9433b91bc:   00 af e1 ff 49 8d 4c 24 20 48 8d 55 d8 e8 f2 ae
0x00007ff9433b91cc:   e1 ff 48 8b d3 45 89 74 24 30 48 8d 4d d8 41 89
0x00007ff9433b91dc:   74 24 34 49 c7 44 24 38 00 00 00 00 e8 53 94 cd
0x00007ff9433b91ec:   ff 48 8b b4 24 98 00 00 00 48 8b 9c 24 90 00 00
0x00007ff9433b91fc:   00 4c 8b bc 24 a0 00 00 00 48 8d 4d d8 e8 92 ae
0x00007ff9433b920c:   e1 ff 48 83 c4 60 41 5e 41 5d 41 5c 5f 5d c3 cc
0x00007ff9433b921c:   cc cc cc cc 48 83 ec 38 4c 89 4c 24 20 4d 8b c8
0x00007ff9433b922c:   4c 8b c2 48 8b 15 5a 09 57 00 e8 05 00 00 00 48
0x00007ff9433b923c:   83 c4 38 c3 48 89 5c 24 08 48 89 6c 24 10 48 89
0x00007ff9433b924c:   74 24 18 57 48 83 ec 20 49 83 38 00 49 8b d9 49
0x00007ff9433b925c:   8b e8 48 8b fa 48 8b f1 75 24 4c 8d 0d bb 4d 38 


Stack slot to memory mapping:
stack at sp + 0 slots: 0x0000000000000288 is an unknown value
stack at sp + 1 slots: 0x000001c63b369000 is a thread
stack at sp + 2 slots: 0x0000004506efe101 is pointing into the stack for thread: 0x000001c63b369000
stack at sp + 3 slots: 0x000001c627ab9a10 is at code_begin+208 in an Interpreter codelet
invoke return entry points  [0x000001c627ab9940, 0x000001c627aba360]  2592 bytes
stack at sp + 4 slots: 0x000001c63a7e5b18 is pointing into metadata
stack at sp + 5 slots: 0x000001c63b369000 is a thread
stack at sp + 6 slots: 0x0000000000000288 is an unknown value
stack at sp + 7 slots: 0x0000000000000288 is an unknown value


---------------  P R O C E S S  ---------------

Threads class SMR info:
_java_thread_list=0x000001c63adde740, length=24, elements={
0x000001c63a27f800, 0x000001c63a280800, 0x000001c63a2a3800, 0x000001c63a2a4800,
0x000001c63a2a6000, 0x000001c63a2a7000, 0x000001c63a2ad000, 0x000001c61dea3000,
0x000001c63ad71000, 0x000001c63ad76000, 0x000001c63ad7d800, 0x000001c63ae94800,
0x000001c63b49d800, 0x000001c63b49b800, 0x000001c63b363000, 0x000001c63b366800,
0x000001c63b365800, 0x000001c63b368000, 0x000001c63b367000, 0x000001c63b364800,
0x000001c63b364000, 0x000001c63b362800, 0x000001c63b369000, 0x000001c63b46b800
}

Java Threads: ( => current thread )
  0x000001c63a27f800 JavaThread "Reference Handler" daemon [_thread_blocked, id=30208, stack(0x0000004505500000,0x0000004505600000)]
  0x000001c63a280800 JavaThread "Finalizer" daemon [_thread_blocked, id=28704, stack(0x0000004505600000,0x0000004505700000)]
  0x000001c63a2a3800 JavaThread "Signal Dispatcher" daemon [_thread_blocked, id=16268, stack(0x0000004505700000,0x0000004505800000)]
  0x000001c63a2a4800 JavaThread "Attach Listener" daemon [_thread_blocked, id=23736, stack(0x0000004505800000,0x0000004505900000)]
  0x000001c63a2a6000 JavaThread "C2 CompilerThread0" daemon [_thread_blocked, id=29376, stack(0x0000004505900000,0x0000004505a00000)]
  0x000001c63a2a7000 JavaThread "C1 CompilerThread0" daemon [_thread_blocked, id=23080, stack(0x0000004505a00000,0x0000004505b00000)]
  0x000001c63a2ad000 JavaThread "Sweeper thread" daemon [_thread_blocked, id=25864, stack(0x0000004505b00000,0x0000004505c00000)]
  0x000001c61dea3000 JavaThread "Common-Cleaner" daemon [_thread_blocked, id=36836, stack(0x0000004505c00000,0x0000004505d00000)]
  0x000001c63ad71000 JavaThread "Monitor Ctrl-Break" daemon [_thread_in_native, id=27344, stack(0x0000004505d00000,0x0000004505e00000)]
  0x000001c63ad76000 JavaThread "Service Thread" daemon [_thread_blocked, id=28308, stack(0x0000004505e00000,0x0000004505f00000)]
  0x000001c63ad7d800 JavaThread "pool-1-thread-1" [_thread_blocked, id=12916, stack(0x0000004506000000,0x0000004506100000)]
  0x000001c63ae94800 JavaThread "RMI TCP Accept-0" daemon [_thread_in_native, id=26972, stack(0x0000004506300000,0x0000004506400000)]
  0x000001c63b49d800 JavaThread "RMI Reaper" [_thread_blocked, id=16436, stack(0x0000004506400000,0x0000004506500000)]
  0x000001c63b49b800 JavaThread "RMI GC Daemon" daemon [_thread_blocked, id=36708, stack(0x0000004506200000,0x0000004506300000)]
  0x000001c63b363000 JavaThread "RMI TCP Accept-7718" daemon [_thread_in_native, id=15456, stack(0x0000004506100000,0x0000004506200000)]
  0x000001c63b366800 JavaThread "DestroyJavaVM" [_thread_blocked, id=24756, stack(0x0000004504e00000,0x0000004504f00000)]
  0x000001c63b365800 JavaThread "RMI TCP Connection(1)-127.0.0.1" daemon [_thread_in_native, id=28960, stack(0x0000004506800000,0x0000004506900000)]
  0x000001c63b368000 JavaThread "RMI Scheduler(0)" daemon [_thread_blocked, id=26304, stack(0x0000004506900000,0x0000004506a00000)]
  0x000001c63b367000 JavaThread "RMI TCP Connection(2)-192.168.3.4" daemon [_thread_in_native, id=30028, stack(0x0000004506a00000,0x0000004506b00000)]
  0x000001c63b364800 JavaThread "RMI RenewClean-[192.168.3.4:14535]" daemon [_thread_blocked, id=27592, stack(0x0000004506b00000,0x0000004506c00000)]
  0x000001c63b364000 JavaThread "pool-1-thread-2" [_thread_blocked, id=36500, stack(0x0000004506c00000,0x0000004506d00000)]
  0x000001c63b362800 JavaThread "ForkJoinPool.commonPool-worker-3" daemon [_thread_blocked, id=6204, stack(0x0000004506d00000,0x0000004506e00000)]
=>0x000001c63b369000 JavaThread "ForkJoinPool.commonPool-worker-5" daemon [_thread_in_vm, id=23096, stack(0x0000004506e00000,0x0000004506f00000)]
  0x000001c63b46b800 JavaThread "ForkJoinPool.commonPool-worker-7" daemon [_thread_blocked, id=21928, stack(0x0000004506f00000,0x0000004507000000)]

Other Threads:
  0x000001c63a27c800 VMThread "VM Thread" [stack: 0x0000004505400000,0x0000004505500000] [id=16428] _threads_hazard_ptr=0x000001c63adde740
  0x000001c63ad78000 WatcherThread [stack: 0x0000004505f00000,0x0000004506000000] [id=18768]
  0x000001c61de08000 GCTaskThread "GC Thread#0" [stack: 0x0000004504f00000,0x0000004505000000] [id=25408]
  0x000001c63b319000 GCTaskThread "GC Thread#1" [stack: 0x0000004506500000,0x0000004506600000] [id=6172]
  0x000001c63aeaf000 GCTaskThread "GC Thread#2" [stack: 0x0000004506600000,0x0000004506700000] [id=10224]
  0x000001c63aeb0000 GCTaskThread "GC Thread#3" [stack: 0x0000004506700000,0x0000004506800000] [id=34652]
  0x000001c61de0d000 ConcurrentGCThread "G1 Main Marker" [stack: 0x0000004505000000,0x0000004505100000] [id=14040]
  0x000001c61de0e000 ConcurrentGCThread "G1 Conc#0" [stack: 0x0000004505100000,0x0000004505200000] [id=32600]
  0x000001c61de94000 ConcurrentGCThread "G1 Refine#0" [stack: 0x0000004505200000,0x0000004505300000] [id=28500]
  0x000001c61de96000 ConcurrentGCThread "G1 Young RemSet Sampling" [stack: 0x0000004505300000,0x0000004505400000] [id=24784]

Threads with active compile tasks:
C2 CompilerThread0    12445 1008 %     4       java.lang.StringLatin1::inflate @ 3 (34 bytes)
C1 CompilerThread0    12445 1023       1       java.lang.Module::getName (5 bytes)

VM state:synchronizing (normal execution)

VM Mutex/Monitor currently owned by a thread:  ([mutex/lock_event])
[0x000001c61dde11b0] Threads_lock - owner thread: 0x000001c63a27c800
[0x000001c61dde1630] Heap_lock - owner thread: 0x000001c61de0d000

Heap address: 0x00000000ed400000, size: 300 MB, Compressed Oops mode: 32-bit
Narrow klass base: 0x0000000800000000, Narrow klass shift: 3
Compressed class space size: 1073741824 Address: 0x0000000800b40000

Heap:
 garbage-first heap   total 173056K, used 91322K [0x00000000ed400000, 0x0000000100000000)
  region size 1024K, 2 young (2048K), 1 survivors (1024K)
 Metaspace       used 5312K, capacity 6104K, committed 6400K, reserved 1056768K
  class space    used 601K, capacity 719K, committed 768K, reserved 1048576K
Heap Regions: E=young(eden), S=young(survivor), O=old, HS=humongous(starts), HC=humongous(continues), CS=collection set, F=free, A=archive, TAMS=top-at-mark-start (previous, next)
|   0|0x00000000ed400000, 0x00000000ed500000, 0x00000000ed500000|100%|HS|  |TAMS 0x00000000ed500000, 0x00000000ed500000| Complete 
|   1|0x00000000ed500000, 0x00000000ed600000, 0x00000000ed600000|100%|HC|  |TAMS 0x00000000ed600000, 0x00000000ed600000| Complete 
|   2|0x00000000ed600000, 0x00000000ed700000, 0x00000000ed700000|100%|HC|  |TAMS 0x00000000ed700000, 0x00000000ed700000| Complete 
|   3|0x00000000ed700000, 0x00000000ed800000, 0x00000000ed800000|100%|HC|  |TAMS 0x00000000ed800000, 0x00000000ed800000| Complete 
|   4|0x00000000ed800000, 0x00000000ed900000, 0x00000000ed900000|100%|HC|  |TAMS 0x00000000ed900000, 0x00000000ed900000| Complete 
|   5|0x00000000ed900000, 0x00000000eda00000, 0x00000000eda00000|100%|HC|  |TAMS 0x00000000eda00000, 0x00000000eda00000| Complete 
|   6|0x00000000eda00000, 0x00000000edb00000, 0x00000000edb00000|100%|HC|  |TAMS 0x00000000edb00000, 0x00000000edb00000| Complete 
|   7|0x00000000edb00000, 0x00000000edc00000, 0x00000000edc00000|100%|HC|  |TAMS 0x00000000edc00000, 0x00000000edc00000| Complete 
|   8|0x00000000edc00000, 0x00000000edd00000, 0x00000000edd00000|100%|HC|  |TAMS 0x00000000edd00000, 0x00000000edd00000| Complete 
|   9|0x00000000edd00000, 0x00000000ede00000, 0x00000000ede00000|100%|HC|  |TAMS 0x00000000ede00000, 0x00000000ede00000| Complete 
|  10|0x00000000ede00000, 0x00000000edf00000, 0x00000000edf00000|100%|HC|  |TAMS 0x00000000edf00000, 0x00000000edf00000| Complete 
|  11|0x00000000edf00000, 0x00000000ee000000, 0x00000000ee000000|100%|HC|  |TAMS 0x00000000ee000000, 0x00000000ee000000| Complete 
|  12|0x00000000ee000000, 0x00000000ee100000, 0x00000000ee100000|100%|HC|  |TAMS 0x00000000ee100000, 0x00000000ee100000| Complete 
|  13|0x00000000ee100000, 0x00000000ee200000, 0x00000000ee200000|100%|HC|  |TAMS 0x00000000ee200000, 0x00000000ee200000| Complete 
|  14|0x00000000ee200000, 0x00000000ee300000, 0x00000000ee300000|100%|HC|  |TAMS 0x00000000ee300000, 0x00000000ee300000| Complete 
|  15|0x00000000ee300000, 0x00000000ee400000, 0x00000000ee400000|100%|HC|  |TAMS 0x00000000ee400000, 0x00000000ee400000| Complete 
|  16|0x00000000ee400000, 0x00000000ee500000, 0x00000000ee500000|100%|HC|  |TAMS 0x00000000ee500000, 0x00000000ee500000| Complete 
|  17|0x00000000ee500000, 0x00000000ee600000, 0x00000000ee600000|100%|HC|  |TAMS 0x00000000ee600000, 0x00000000ee600000| Complete 
|  18|0x00000000ee600000, 0x00000000ee700000, 0x00000000ee700000|100%|HC|  |TAMS 0x00000000ee700000, 0x00000000ee700000| Complete 
|  19|0x00000000ee700000, 0x00000000ee800000, 0x00000000ee800000|100%|HC|  |TAMS 0x00000000ee800000, 0x00000000ee800000| Complete 
|  20|0x00000000ee800000, 0x00000000ee900000, 0x00000000ee900000|100%|HC|  |TAMS 0x00000000ee900000, 0x00000000ee900000| Complete 
|  21|0x00000000ee900000, 0x00000000eea00000, 0x00000000eea00000|100%|HC|  |TAMS 0x00000000eea00000, 0x00000000eea00000| Complete 
|  22|0x00000000eea00000, 0x00000000eeb00000, 0x00000000eeb00000|100%|HC|  |TAMS 0x00000000eeb00000, 0x00000000eeb00000| Complete 
|  23|0x00000000eeb00000, 0x00000000eec00000, 0x00000000eec00000|100%|HC|  |TAMS 0x00000000eec00000, 0x00000000eec00000| Complete 
|  24|0x00000000eec00000, 0x00000000eed00000, 0x00000000eed00000|100%|HC|  |TAMS 0x00000000eed00000, 0x00000000eed00000| Complete 
|  25|0x00000000eed00000, 0x00000000eee00000, 0x00000000eee00000|100%|HC|  |TAMS 0x00000000eee00000, 0x00000000eee00000| Complete 
|  26|0x00000000eee00000, 0x00000000eef00000, 0x00000000eef00000|100%|HC|  |TAMS 0x00000000eef00000, 0x00000000eef00000| Complete 
|  27|0x00000000eef00000, 0x00000000ef000000, 0x00000000ef000000|100%|HC|  |TAMS 0x00000000ef000000, 0x00000000ef000000| Complete 
|  28|0x00000000ef000000, 0x00000000ef100000, 0x00000000ef100000|100%|HC|  |TAMS 0x00000000ef100000, 0x00000000ef100000| Complete 
|  29|0x00000000ef100000, 0x00000000ef200000, 0x00000000ef200000|100%|HC|  |TAMS 0x00000000ef200000, 0x00000000ef200000| Complete 
|  30|0x00000000ef200000, 0x00000000ef300000, 0x00000000ef300000|100%|HC|  |TAMS 0x00000000ef300000, 0x00000000ef300000| Complete 
|  31|0x00000000ef300000, 0x00000000ef400000, 0x00000000ef400000|100%|HC|  |TAMS 0x00000000ef400000, 0x00000000ef400000| Complete 
|  32|0x00000000ef400000, 0x00000000ef500000, 0x00000000ef500000|100%|HC|  |TAMS 0x00000000ef500000, 0x00000000ef500000| Complete 
|  33|0x00000000ef500000, 0x00000000ef600000, 0x00000000ef600000|100%|HC|  |TAMS 0x00000000ef600000, 0x00000000ef600000| Complete 
|  34|0x00000000ef600000, 0x00000000ef700000, 0x00000000ef700000|100%|HC|  |TAMS 0x00000000ef700000, 0x00000000ef700000| Complete 
|  35|0x00000000ef700000, 0x00000000ef800000, 0x00000000ef800000|100%| O|  |TAMS 0x00000000ef800000, 0x00000000ef800000| Untracked 
|  36|0x00000000ef800000, 0x00000000ef900000, 0x00000000ef900000|100%|HS|  |TAMS 0x00000000ef900000, 0x00000000ef900000| Complete 
|  37|0x00000000ef900000, 0x00000000efa00000, 0x00000000efa00000|100%|HC|  |TAMS 0x00000000efa00000, 0x00000000efa00000| Complete 
|  38|0x00000000efa00000, 0x00000000efb00000, 0x00000000efb00000|100%|HC|  |TAMS 0x00000000efb00000, 0x00000000efb00000| Complete 
|  39|0x00000000efb00000, 0x00000000efc00000, 0x00000000efc00000|100%|HC|  |TAMS 0x00000000efc00000, 0x00000000efc00000| Complete 
|  40|0x00000000efc00000, 0x00000000efd00000, 0x00000000efd00000|100%|HC|  |TAMS 0x00000000efd00000, 0x00000000efd00000| Complete 
|  41|0x00000000efd00000, 0x00000000efe00000, 0x00000000efe00000|100%|HC|  |TAMS 0x00000000efe00000, 0x00000000efe00000| Complete 
|  42|0x00000000efe00000, 0x00000000eff00000, 0x00000000eff00000|100%|HC|  |TAMS 0x00000000eff00000, 0x00000000eff00000| Complete 
|  43|0x00000000eff00000, 0x00000000f0000000, 0x00000000f0000000|100%|HC|  |TAMS 0x00000000f0000000, 0x00000000f0000000| Complete 
|  44|0x00000000f0000000, 0x00000000f0100000, 0x00000000f0100000|100%|HC|  |TAMS 0x00000000f0100000, 0x00000000f0100000| Complete 
|  45|0x00000000f0100000, 0x00000000f0200000, 0x00000000f0200000|100%|HC|  |TAMS 0x00000000f0200000, 0x00000000f0200000| Complete 
|  46|0x00000000f0200000, 0x00000000f0300000, 0x00000000f0300000|100%|HC|  |TAMS 0x00000000f0300000, 0x00000000f0300000| Complete 
|  47|0x00000000f0300000, 0x00000000f0400000, 0x00000000f0400000|100%|HC|  |TAMS 0x00000000f0400000, 0x00000000f0400000| Complete 
|  48|0x00000000f0400000, 0x00000000f0500000, 0x00000000f0500000|100%|HC|  |TAMS 0x00000000f0500000, 0x00000000f0500000| Complete 
|  49|0x00000000f0500000, 0x00000000f0600000, 0x00000000f0600000|100%|HC|  |TAMS 0x00000000f0600000, 0x00000000f0600000| Complete 
|  50|0x00000000f0600000, 0x00000000f0700000, 0x00000000f0700000|100%|HC|  |TAMS 0x00000000f0700000, 0x00000000f0700000| Complete 
|  51|0x00000000f0700000, 0x00000000f0800000, 0x00000000f0800000|100%|HC|  |TAMS 0x00000000f0800000, 0x00000000f0800000| Complete 
|  52|0x00000000f0800000, 0x00000000f0900000, 0x00000000f0900000|100%|HC|  |TAMS 0x00000000f0900000, 0x00000000f0900000| Complete 
|  53|0x00000000f0900000, 0x00000000f0a00000, 0x00000000f0a00000|100%|HC|  |TAMS 0x00000000f0a00000, 0x00000000f0a00000| Complete 
|  54|0x00000000f0a00000, 0x00000000f0b00000, 0x00000000f0b00000|100%|HC|  |TAMS 0x00000000f0b00000, 0x00000000f0b00000| Complete 
|  55|0x00000000f0b00000, 0x00000000f0c00000, 0x00000000f0c00000|100%|HC|  |TAMS 0x00000000f0c00000, 0x00000000f0c00000| Complete 
|  56|0x00000000f0c00000, 0x00000000f0d00000, 0x00000000f0d00000|100%|HC|  |TAMS 0x00000000f0d00000, 0x00000000f0d00000| Complete 
|  57|0x00000000f0d00000, 0x00000000f0e00000, 0x00000000f0e00000|100%|HC|  |TAMS 0x00000000f0e00000, 0x00000000f0e00000| Complete 
|  58|0x00000000f0e00000, 0x00000000f0f00000, 0x00000000f0f00000|100%|HC|  |TAMS 0x00000000f0f00000, 0x00000000f0f00000| Complete 
|  59|0x00000000f0f00000, 0x00000000f1000000, 0x00000000f1000000|100%|HC|  |TAMS 0x00000000f1000000, 0x00000000f1000000| Complete 
|  60|0x00000000f1000000, 0x00000000f1100000, 0x00000000f1100000|100%|HC|  |TAMS 0x00000000f1100000, 0x00000000f1100000| Complete 
|  61|0x00000000f1100000, 0x00000000f1200000, 0x00000000f1200000|100%|HC|  |TAMS 0x00000000f1200000, 0x00000000f1200000| Complete 
|  62|0x00000000f1200000, 0x00000000f1300000, 0x00000000f1300000|100%|HC|  |TAMS 0x00000000f1300000, 0x00000000f1300000| Complete 
|  63|0x00000000f1300000, 0x00000000f1400000, 0x00000000f1400000|100%|HC|  |TAMS 0x00000000f1400000, 0x00000000f1400000| Complete 
|  64|0x00000000f1400000, 0x00000000f1500000, 0x00000000f1500000|100%|HC|  |TAMS 0x00000000f1500000, 0x00000000f1500000| Complete 
|  65|0x00000000f1500000, 0x00000000f1600000, 0x00000000f1600000|100%|HC|  |TAMS 0x00000000f1600000, 0x00000000f1600000| Complete 
|  66|0x00000000f1600000, 0x00000000f1700000, 0x00000000f1700000|100%|HC|  |TAMS 0x00000000f1700000, 0x00000000f1700000| Complete 
|  67|0x00000000f1700000, 0x00000000f1800000, 0x00000000f1800000|100%|HC|  |TAMS 0x00000000f1800000, 0x00000000f1800000| Complete 
|  68|0x00000000f1800000, 0x00000000f1900000, 0x00000000f1900000|100%|HC|  |TAMS 0x00000000f1900000, 0x00000000f1900000| Complete 
|  69|0x00000000f1900000, 0x00000000f1a00000, 0x00000000f1a00000|100%|HC|  |TAMS 0x00000000f1a00000, 0x00000000f1a00000| Complete 
|  70|0x00000000f1a00000, 0x00000000f1b00000, 0x00000000f1b00000|100%|HC|  |TAMS 0x00000000f1b00000, 0x00000000f1b00000| Complete 
|  71|0x00000000f1b00000, 0x00000000f1c00000, 0x00000000f1c00000|100%| O|  |TAMS 0x00000000f1c00000, 0x00000000f1c00000| Untracked 
|  72|0x00000000f1c00000, 0x00000000f1c5ea00, 0x00000000f1d00000| 36%| O|  |TAMS 0x00000000f1c5ea00, 0x00000000f1c5ea00| Untracked 
|  73|0x00000000f1d00000, 0x00000000f1e00000, 0x00000000f1e00000|100%|HS|  |TAMS 0x00000000f1e00000, 0x00000000f1e00000| Complete 
|  74|0x00000000f1e00000, 0x00000000f1f00000, 0x00000000f1f00000|100%|HC|  |TAMS 0x00000000f1f00000, 0x00000000f1f00000| Complete 
|  75|0x00000000f1f00000, 0x00000000f2000000, 0x00000000f2000000|100%|HS|  |TAMS 0x00000000f2000000, 0x00000000f2000000| Complete 
|  76|0x00000000f2000000, 0x00000000f2100000, 0x00000000f2100000|100%|HC|  |TAMS 0x00000000f2100000, 0x00000000f2100000| Complete 
|  77|0x00000000f2100000, 0x00000000f2200000, 0x00000000f2200000|100%|HS|  |TAMS 0x00000000f2200000, 0x00000000f2200000| Complete 
|  78|0x00000000f2200000, 0x00000000f2300000, 0x00000000f2300000|100%|HC|  |TAMS 0x00000000f2300000, 0x00000000f2300000| Complete 
|  79|0x00000000f2300000, 0x00000000f2400000, 0x00000000f2400000|100%|HS|  |TAMS 0x00000000f2300000, 0x00000000f2300000| Complete 
|  80|0x00000000f2400000, 0x00000000f2500000, 0x00000000f2500000|100%|HC|  |TAMS 0x00000000f2400000, 0x00000000f2400000| Complete 
|  81|0x00000000f2500000, 0x00000000f2600000, 0x00000000f2600000|100%|HS|  |TAMS 0x00000000f2500000, 0x00000000f2500000| Complete 
|  82|0x00000000f2600000, 0x00000000f2700000, 0x00000000f2700000|100%|HC|  |TAMS 0x00000000f2600000, 0x00000000f2600000| Complete 
|  83|0x00000000f2700000, 0x00000000f2800000, 0x00000000f2800000|100%|HS|  |TAMS 0x00000000f2700000, 0x00000000f2700000| Complete 
|  84|0x00000000f2800000, 0x00000000f2900000, 0x00000000f2900000|100%|HC|  |TAMS 0x00000000f2800000, 0x00000000f2800000| Complete 
|  85|0x00000000f2900000, 0x00000000f2900000, 0x00000000f2a00000|  0%| F|  |TAMS 0x00000000f2900000, 0x00000000f2900000| Untracked 
|  86|0x00000000f2a00000, 0x00000000f2a00000, 0x00000000f2b00000|  0%| F|  |TAMS 0x00000000f2a00000, 0x00000000f2a00000| Untracked 
|  87|0x00000000f2b00000, 0x00000000f2c00000, 0x00000000f2c00000|100%|HS|  |TAMS 0x00000000f2b00000, 0x00000000f2c00000| Complete 
|  88|0x00000000f2c00000, 0x00000000f2d00000, 0x00000000f2d00000|100%|HC|  |TAMS 0x00000000f2c00000, 0x00000000f2d00000| Complete 
|  89|0x00000000f2d00000, 0x00000000f2d00000, 0x00000000f2e00000|  0%| F|  |TAMS 0x00000000f2d00000, 0x00000000f2d00000| Untracked 
|  90|0x00000000f2e00000, 0x00000000f2e00000, 0x00000000f2f00000|  0%| F|  |TAMS 0x00000000f2e00000, 0x00000000f2e00000| Untracked 
|  91|0x00000000f2f00000, 0x00000000f2f00000, 0x00000000f3000000|  0%| F|  |TAMS 0x00000000f2f00000, 0x00000000f2f00000| Untracked 
|  92|0x00000000f3000000, 0x00000000f3000000, 0x00000000f3100000|  0%| F|  |TAMS 0x00000000f3000000, 0x00000000f3000000| Untracked 
|  93|0x00000000f3100000, 0x00000000f3100000, 0x00000000f3200000|  0%| F|  |TAMS 0x00000000f3100000, 0x00000000f3100000| Untracked 
|  94|0x00000000f3200000, 0x00000000f3200000, 0x00000000f3300000|  0%| F|  |TAMS 0x00000000f3200000, 0x00000000f3200000| Untracked 
|  95|0x00000000f3300000, 0x00000000f3400000, 0x00000000f3400000|100%|HS|  |TAMS 0x00000000f3300000, 0x00000000f3400000| Complete 
|  96|0x00000000f3400000, 0x00000000f3500000, 0x00000000f3500000|100%|HC|  |TAMS 0x00000000f3400000, 0x00000000f3500000| Complete 
|  97|0x00000000f3500000, 0x00000000f3500000, 0x00000000f3600000|  0%| F|  |TAMS 0x00000000f3500000, 0x00000000f3500000| Untracked 
|  98|0x00000000f3600000, 0x00000000f3600000, 0x00000000f3700000|  0%| F|  |TAMS 0x00000000f3600000, 0x00000000f3600000| Untracked 
|  99|0x00000000f3700000, 0x00000000f3700000, 0x00000000f3800000|  0%| F|  |TAMS 0x00000000f3700000, 0x00000000f3700000| Untracked 
| 100|0x00000000f3800000, 0x00000000f3800000, 0x00000000f3900000|  0%| F|  |TAMS 0x00000000f3800000, 0x00000000f3800000| Untracked 
| 101|0x00000000f3900000, 0x00000000f3900000, 0x00000000f3a00000|  0%| F|  |TAMS 0x00000000f3900000, 0x00000000f3900000| Untracked 
| 102|0x00000000f3a00000, 0x00000000f3a00000, 0x00000000f3b00000|  0%| F|  |TAMS 0x00000000f3a00000, 0x00000000f3a00000| Untracked 
| 103|0x00000000f3b00000, 0x00000000f3b00000, 0x00000000f3c00000|  0%| F|  |TAMS 0x00000000f3b00000, 0x00000000f3b00000| Untracked 
| 104|0x00000000f3c00000, 0x00000000f3c00000, 0x00000000f3d00000|  0%| F|  |TAMS 0x00000000f3c00000, 0x00000000f3c00000| Untracked 
| 105|0x00000000f3d00000, 0x00000000f3d00000, 0x00000000f3e00000|  0%| F|  |TAMS 0x00000000f3d00000, 0x00000000f3d00000| Untracked 
| 106|0x00000000f3e00000, 0x00000000f3e00000, 0x00000000f3f00000|  0%| F|  |TAMS 0x00000000f3e00000, 0x00000000f3e00000| Untracked 
| 107|0x00000000f3f00000, 0x00000000f3f00000, 0x00000000f4000000|  0%| F|  |TAMS 0x00000000f3f00000, 0x00000000f3f00000| Untracked 
| 108|0x00000000f4000000, 0x00000000f4000000, 0x00000000f4100000|  0%| F|  |TAMS 0x00000000f4000000, 0x00000000f4000000| Untracked 
| 109|0x00000000f4100000, 0x00000000f4100000, 0x00000000f4200000|  0%| F|  |TAMS 0x00000000f4100000, 0x00000000f4100000| Untracked 
| 110|0x00000000f4200000, 0x00000000f4200000, 0x00000000f4300000|  0%| F|  |TAMS 0x00000000f4200000, 0x00000000f4200000| Untracked 
| 111|0x00000000f4300000, 0x00000000f4300000, 0x00000000f4400000|  0%| F|  |TAMS 0x00000000f4300000, 0x00000000f4300000| Untracked 
| 112|0x00000000f4400000, 0x00000000f4400000, 0x00000000f4500000|  0%| F|  |TAMS 0x00000000f4400000, 0x00000000f4400000| Untracked 
| 113|0x00000000f4500000, 0x00000000f4500000, 0x00000000f4600000|  0%| F|  |TAMS 0x00000000f4500000, 0x00000000f4500000| Untracked 
| 114|0x00000000f4600000, 0x00000000f4600000, 0x00000000f4700000|  0%| F|  |TAMS 0x00000000f4600000, 0x00000000f4600000| Untracked 
| 115|0x00000000f4700000, 0x00000000f4700000, 0x00000000f4800000|  0%| F|  |TAMS 0x00000000f4700000, 0x00000000f4700000| Untracked 
| 116|0x00000000f4800000, 0x00000000f4800000, 0x00000000f4900000|  0%| F|  |TAMS 0x00000000f4800000, 0x00000000f4800000| Untracked 
| 117|0x00000000f4900000, 0x00000000f4900000, 0x00000000f4a00000|  0%| F|  |TAMS 0x00000000f4900000, 0x00000000f4900000| Untracked 
| 118|0x00000000f4a00000, 0x00000000f4a00000, 0x00000000f4b00000|  0%| F|  |TAMS 0x00000000f4a00000, 0x00000000f4a00000| Untracked 
| 119|0x00000000f4b00000, 0x00000000f4b00000, 0x00000000f4c00000|  0%| F|  |TAMS 0x00000000f4b00000, 0x00000000f4b00000| Untracked 
| 120|0x00000000f4c00000, 0x00000000f4c00000, 0x00000000f4d00000|  0%| F|  |TAMS 0x00000000f4c00000, 0x00000000f4c00000| Untracked 
| 121|0x00000000f4d00000, 0x00000000f4d00000, 0x00000000f4e00000|  0%| F|  |TAMS 0x00000000f4d00000, 0x00000000f4d00000| Untracked 
| 122|0x00000000f4e00000, 0x00000000f4e00000, 0x00000000f4f00000|  0%| F|  |TAMS 0x00000000f4e00000, 0x00000000f4e00000| Untracked 
| 123|0x00000000f4f00000, 0x00000000f4f00000, 0x00000000f5000000|  0%| F|  |TAMS 0x00000000f4f00000, 0x00000000f4f00000| Untracked 
| 124|0x00000000f5000000, 0x00000000f5000000, 0x00000000f5100000|  0%| F|  |TAMS 0x00000000f5000000, 0x00000000f5000000| Untracked 
| 125|0x00000000f5100000, 0x00000000f5100000, 0x00000000f5200000|  0%| F|  |TAMS 0x00000000f5100000, 0x00000000f5100000| Untracked 
| 126|0x00000000f5200000, 0x00000000f5200000, 0x00000000f5300000|  0%| F|  |TAMS 0x00000000f5200000, 0x00000000f5200000| Untracked 
| 127|0x00000000f5300000, 0x00000000f5300000, 0x00000000f5400000|  0%| F|  |TAMS 0x00000000f5300000, 0x00000000f5300000| Untracked 
| 128|0x00000000f5400000, 0x00000000f5400000, 0x00000000f5500000|  0%| F|  |TAMS 0x00000000f5400000, 0x00000000f5400000| Untracked 
| 129|0x00000000f5500000, 0x00000000f5500000, 0x00000000f5600000|  0%| F|  |TAMS 0x00000000f5500000, 0x00000000f5500000| Untracked 
| 130|0x00000000f5600000, 0x00000000f5600000, 0x00000000f5700000|  0%| F|  |TAMS 0x00000000f5600000, 0x00000000f5600000| Untracked 
| 131|0x00000000f5700000, 0x00000000f5700000, 0x00000000f5800000|  0%| F|  |TAMS 0x00000000f5700000, 0x00000000f5700000| Untracked 
| 132|0x00000000f5800000, 0x00000000f5800000, 0x00000000f5900000|  0%| F|  |TAMS 0x00000000f5800000, 0x00000000f5800000| Untracked 
| 133|0x00000000f5900000, 0x00000000f5900000, 0x00000000f5a00000|  0%| F|  |TAMS 0x00000000f5900000, 0x00000000f5900000| Untracked 
| 134|0x00000000f5a00000, 0x00000000f5a00000, 0x00000000f5b00000|  0%| F|  |TAMS 0x00000000f5a00000, 0x00000000f5a00000| Untracked 
| 135|0x00000000f5b00000, 0x00000000f5b00000, 0x00000000f5c00000|  0%| F|  |TAMS 0x00000000f5b00000, 0x00000000f5b00000| Untracked 
| 136|0x00000000f5c00000, 0x00000000f5c00000, 0x00000000f5d00000|  0%| F|  |TAMS 0x00000000f5c00000, 0x00000000f5c00000| Untracked 
| 137|0x00000000f5d00000, 0x00000000f5d00000, 0x00000000f5e00000|  0%| F|  |TAMS 0x00000000f5d00000, 0x00000000f5d00000| Untracked 
| 138|0x00000000f5e00000, 0x00000000f5e00000, 0x00000000f5f00000|  0%| F|  |TAMS 0x00000000f5e00000, 0x00000000f5e00000| Untracked 
| 139|0x00000000f5f00000, 0x00000000f5f00000, 0x00000000f6000000|  0%| F|  |TAMS 0x00000000f5f00000, 0x00000000f5f00000| Untracked 
| 140|0x00000000f6000000, 0x00000000f6000000, 0x00000000f6100000|  0%| F|  |TAMS 0x00000000f6000000, 0x00000000f6000000| Untracked 
| 141|0x00000000f6100000, 0x00000000f6100000, 0x00000000f6200000|  0%| F|  |TAMS 0x00000000f6100000, 0x00000000f6100000| Untracked 
| 142|0x00000000f6200000, 0x00000000f6200000, 0x00000000f6300000|  0%| F|  |TAMS 0x00000000f6200000, 0x00000000f6200000| Untracked 
| 143|0x00000000f6300000, 0x00000000f6300000, 0x00000000f6400000|  0%| F|  |TAMS 0x00000000f6300000, 0x00000000f6300000| Untracked 
| 144|0x00000000f6400000, 0x00000000f6400000, 0x00000000f6500000|  0%| F|  |TAMS 0x00000000f6400000, 0x00000000f6400000| Untracked 
| 145|0x00000000f6500000, 0x00000000f6500000, 0x00000000f6600000|  0%| F|  |TAMS 0x00000000f6500000, 0x00000000f6500000| Untracked 
| 146|0x00000000f6600000, 0x00000000f6600000, 0x00000000f6700000|  0%| F|  |TAMS 0x00000000f6600000, 0x00000000f6600000| Untracked 
| 147|0x00000000f6700000, 0x00000000f6700000, 0x00000000f6800000|  0%| F|  |TAMS 0x00000000f6700000, 0x00000000f6700000| Untracked 
| 148|0x00000000f6800000, 0x00000000f6800000, 0x00000000f6900000|  0%| F|  |TAMS 0x00000000f6800000, 0x00000000f6800000| Untracked 
| 149|0x00000000f6900000, 0x00000000f6900000, 0x00000000f6a00000|  0%| F|  |TAMS 0x00000000f6900000, 0x00000000f6900000| Untracked 
| 150|0x00000000f6a00000, 0x00000000f6a00000, 0x00000000f6b00000|  0%| F|  |TAMS 0x00000000f6a00000, 0x00000000f6a00000| Untracked 
| 151|0x00000000f6b00000, 0x00000000f6b00000, 0x00000000f6c00000|  0%| F|  |TAMS 0x00000000f6b00000, 0x00000000f6b00000| Untracked 
| 152|0x00000000f6c00000, 0x00000000f6c00000, 0x00000000f6d00000|  0%| F|  |TAMS 0x00000000f6c00000, 0x00000000f6c00000| Untracked 
| 153|0x00000000f6d00000, 0x00000000f6d00000, 0x00000000f6e00000|  0%| F|  |TAMS 0x00000000f6d00000, 0x00000000f6d00000| Untracked 
| 154|0x00000000f6e00000, 0x00000000f6e00000, 0x00000000f6f00000|  0%| F|  |TAMS 0x00000000f6e00000, 0x00000000f6e00000| Untracked 
| 155|0x00000000f6f00000, 0x00000000f6f00000, 0x00000000f7000000|  0%| F|  |TAMS 0x00000000f6f00000, 0x00000000f6f00000| Untracked 
| 156|0x00000000f7000000, 0x00000000f7000000, 0x00000000f7100000|  0%| F|  |TAMS 0x00000000f7000000, 0x00000000f7000000| Untracked 
| 157|0x00000000f7100000, 0x00000000f7100000, 0x00000000f7200000|  0%| F|  |TAMS 0x00000000f7100000, 0x00000000f7100000| Untracked 
| 158|0x00000000f7200000, 0x00000000f7200000, 0x00000000f7300000|  0%| F|  |TAMS 0x00000000f7200000, 0x00000000f7200000| Untracked 
| 159|0x00000000f7300000, 0x00000000f7300000, 0x00000000f7400000|  0%| F|  |TAMS 0x00000000f7300000, 0x00000000f7300000| Untracked 
| 160|0x00000000f7400000, 0x00000000f7400000, 0x00000000f7500000|  0%| F|  |TAMS 0x00000000f7400000, 0x00000000f7400000| Untracked 
| 161|0x00000000f7500000, 0x00000000f7500000, 0x00000000f7600000|  0%| F|  |TAMS 0x00000000f7500000, 0x00000000f7500000| Untracked 
| 162|0x00000000f7600000, 0x00000000f7600000, 0x00000000f7700000|  0%| F|  |TAMS 0x00000000f7600000, 0x00000000f7600000| Untracked 
| 163|0x00000000f7700000, 0x00000000f7700000, 0x00000000f7800000|  0%| F|  |TAMS 0x00000000f7700000, 0x00000000f7700000| Untracked 
| 164|0x00000000f7800000, 0x00000000f7800000, 0x00000000f7900000|  0%| F|  |TAMS 0x00000000f7800000, 0x00000000f7800000| Untracked 
| 165|0x00000000f7900000, 0x00000000f7900000, 0x00000000f7a00000|  0%| F|  |TAMS 0x00000000f7900000, 0x00000000f7900000| Untracked 
| 166|0x00000000f7a00000, 0x00000000f7a00000, 0x00000000f7b00000|  0%| F|  |TAMS 0x00000000f7a00000, 0x00000000f7a00000| Untracked 
| 167|0x00000000f7b00000, 0x00000000f7b9df30, 0x00000000f7c00000| 61%| E|  |TAMS 0x00000000f7b00000, 0x00000000f7b00000| Complete 
| 168|0x00000000f7c00000, 0x00000000f7ccffd8, 0x00000000f7d00000| 81%| S|CS|TAMS 0x00000000f7c00000, 0x00000000f7c00000| Complete 

Card table byte_map: [0x000001c637230000,0x000001c6372d0000] _byte_map_base: 0x000001c636ac6000

Marking Bits (Prev, Next): (CMBitMap*) 0x000001c61de08c88, (CMBitMap*) 0x000001c61de08c48
 Prev Bits: [0x000001c637820000, 0x000001c637cd0000)
 Next Bits: [0x000001c637370000, 0x000001c637820000)

Polling page: 0x000001c61dc50000

Metaspace:

Usage:
  Non-class:      5.26 MB capacity,     4.60 MB ( 87%) used,   652.15 KB ( 12%) free+waste,    21.75 KB ( <1%) overhead. 
      Class:    719.00 KB capacity,   601.66 KB ( 84%) used,   104.59 KB ( 15%) free+waste,    12.75 KB (  2%) overhead. 
       Both:      5.96 MB capacity,     5.19 MB ( 87%) used,   756.74 KB ( 12%) free+waste,    34.50 KB ( <1%) overhead. 

Virtual space:
  Non-class space:        8.00 MB reserved,       5.50 MB ( 69%) committed 
      Class space:        1.00 GB reserved,     768.00 KB ( <1%) committed 
             Both:        1.01 GB reserved,       6.25 MB ( <1%) committed 

Chunk freelists:
   Non-Class:  55.00 KB
       Class:  0 bytes
        Both:  55.00 KB

MaxMetaspaceSize: 17179869184.00 GB
CompressedClassSpaceSize: 1.00 GB

CodeHeap 'non-profiled nmethods': size=120000Kb used=377Kb max_used=377Kb free=119622Kb
 bounds [0x000001c62f580000, 0x000001c62f7f0000, 0x000001c636ab0000]
CodeHeap 'profiled nmethods': size=120000Kb used=1899Kb max_used=1899Kb free=118100Kb
 bounds [0x000001c628050000, 0x000001c6282c0000, 0x000001c62f580000]
CodeHeap 'non-nmethods': size=5760Kb used=1209Kb max_used=1224Kb free=4550Kb
 bounds [0x000001c627ab0000, 0x000001c627d20000, 0x000001c628050000]
 total_blobs=1994 nmethods=1021 adapters=381
 compilation: enabled
              stopped_count=0, restarted_count=0
 full_count=0

Compilation events (20 events):
Event: 12.177 Thread 0x000001c63a2a7000 nmethod 1015 0x000001c62f5dcc10 code [0x000001c62f5dcda0, 0x000001c62f5dced8]
Event: 12.177 Thread 0x000001c63a2a7000 1016       1       java.lang.reflect.Constructor::getConstructorAccessor (5 bytes)
Event: 12.177 Thread 0x000001c63a2a7000 nmethod 1016 0x000001c62f5dcf90 code [0x000001c62f5dd120, 0x000001c62f5dd258]
Event: 12.177 Thread 0x000001c63a2a7000 1018       3       com.esotericsoftware.kryo.util.UnsafeUtil::unsafe (4 bytes)
Event: 12.177 Thread 0x000001c63a2a7000 nmethod 1018 0x000001c628220110 code [0x000001c6282202a0, 0x000001c6282203f8]
Event: 12.177 Thread 0x000001c63a2a7000 1017       1       java.lang.reflect.Constructor::getRoot (5 bytes)
Event: 12.178 Thread 0x000001c63a2a7000 nmethod 1017 0x000001c62f5dd310 code [0x000001c62f5dd4a0, 0x000001c62f5dd5d8]
Event: 12.178 Thread 0x000001c63a2a7000 1019       3       com.esotericsoftware.kryo.util.DefaultClassResolver::getRegistration (41 bytes)
Event: 12.178 Thread 0x000001c63a2a7000 nmethod 1019 0x000001c628220490 code [0x000001c628220660, 0x000001c628220a90]
Event: 12.178 Thread 0x000001c63a2a7000 1020       3       com.esotericsoftware.kryo.Kryo::getRegistration (179 bytes)
Event: 12.181 Thread 0x000001c63a2a6000 nmethod 1005 0x000001c62f5dd690 code [0x000001c62f5dd860, 0x000001c62f5ddc90]
Event: 12.181 Thread 0x000001c63a2a6000 1008 %     4       java.lang.StringLatin1::inflate @ 3 (34 bytes)
Event: 12.183 Thread 0x000001c63a2a7000 nmethod 1020 0x000001c628220b90 code [0x000001c628221080, 0x000001c6282234e0]
Event: 12.183 Thread 0x000001c63a2a7000 1025       3       sun.nio.cs.UTF_8::updatePositions (23 bytes)
Event: 12.183 Thread 0x000001c63a2a7000 nmethod 1025 0x000001c628224010 code [0x000001c628224200, 0x000001c6282246a0]
Event: 12.183 Thread 0x000001c63a2a7000 1022       3       jdk.internal.misc.VM::isModuleSystemInited (13 bytes)
Event: 12.183 Thread 0x000001c63a2a7000 nmethod 1022 0x000001c628224810 code [0x000001c6282249c0, 0x000001c628224bb8]
Event: 12.183 Thread 0x000001c63a2a7000 1027       1       java.io.File::getPath (5 bytes)
Event: 12.183 Thread 0x000001c63a2a7000 nmethod 1027 0x000001c62f5ddf10 code [0x000001c62f5de0a0, 0x000001c62f5de1d8]
Event: 12.183 Thread 0x000001c63a2a7000 1021   !   3       com.esotericsoftware.kryo.serializers.ObjectField::read (368 bytes)

GC Heap History (20 events):
Event: 3.620 GC heap before
{Heap before GC invocations=29 (full 0):
 garbage-first heap   total 132096K, used 117114K [0x00000000ed400000, 0x0000000100000000)
  region size 1024K, 42 young (43008K), 0 survivors (0K)
 Metaspace       used 2945K, capacity 5003K, committed 5248K, reserved 1056768K
  class space    used 316K, capacity 527K, committed 640K, reserved 1048576K
}
Event: 3.620 GC heap after
{Heap after GC invocations=30 (full 0):
 garbage-first heap   total 132096K, used 74108K [0x00000000ed400000, 0x0000000100000000)
  region size 1024K, 1 young (1024K), 1 survivors (1024K)
 Metaspace       used 2945K, capacity 5003K, committed 5248K, reserved 1056768K
  class space    used 316K, capacity 527K, committed 640K, reserved 1048576K
}
Event: 3.700 GC heap before
{Heap before GC invocations=30 (full 0):
 garbage-first heap   total 132096K, used 116092K [0x00000000ed400000, 0x0000000100000000)
  region size 1024K, 42 young (43008K), 1 survivors (1024K)
 Metaspace       used 2945K, capacity 5003K, committed 5248K, reserved 1056768K
  class space    used 316K, capacity 527K, committed 640K, reserved 1048576K
}
Event: 3.701 GC heap after
{Heap after GC invocations=31 (full 0):
 garbage-first heap   total 132096K, used 74108K [0x00000000ed400000, 0x0000000100000000)
  region size 1024K, 1 young (1024K), 1 survivors (1024K)
 Metaspace       used 2945K, capacity 5003K, committed 5248K, reserved 1056768K
  class space    used 316K, capacity 527K, committed 640K, reserved 1048576K
}
Event: 3.778 GC heap before
{Heap before GC invocations=32 (full 0):
 garbage-first heap   total 132096K, used 116092K [0x00000000ed400000, 0x0000000100000000)
  region size 1024K, 42 young (43008K), 1 survivors (1024K)
 Metaspace       used 2945K, capacity 5003K, committed 5248K, reserved 1056768K
  class space    used 316K, capacity 527K, committed 640K, reserved 1048576K
}
Event: 3.778 GC heap after
{Heap after GC invocations=33 (full 0):
 garbage-first heap   total 132096K, used 74108K [0x00000000ed400000, 0x0000000100000000)
  region size 1024K, 1 young (1024K), 1 survivors (1024K)
 Metaspace       used 2945K, capacity 5003K, committed 5248K, reserved 1056768K
  class space    used 316K, capacity 527K, committed 640K, reserved 1048576K
}
Event: 3.870 GC heap before
{Heap before GC invocations=33 (full 0):
 garbage-first heap   total 132096K, used 116092K [0x00000000ed400000, 0x0000000100000000)
  region size 1024K, 42 young (43008K), 1 survivors (1024K)
 Metaspace       used 2945K, capacity 5003K, committed 5248K, reserved 1056768K
  class space    used 316K, capacity 527K, committed 640K, reserved 1048576K
}
Event: 3.871 GC heap after
{Heap after GC invocations=34 (full 0):
 garbage-first heap   total 132096K, used 74108K [0x00000000ed400000, 0x0000000100000000)
  region size 1024K, 1 young (1024K), 1 survivors (1024K)
 Metaspace       used 2945K, capacity 5003K, committed 5248K, reserved 1056768K
  class space    used 316K, capacity 527K, committed 640K, reserved 1048576K
}
Event: 3.957 GC heap before
{Heap before GC invocations=35 (full 0):
 garbage-first heap   total 132096K, used 116092K [0x00000000ed400000, 0x0000000100000000)
  region size 1024K, 42 young (43008K), 1 survivors (1024K)
 Metaspace       used 2945K, capacity 5003K, committed 5248K, reserved 1056768K
  class space    used 316K, capacity 527K, committed 640K, reserved 1048576K
}
Event: 3.958 GC heap after
{Heap after GC invocations=36 (full 0):
 garbage-first heap   total 132096K, used 74106K [0x00000000ed400000, 0x0000000100000000)
  region size 1024K, 0 young (0K), 0 survivors (0K)
 Metaspace       used 2945K, capacity 5003K, committed 5248K, reserved 1056768K
  class space    used 316K, capacity 527K, committed 640K, reserved 1048576K
}
Event: 4.073 GC heap before
{Heap before GC invocations=36 (full 0):
 garbage-first heap   total 132096K, used 117114K [0x00000000ed400000, 0x0000000100000000)
  region size 1024K, 42 young (43008K), 0 survivors (0K)
 Metaspace       used 2945K, capacity 5003K, committed 5248K, reserved 1056768K
  class space    used 316K, capacity 527K, committed 640K, reserved 1048576K
}
Event: 4.074 GC heap after
{Heap after GC invocations=37 (full 0):
 garbage-first heap   total 132096K, used 74108K [0x00000000ed400000, 0x0000000100000000)
  region size 1024K, 1 young (1024K), 1 survivors (1024K)
 Metaspace       used 2945K, capacity 5003K, committed 5248K, reserved 1056768K
  class space    used 316K, capacity 527K, committed 640K, reserved 1048576K
}
Event: 4.219 GC heap before
{Heap before GC invocations=38 (full 0):
 garbage-first heap   total 132096K, used 116092K [0x00000000ed400000, 0x0000000100000000)
  region size 1024K, 42 young (43008K), 1 survivors (1024K)
 Metaspace       used 3429K, capacity 5318K, committed 5504K, reserved 1056768K
  class space    used 365K, capacity 569K, committed 640K, reserved 1048576K
}
Event: 4.220 GC heap after
{Heap after GC invocations=39 (full 0):
 garbage-first heap   total 132096K, used 74185K [0x00000000ed400000, 0x0000000100000000)
  region size 1024K, 1 young (1024K), 1 survivors (1024K)
 Metaspace       used 3429K, capacity 5318K, committed 5504K, reserved 1056768K
  class space    used 365K, capacity 569K, committed 640K, reserved 1048576K
}
Event: 12.128 GC heap before
{Heap before GC invocations=39 (full 0):
 garbage-first heap   total 132096K, used 79305K [0x00000000ed400000, 0x0000000100000000)
  region size 1024K, 7 young (7168K), 1 survivors (1024K)
 Metaspace       used 5240K, capacity 6032K, committed 6144K, reserved 1056768K
  class space    used 595K, capacity 716K, committed 768K, reserved 1048576K
}
Event: 12.130 GC heap after
{Heap after GC invocations=40 (full 0):
 garbage-first heap   total 132096K, used 74664K [0x00000000ed400000, 0x0000000100000000)
  region size 1024K, 1 young (1024K), 1 survivors (1024K)
 Metaspace       used 5240K, capacity 6032K, committed 6144K, reserved 1056768K
  class space    used 595K, capacity 716K, committed 768K, reserved 1048576K
}
Event: 12.162 GC heap before
{Heap before GC invocations=41 (full 0):
 garbage-first heap   total 140288K, used 101288K [0x00000000ed400000, 0x0000000100000000)
  region size 1024K, 3 young (3072K), 1 survivors (1024K)
 Metaspace       used 5277K, capacity 6034K, committed 6144K, reserved 1056768K
  class space    used 600K, capacity 718K, committed 768K, reserved 1048576K
}
Event: 12.164 GC heap after
{Heap after GC invocations=42 (full 0):
 garbage-first heap   total 140288K, used 89203K [0x00000000ed400000, 0x0000000100000000)
  region size 1024K, 1 young (1024K), 1 survivors (1024K)
 Metaspace       used 5277K, capacity 6034K, committed 6144K, reserved 1056768K
  class space    used 600K, capacity 718K, committed 768K, reserved 1048576K
}
Event: 12.179 GC heap before
{Heap before GC invocations=43 (full 0):
 garbage-first heap   total 173056K, used 103539K [0x00000000ed400000, 0x0000000100000000)
  region size 1024K, 2 young (2048K), 1 survivors (1024K)
 Metaspace       used 5300K, capacity 6104K, committed 6400K, reserved 1056768K
  class space    used 601K, capacity 719K, committed 768K, reserved 1048576K
}
Event: 12.181 GC heap after
{Heap after GC invocations=44 (full 0):
 garbage-first heap   total 173056K, used 85178K [0x00000000ed400000, 0x0000000100000000)
  region size 1024K, 1 young (1024K), 1 survivors (1024K)
 Metaspace       used 5300K, capacity 6104K, committed 6400K, reserved 1056768K
  class space    used 601K, capacity 719K, committed 768K, reserved 1048576K
}

Deoptimization events (20 events):
Event: 4.208 Thread 0x000001c61dde4800 Uncommon trap: trap_request=0xffffffde fr.pc=0x000001c62f5c3b74 relative=0x00000000000000d4
Event: 4.208 Thread 0x000001c61dde4800 Uncommon trap: reason=class_check action=maybe_recompile pc=0x000001c62f5c3b74 method=java.nio.Buffer.<init>(IIII)V @ 33 c2
Event: 4.208 Thread 0x000001c61dde4800 DEOPT PACKING pc=0x000001c62f5c3b74 sp=0x0000004504efc4e0
Event: 4.208 Thread 0x000001c61dde4800 DEOPT UNPACKING pc=0x000001c627af912f sp=0x0000004504efc498 mode 2
Event: 4.238 Thread 0x000001c61dde4800 DEOPT PACKING pc=0x000001c628186fe8 sp=0x0000004504efd130
Event: 4.238 Thread 0x000001c61dde4800 DEOPT UNPACKING pc=0x000001c627af964e sp=0x0000004504efc5a0 mode 0
Event: 4.242 Thread 0x000001c61dde4800 DEOPT PACKING pc=0x000001c62817f75f sp=0x0000004504ef87a0
Event: 4.242 Thread 0x000001c61dde4800 DEOPT UNPACKING pc=0x000001c627af964e sp=0x0000004504ef7c18 mode 0
Event: 4.253 Thread 0x000001c61dde4800 Uncommon trap: trap_request=0xffffff45 fr.pc=0x000001c62f5a90cc relative=0x000000000000156c
Event: 4.253 Thread 0x000001c61dde4800 Uncommon trap: reason=unstable_if action=reinterpret pc=0x000001c62f5a90cc method=java.util.HashMap.hash(Ljava/lang/Object;)I @ 1 c2
Event: 4.253 Thread 0x000001c61dde4800 DEOPT PACKING pc=0x000001c62f5a90cc sp=0x0000004504efcd50
Event: 4.253 Thread 0x000001c61dde4800 DEOPT UNPACKING pc=0x000001c627af912f sp=0x0000004504efcd10 mode 2
Event: 4.306 Thread 0x000001c61dde4800 Uncommon trap: trap_request=0xffffffde fr.pc=0x000001c62f5c3b74 relative=0x00000000000000d4
Event: 4.306 Thread 0x000001c61dde4800 Uncommon trap: reason=class_check action=maybe_recompile pc=0x000001c62f5c3b74 method=java.nio.Buffer.<init>(IIII)V @ 33 c2
Event: 4.306 Thread 0x000001c61dde4800 DEOPT PACKING pc=0x000001c62f5c3b74 sp=0x0000004504efead0
Event: 4.306 Thread 0x000001c61dde4800 DEOPT UNPACKING pc=0x000001c627af912f sp=0x0000004504efea88 mode 2
Event: 12.138 Thread 0x000001c63b364000 Uncommon trap: trap_request=0xffffff45 fr.pc=0x000001c62f5cced0 relative=0x0000000000000330
Event: 12.138 Thread 0x000001c63b364000 Uncommon trap: reason=unstable_if action=reinterpret pc=0x000001c62f5cced0 method=java.lang.StringLatin1.indexOf([BI[BII)I @ 91 c2
Event: 12.138 Thread 0x000001c63b364000 DEOPT PACKING pc=0x000001c62f5cced0 sp=0x0000004506cfe2a0
Event: 12.138 Thread 0x000001c63b364000 DEOPT UNPACKING pc=0x000001c627af912f sp=0x0000004506cfe200 mode 2

Classes unloaded (0 events):
No events

Classes redefined (0 events):
No events

Internal exceptions (20 events):
Event: 4.167 Thread 0x000001c61dde4800 Exception <a 'sun/nio/fs/WindowsException'{0x00000000f2de2540}> (0x00000000f2de2540) 
thrown [t:/workspace/open/src/hotspot/share/prims/jni.cpp, line 598]
Event: 4.253 Thread 0x000001c61dde4800 Implicit null exception at 0x000001c62f5a7bb1 to 0x000001c62f5a90b6
Event: 4.305 Thread 0x000001c61dde4800 Exception <a 'sun/nio/fs/WindowsException'{0x00000000f521b9f8}> (0x00000000f521b9f8) 
thrown [t:/workspace/open/src/hotspot/share/prims/jni.cpp, line 598]
Event: 12.045 Thread 0x000001c63b367000 Exception <a 'java/lang/NoSuchMethodError'{0x00000000f5027a38}: static [B.<clinit>()V> (0x00000000f5027a38) 
thrown [t:/workspace/open/src/hotspot/share/prims/jni.cpp, line 1347]
Event: 12.113 Thread 0x000001c63b367000 Exception <a 'java/lang/NoSuchMethodError'{0x00000000f507b100}: static [Ljava/rmi/server/ObjID;.<clinit>()V> (0x00000000f507b100) 
thrown [t:/workspace/open/src/hotspot/share/prims/jni.cpp, line 1347]
Event: 12.120 Thread 0x000001c63b364800 Exception <a 'java/lang/InterruptedException'{0x00000000f4f00000}> (0x00000000f4f00000) 
thrown [t:/workspace/open/src/hotspot/share/runtime/objectMonitor.cpp, line 1403]
Event: 12.121 Thread 0x000001c63b367000 Exception <a 'java/lang/NoSuchMethodError'{0x00000000f5089110}: 'java.lang.Object java.lang.invoke.DirectMethodHandle$Holder.invokeStatic(java.lang.Object, java.lang.Object, int, int, java.lang.Object, java.lang.Object)'> (0x00000000f5089110) 
thrown [t:/workspace/open/src/hotspot/share/interpreter/linkResolver.cpp, line 767]
Event: 12.121 Thread 0x000001c63b364800 Exception <a 'java/lang/NoSuchMethodError'{0x00000000f4f07970}: 'java.lang.Object java.lang.invoke.DirectMethodHandle$Holder.invokeStatic(java.lang.Object, java.lang.Object, int, java.lang.Object, long)'> (0x00000000f4f07970) 
thrown [t:/workspace/open/src/hotspot/share/interpreter/linkResolver.cpp, line 767]
Event: 12.123 Thread 0x000001c63b364000 Exception <a 'java/lang/IncompatibleClassChangeError'{0x00000000f4f85a20}: Found class java.lang.Object, but interface was expected> (0x00000000f4f85a20) 
thrown [t:/workspace/open/src/hotspot/share/interpreter/linkResolver.cpp, line 833]
Event: 12.124 Thread 0x000001c63b364000 Exception <a 'java/lang/NoSuchMethodError'{0x00000000f4f885d0}: 'java.lang.Object java.lang.invoke.DirectMethodHandle$Holder.invokeVirtual(java.lang.Object, java.lang.Object, int)'> (0x00000000f4f885d0) 
thrown [t:/workspace/open/src/hotspot/share/interpreter/linkResolver.cpp, line 767]
Event: 12.151 Thread 0x000001c63b362800 Exception <a 'java/lang/NullPointerException'{0x00000000f548a830}> (0x00000000f548a830) 
thrown [t:/workspace/open/src/hotspot/share/interpreter/linkResolver.cpp, line 1349]
Event: 12.154 Thread 0x000001c63b362800 Exception <a 'java/lang/NullPointerException'{0x00000000f54915c0}> (0x00000000f54915c0) 
thrown [t:/workspace/open/src/hotspot/share/interpreter/linkResolver.cpp, line 1431]
Event: 12.161 Thread 0x000001c63b369000 Exception <a 'java/lang/NullPointerException'{0x00000000f530c220}> (0x00000000f530c220) 
thrown [t:/workspace/open/src/hotspot/share/interpreter/linkResolver.cpp, line 1349]
Event: 12.162 Thread 0x000001c63b369000 Exception <a 'java/lang/NullPointerException'{0x00000000f5311bc0}> (0x00000000f5311bc0) 
thrown [t:/workspace/open/src/hotspot/share/interpreter/linkResolver.cpp, line 1431]
Event: 12.169 Thread 0x000001c63b362800 Exception <a 'java/lang/NullPointerException'{0x00000000f5b477a0}> (0x00000000f5b477a0) 
thrown [t:/workspace/open/src/hotspot/share/interpreter/linkResolver.cpp, line 1349]
Event: 12.171 Thread 0x000001c63b362800 Exception <a 'java/lang/NullPointerException'{0x00000000f5b4d380}> (0x00000000f5b4d380) 
thrown [t:/workspace/open/src/hotspot/share/interpreter/linkResolver.cpp, line 1431]
Event: 12.174 Thread 0x000001c63b46b800 Exception <a 'java/lang/NullPointerException'{0x00000000f5bce840}> (0x00000000f5bce840) 
thrown [t:/workspace/open/src/hotspot/share/interpreter/linkResolver.cpp, line 1349]
Event: 12.176 Thread 0x000001c63b369000 Exception <a 'java/lang/NullPointerException'{0x00000000f5b04290}> (0x00000000f5b04290) 
thrown [t:/workspace/open/src/hotspot/share/interpreter/linkResolver.cpp, line 1349]
Event: 12.177 Thread 0x000001c63b46b800 Exception <a 'java/lang/NullPointerException'{0x00000000f5bd4170}> (0x00000000f5bd4170) 
thrown [t:/workspace/open/src/hotspot/share/interpreter/linkResolver.cpp, line 1431]
Event: 12.179 Thread 0x000001c63b369000 Exception <a 'java/lang/NullPointerException'{0x00000000f5b09bc0}> (0x00000000f5b09bc0) 
thrown [t:/workspace/open/src/hotspot/share/interpreter/linkResolver.cpp, line 1431]

Events (20 events):
Event: 12.159 loading class dataCollection/bplustree/BPTreeInFile$LeafNode$KVConstructorAccess
Event: 12.159 loading class dataCollection/bplustree/BPTreeInFile$LeafNode$KVConstructorAccess done
Event: 12.159 Executing VM operation: G1Concurrent
Event: 12.161 Executing VM operation: G1Concurrent done
Event: 12.162 Executing VM operation: G1CollectForAllocation
Event: 12.164 Executing VM operation: G1CollectForAllocation done
Event: 12.165 loading class com/esotericsoftware/kryo/Kryo$DefaultInstantiatorStrategy$2
Event: 12.165 loading class com/esotericsoftware/kryo/Kryo$DefaultInstantiatorStrategy$2 done
Event: 12.166 Executing VM operation: RevokeBias
Event: 12.166 Executing VM operation: RevokeBias done
Event: 12.172 loading class dataCollection/bplustree/ValueNodeConstructorAccess
Event: 12.172 loading class dataCollection/bplustree/ValueNodeConstructorAccess done
Event: 12.172 Executing VM operation: G1Concurrent
Event: 12.173 Executing VM operation: G1Concurrent done
Event: 12.173 loading class dataCollection/bplustree/ValueNodeConstructorAccess
Event: 12.173 loading class dataCollection/bplustree/ValueNodeConstructorAccess done
Event: 12.176 Executing VM operation: G1Concurrent
Event: 12.178 Executing VM operation: G1Concurrent done
Event: 12.179 Executing VM operation: G1CollectForAllocation
Event: 12.181 Executing VM operation: G1CollectForAllocation done


Dynamic libraries:
0x00007ff6e0860000 - 0x00007ff6e086f000 	C:\Program Files\Java\jdk-13.0.2\bin\java.exe
0x00007ff98e1c0000 - 0x00007ff98e3b0000 	C:\WINDOWS\SYSTEM32\ntdll.dll
0x00007ff98cb00000 - 0x00007ff98cbb2000 	C:\WINDOWS\System32\KERNEL32.DLL
0x00007ff98b610000 - 0x00007ff98b8b3000 	C:\WINDOWS\System32\KERNELBASE.dll
0x00007ff98b1d0000 - 0x00007ff98b2ca000 	C:\WINDOWS\System32\ucrtbase.dll
0x00007ff97d490000 - 0x00007ff97d4a8000 	C:\Program Files\Java\jdk-13.0.2\bin\jli.dll
0x00007ff98d730000 - 0x00007ff98d7d3000 	C:\WINDOWS\System32\ADVAPI32.dll
0x00007ff98cbc0000 - 0x00007ff98cc5e000 	C:\WINDOWS\System32\msvcrt.dll
0x00007ff98dcc0000 - 0x00007ff98dd57000 	C:\WINDOWS\System32\sechost.dll
0x00007ff98c350000 - 0x00007ff98c470000 	C:\WINDOWS\System32\RPCRT4.dll
0x00007ff98c610000 - 0x00007ff98c7a4000 	C:\WINDOWS\System32\USER32.dll
0x00007ff98b2d0000 - 0x00007ff98b2f1000 	C:\WINDOWS\System32\win32u.dll
0x00007ff98e150000 - 0x00007ff98e176000 	C:\WINDOWS\System32\GDI32.dll
0x00007ff98b450000 - 0x00007ff98b5e4000 	C:\WINDOWS\System32\gdi32full.dll
0x00007ff98b3b0000 - 0x00007ff98b44e000 	C:\WINDOWS\System32\msvcp_win.dll
0x00007ff97cc50000 - 0x00007ff97cc65000 	C:\Program Files\Java\jdk-13.0.2\bin\VCRUNTIME140.dll
0x00007ff96d9b0000 - 0x00007ff96dc35000 	C:\WINDOWS\WinSxS\amd64_microsoft.windows.common-controls_6595b64144ccf1df_6.0.18362.720_none_e6beb5c51314836b\COMCTL32.dll
0x00007ff98d3e0000 - 0x00007ff98d716000 	C:\WINDOWS\System32\combase.dll
0x00007ff98b150000 - 0x00007ff98b1d0000 	C:\WINDOWS\System32\bcryptPrimitives.dll
0x00007ff985e80000 - 0x00007ff985e8a000 	C:\WINDOWS\SYSTEM32\VERSION.dll
0x00007ff98d3b0000 - 0x00007ff98d3de000 	C:\WINDOWS\System32\IMM32.DLL
0x00007ff95cfa0000 - 0x00007ff95d03b000 	C:\Program Files\Java\jdk-13.0.2\bin\msvcp140.dll
0x00007ff942e90000 - 0x00007ff9439ed000 	C:\Program Files\Java\jdk-13.0.2\bin\server\jvm.dll
0x00007ff98c270000 - 0x00007ff98c278000 	C:\WINDOWS\System32\PSAPI.DLL
0x00007ff982450000 - 0x00007ff982474000 	C:\WINDOWS\SYSTEM32\WINMM.dll
0x00007ff974880000 - 0x00007ff974889000 	C:\WINDOWS\SYSTEM32\WSOCK32.dll
0x00007ff98d7e0000 - 0x00007ff98d84f000 	C:\WINDOWS\System32\WS2_32.dll
0x00007ff982210000 - 0x00007ff98223d000 	C:\WINDOWS\SYSTEM32\winmmbase.dll
0x00007ff98b8c0000 - 0x00007ff98b90a000 	C:\WINDOWS\System32\cfgmgr32.dll
0x00007ff98b090000 - 0x00007ff98b0a1000 	C:\WINDOWS\System32\kernel.appcore.dll
0x00007ff9827a0000 - 0x00007ff9827b0000 	C:\Program Files\Java\jdk-13.0.2\bin\verify.dll
0x00007ff989930000 - 0x00007ff989b24000 	C:\WINDOWS\SYSTEM32\DBGHELP.DLL
0x00007ff985040000 - 0x00007ff98506a000 	C:\WINDOWS\SYSTEM32\dbgcore.DLL
0x00007ff9777b0000 - 0x00007ff9777d6000 	C:\Program Files\Java\jdk-13.0.2\bin\java.dll
0x00007ff982730000 - 0x00007ff98273e000 	C:\Program Files\Java\jdk-13.0.2\bin\instrument.dll
0x00007ff97afc0000 - 0x00007ff97afd7000 	C:\Program Files\Java\jdk-13.0.2\bin\zip.dll
0x00007ff982720000 - 0x00007ff98272a000 	C:\Program Files\Java\jdk-13.0.2\bin\jimage.dll
0x00007ff98cc60000 - 0x00007ff98d345000 	C:\WINDOWS\System32\SHELL32.dll
0x00007ff98c280000 - 0x00007ff98c329000 	C:\WINDOWS\System32\shcore.dll
0x00007ff98b970000 - 0x00007ff98c0f0000 	C:\WINDOWS\System32\windows.storage.dll
0x00007ff98b100000 - 0x00007ff98b123000 	C:\WINDOWS\System32\profapi.dll
0x00007ff98b0b0000 - 0x00007ff98b0fa000 	C:\WINDOWS\System32\powrprof.dll
0x00007ff98b080000 - 0x00007ff98b090000 	C:\WINDOWS\System32\UMPDC.dll
0x00007ff98c470000 - 0x00007ff98c4c2000 	C:\WINDOWS\System32\shlwapi.dll
0x00007ff98b5f0000 - 0x00007ff98b607000 	C:\WINDOWS\System32\cryptsp.dll
0x00007ff978130000 - 0x00007ff978149000 	C:\Program Files\Java\jdk-13.0.2\bin\net.dll
0x00007ff9857a0000 - 0x00007ff985891000 	C:\WINDOWS\SYSTEM32\WINHTTP.dll
0x00007ff98a8f0000 - 0x00007ff98a957000 	C:\WINDOWS\system32\mswsock.dll
0x00007ff977680000 - 0x00007ff977693000 	C:\Program Files\Java\jdk-13.0.2\bin\nio.dll
0x00007ff981e80000 - 0x00007ff981e9a000 	C:\Program Files\JetBrains\IntelliJ IDEA 2019.3.3\bin\breakgen64.dll
0x00007ff98a460000 - 0x00007ff98a493000 	C:\WINDOWS\system32\rsaenh.dll
0x00007ff98c240000 - 0x00007ff98c266000 	C:\WINDOWS\System32\bcrypt.dll
0x00007ff98af70000 - 0x00007ff98af95000 	C:\WINDOWS\SYSTEM32\USERENV.dll
0x00007ff98aac0000 - 0x00007ff98aacc000 	C:\WINDOWS\SYSTEM32\CRYPTBASE.dll
0x00007ff98a600000 - 0x00007ff98a63a000 	C:\WINDOWS\SYSTEM32\IPHLPAPI.DLL
0x00007ff98d720000 - 0x00007ff98d728000 	C:\WINDOWS\System32\NSI.dll
0x00007ff984d00000 - 0x00007ff984d16000 	C:\WINDOWS\SYSTEM32\dhcpcsvc6.DLL
0x00007ff985100000 - 0x00007ff98511c000 	C:\WINDOWS\SYSTEM32\dhcpcsvc.DLL
0x00007ff98a640000 - 0x00007ff98a70a000 	C:\WINDOWS\SYSTEM32\DNSAPI.dll
0x00007ff9767c0000 - 0x00007ff9767ed000 	C:\Program Files (x86)\Sangfor\SSL\ClientComponent2\SangforNspX64.dll
0x00007ff98df80000 - 0x00007ff98e0d7000 	C:\WINDOWS\System32\ole32.dll
0x00007ff98de30000 - 0x00007ff98def4000 	C:\WINDOWS\System32\OLEAUT32.dll
0x00007ff977810000 - 0x00007ff977826000 	C:\WINDOWS\system32\napinsp.dll
0x00007ff976a20000 - 0x00007ff976a3a000 	C:\WINDOWS\system32\pnrpnsp.dll
0x00007ff977760000 - 0x00007ff97776e000 	C:\WINDOWS\System32\winrnr.dll
0x00007ff985d70000 - 0x00007ff985d8c000 	C:\WINDOWS\system32\NLAapi.dll
0x00007ff986b60000 - 0x00007ff986b75000 	C:\WINDOWS\system32\wshbth.dll
0x00007ff96e840000 - 0x00007ff96e9ba000 	C:\Program Files (x86)\Sangfor\SSL\ClientComponent2\SangforTcpX64.dll
0x00007ff98b910000 - 0x00007ff98b96c000 	C:\WINDOWS\System32\WINTRUST.dll
0x00007ff98b130000 - 0x00007ff98b142000 	C:\WINDOWS\System32\MSASN1.dll
0x00007ff98c0f0000 - 0x00007ff98c239000 	C:\WINDOWS\System32\CRYPT32.dll
0x00007ff985770000 - 0x00007ff98577a000 	C:\Windows\System32\rasadhlp.dll
0x00007ff984800000 - 0x00007ff984877000 	C:\WINDOWS\System32\fwpuclnt.dll
0x00007ff9846b0000 - 0x00007ff9846b7000 	C:\Program Files\Java\jdk-13.0.2\bin\rmi.dll

dbghelp: loaded successfully - version: 4.0.5 - missing functions: none
symbol engine: initialized successfully - sym options: 0x614 - pdb path: .;C:\Program Files\Java\jdk-13.0.2\bin;C:\WINDOWS\SYSTEM32;C:\WINDOWS\WinSxS\amd64_microsoft.windows.common-controls_6595b64144ccf1df_6.0.18362.720_none_e6beb5c51314836b;C:\Program Files\Java\jdk-13.0.2\bin\server;C:\Program Files\JetBrains\IntelliJ IDEA 2019.3.3\bin;C:\Program Files (x86)\Sangfor\SSL\ClientComponent2

VM Arguments:
jvm_args: -Xmx300m -javaagent:C:\Program Files\JetBrains\IntelliJ IDEA 2019.3.3\lib\idea_rt.jar=14521:C:\Program Files\JetBrains\IntelliJ IDEA 2019.3.3\bin -Dfile.encoding=UTF-8 
java_command: service.rmiserver.FileService
java_class_path (initial): C:\Users\deity realm\CS307_DATABASE\out\production\surface_temperature;C:\Users\deity realm\CS307_DATABASE\libs\postgresql-42.2.5.jar;C:\Users\deity realm\.m2\repository\de\ruedigermoeller\fst\2.04\fst-2.04.jar;C:\Users\deity realm\.m2\repository\com\esotericsoftware\kryo-shaded\4.0.2\kryo-shaded-4.0.2.jar;C:\Users\deity realm\.m2\repository\org\objenesis\objenesis\3.1\objenesis-3.1.jar;C:\Users\deity realm\.m2\repository\com\esotericsoftware\minlog\1.3.0\minlog-1.3.0.jar;C:\Users\deity realm\.m2\repository\junit\junit\4.12\junit-4.12.jar;C:\Users\deity realm\.m2\repository\org\hamcrest\hamcrest-core\1.3\hamcrest-core-1.3.jar
Launcher Type: SUN_STANDARD

[Global flags]
     intx CICompilerCount                          = 3                                         {product} {ergonomic}
     uint ConcGCThreads                            = 1                                         {product} {ergonomic}
     uint G1ConcRefinementThreads                  = 4                                         {product} {ergonomic}
   size_t G1HeapRegionSize                         = 1048576                                   {product} {ergonomic}
    uintx GCDrainStackTargetSize                   = 64                                        {product} {ergonomic}
   size_t InitialHeapSize                          = 132120576                                 {product} {ergonomic}
   size_t MarkStackSize                            = 4194304                                   {product} {ergonomic}
   size_t MaxHeapSize                              = 314572800                                 {product} {command line}
   size_t MaxNewSize                               = 188743680                                 {product} {ergonomic}
   size_t MinHeapDeltaBytes                        = 1048576                                   {product} {ergonomic}
   size_t MinHeapSize                              = 8388608                                   {product} {ergonomic}
    uintx NonNMethodCodeHeapSize                   = 5832780                                {pd product} {ergonomic}
    uintx NonProfiledCodeHeapSize                  = 122912730                              {pd product} {ergonomic}
    uintx ProfiledCodeHeapSize                     = 122912730                              {pd product} {ergonomic}
    uintx ReservedCodeCacheSize                    = 251658240                              {pd product} {ergonomic}
     bool SegmentedCodeCache                       = true                                      {product} {ergonomic}
   size_t SoftMaxHeapSize                          = 314572800                              {manageable} {ergonomic}
     bool UseCompressedClassPointers               = true                                 {lp64_product} {ergonomic}
     bool UseCompressedOops                        = true                                 {lp64_product} {ergonomic}
     bool UseG1GC                                  = true                                      {product} {ergonomic}
     bool UseLargePagesIndividualAllocation        = false                                  {pd product} {ergonomic}

Logging:
Log output configuration:
 #0: stdout all=warning uptime,level,tags
 #1: stderr all=off uptime,level,tags

Environment Variables:
JAVA_HOME=C:\Program Files\Java\jdk1.8.0_202
CLASSPATH=.;C:\Program Files\Java\jdk1.8.0_202\lib;C:\Program Files\Java\jdk1.8.0_202\lib\tools.jar;C:\Program Files\Java\jdk1.8.0_202\lib\dt.jar
PATH=C:\Program Files\Java\jdk-13.0.2\bin;C:\Program Files\Java\jdk-10.0.2\bin;C:\sdk-windows_x86\sdk\tools;C:\sdk-windows_x86\sdk\platform-tools;C:\sdk-windows_x86\sdk\build-tools\android-4.4W;C:\Windows\System32;C:\Program Files\Microsoft VS Code\bin;C:\wamp64\bin\mysql\mysql5.7.26\bin;C:\wamp64\bin\php\php7.3.5;C:\wamp64\bin\mariadb\mariadb10.3.14\bin;C:\wamp64\bin\apache\apache2.4.39\bin;C:\Program Files\nodejs;C:\Program Files\MATLAB\R2018a\runtime\win64;C:\Program Files\MATLAB\R2018a\bin;C:\Program Files\PostgreSQL\10\scripts;C:\Program Files\PuTTY\;C:\texlive\2019\bin\win32;C:\Program Files (x86)\mingw-w64\i686-8.1.0-posix-dwarf-rt_v6-rev0\mingw32\bin;C:\Program Files\Pandoc\;C:\Program Files\Java\jdk1.8.0_202\bin;C:\Program Files\Maven\apache-maven-3.6.3\bin;C:\cygwin64\bin;C:\Users\deity realm\AppData\Local\Programs\Python\Python38\Scripts\;C:\Users\deity realm\AppData\Local\Programs\Python\Python38\;C:\Users\deity realm\AppData\Local\Microsoft\WindowsApps;C:\Users\deity realm\AppData\Roaming\npm;C:\Users\deity realm\AppData\Local\GitHubDesktop\bin;C:\Users\deity realm\AppData\Local\Microsoft\WindowsApps;C:\Program Files\JetBrains\IntelliJ IDEA 2019.3.3\bin;;C:\texlive\2019\bin\win32;C:\ProgramData\Microsoft\Windows\Start Menu\Programs\PuTTY (64-bit);
USERNAME=Star Sky
OS=Windows_NT
PROCESSOR_IDENTIFIER=Intel64 Family 6 Model 142 Stepping 9, GenuineIntel



---------------  S Y S T E M  ---------------

OS: Windows 10 , 64 bit Build 18362 (10.0.18362.329)

CPU:total 4 (initial active 4) (2 cores per cpu, 2 threads per core) family 6 model 142 stepping 9, cmov, cx8, fxsr, mmx, sse, sse2, sse3, ssse3, sse4.1, sse4.2, popcnt, avx, avx2, aes, clmul, erms, 3dnowpref, lzcnt, ht, tsc, tscinvbit, bmi1, bmi2, adx, fma

Memory: 4k page, system-wide physical 8001M (1711M free)
TotalPageFile size 22452M (AvailPageFile size 10129M)
current process WorkingSet (physical memory assigned to process): 183M, peak: 184M
current process commit charge ("private bytes"): 257M, peak: 258M

vm_info: Java HotSpot(TM) 64-Bit Server VM (13.0.2+8) for windows-amd64 JRE (13.0.2+8), built on Dec 11 2019 09:20:33 by "mach5one" with unknown MS VC++:1916

END.
